============================================================
   Tang Dynasty, V5.6.71036
      Copyright (c) 2012-2023 Anlogic Inc.
   Executable = E:/TD/bin/td.exe
   Built at =   20:34:38 Mar 21 2023
   Run by =     ASUS
   Run Date =   Tue Sep  5 21:53:42 2023

   Run on =     DESKTOP-BICF4SF
============================================================
RUN-1002 : start command "open_project CortexM0_SOC.prj"
RUN-1001 : Print Global Property
RUN-1001 : ---------------------------------------------------------------
RUN-1001 :        Parameters        |  Settings  |  Default Values  |  Note  
RUN-1001 : ---------------------------------------------------------------
RUN-1001 :          message         |  standard  |     standard     |        
RUN-1001 :   mixed_pack_place_flow  |     on     |        on        |        
RUN-1001 :        qor_monitor       |    off     |       off        |        
RUN-1001 :        syn_ip_flow       |    off     |       off        |        
RUN-1001 :          thread          |    auto    |       auto       |        
RUN-1001 : ---------------------------------------------------------------
RUN-1001 : Print Design Property
RUN-1001 : --------------------------------------------------------------
RUN-1001 :        Parameters       |  Settings  |  Default Values  |  Note  
RUN-1001 : --------------------------------------------------------------
RUN-1001 :   default_reg_initial   |    auto    |       auto       |        
RUN-1001 :        infer_add        |     on     |        on        |        
RUN-1001 :        infer_fsm        |    off     |       off        |        
RUN-1001 :        infer_mult       |     on     |        on        |        
RUN-1001 :        infer_ram        |     on     |        on        |        
RUN-1001 :        infer_reg        |     on     |        on        |        
RUN-1001 :   infer_reg_init_value  |     on     |        on        |        
RUN-1001 :        infer_rom        |     on     |        on        |        
RUN-1001 :      infer_shifter      |     on     |        on        |        
RUN-1001 : --------------------------------------------------------------
RUN-1001 : Print Rtl Property
RUN-1001 : --------------------------------------------------------------
RUN-1001 :        Parameters       |  Settings  |  Default Values  |  Note  
RUN-1001 : --------------------------------------------------------------
RUN-1001 :       compress_add      |   ripple   |      ripple      |        
RUN-1001 :        elf_sload        |    off     |       off        |        
RUN-1001 :       fix_undriven      |     0      |        0         |        
RUN-1001 :         flatten         |    off     |       off        |        
RUN-1001 :       gate_sharing      |     on     |        on        |        
RUN-1001 :    hdl_warning_level    |   normal   |      normal      |        
RUN-1001 :   impl_internal_tribuf  |     on     |        on        |        
RUN-1001 :      impl_set_reset     |     on     |        on        |        
RUN-1001 :        infer_gsr        |    off     |       off        |        
RUN-1001 :      keep_hierarchy     |    auto    |       auto       |        
RUN-1001 :        max_fanout       |    9999    |       9999       |        
RUN-1001 :      max_oh2bin_len     |     10     |        10        |        
RUN-1001 :       merge_equal       |     on     |        on        |        
RUN-1001 :       merge_equiv       |     on     |        on        |        
RUN-1001 :        merge_mux        |    off     |       off        |        
RUN-1001 :     min_control_set     |     8      |        8         |        
RUN-1001 :      min_ripple_len     |    auto    |       auto       |        
RUN-1001 :       oh2bin_ratio      |    0.08    |       0.08       |        
RUN-1001 :     opt_adder_fanout    |     on     |        on        |        
RUN-1001 :        opt_arith        |     on     |        on        |        
RUN-1001 :       opt_big_gate      |    off     |       off        |        
RUN-1001 :        opt_const        |     on     |        on        |        
RUN-1001 :      opt_const_mult     |     on     |        on        |        
RUN-1001 :       opt_lessthan      |     on     |        on        |        
RUN-1001 :         opt_mux         |    off     |       off        |        
RUN-1001 :         opt_ram         |    high    |       high       |        
RUN-1001 :      rtl_sim_model      |    off     |       off        |        
RUN-1001 :         seq_syn         |     on     |        on        |        
RUN-1001 : --------------------------------------------------------------
HDL-1007 : analyze verilog file ../../../rtl/AHBlite_Block_RAM.v
HDL-1007 : analyze verilog file ../../../rtl/AHBlite_Decoder.v
HDL-1007 : analyze verilog file ../../../rtl/AHBlite_Interconnect.v
HDL-1007 : analyze verilog file ../../../rtl/AHBlite_LED.v
HDL-5007 WARNING: identifier 'mode1' is used before its declaration in ../../../rtl/AHBlite_LED.v(38)
HDL-5007 WARNING: identifier 'mode2' is used before its declaration in ../../../rtl/AHBlite_LED.v(38)
HDL-5007 WARNING: identifier 'mode3' is used before its declaration in ../../../rtl/AHBlite_LED.v(38)
HDL-1007 : analyze verilog file ../../../rtl/AHBlite_Matrix_Key.v
HDL-1007 : analyze verilog file ../../../rtl/AHBlite_SlaveMUX.v
HDL-1007 : analyze verilog file ../../../rtl/Block_RAM.v
HDL-5007 WARNING: converting concatenation to assignment pattern in ../../../rtl/Block_RAM.v(12)
HDL-1007 : analyze verilog file ../../../rtl/CortexM0_SoC.v
HDL-1007 : analyze included file F:/jichuangsai/final/td/rtl/global_def.v in ../../../rtl/CortexM0_SoC.v(1)
HDL-1007 : back to file '../../../rtl/CortexM0_SoC.v' in ../../../rtl/CortexM0_SoC.v(1)
HDL-1007 : undeclared symbol 'clk', assumed default net type 'wire' in ../../../rtl/CortexM0_SoC.v(70)
HDL-1007 : undeclared symbol 'row_beep', assumed default net type 'wire' in ../../../rtl/CortexM0_SoC.v(73)
HDL-1007 : undeclared symbol 'data', assumed default net type 'wire' in ../../../rtl/CortexM0_SoC.v(96)
HDL-7007 CRITICAL-WARNING: 'data' is already implicitly declared on line 96 in ../../../rtl/CortexM0_SoC.v(136)
HDL-7007 CRITICAL-WARNING: 'clk' is already implicitly declared on line 70 in ../../../rtl/CortexM0_SoC.v(216)
HDL-1007 : undeclared symbol 'interrupt_UART1', assumed default net type 'wire' in ../../../rtl/CortexM0_SoC.v(965)
HDL-1007 : analyze verilog file ../../../rtl/cortexm0ds_logic.v
HDL-1007 : analyze verilog file ../../../rtl/AHBlite_QN8027_IIC.v
HDL-1007 : analyze verilog file ../../../rtl/AHBlite_UART.v
HDL-1007 : analyze verilog file ../../../rtl/clkuart_pwm.v
HDL-1007 : analyze verilog file ../../../rtl/UART_RX.v
HDL-1007 : analyze verilog file ../../../rtl/UART_TX.v
HDL-1007 : analyze verilog file ../../../rtl/FIFO.v
HDL-1007 : analyze verilog file ../../../rtl/GPIO_IO.v
HDL-1007 : analyze verilog file ../../../rtl/AHBlite_SPI.v
HDL-1007 : analyze verilog file ../../AHBlite_PAJ_IIC.v
HDL-1007 : analyze verilog file ../../../rtl/out/AND.v
HDL-1007 : analyze verilog file ../../../rtl/out/BlockROM1.v
HDL-1007 : analyze verilog file ../../../rtl/out/BlockROM2.v
HDL-1007 : analyze verilog file ../../../rtl/out/BlockROM3.v
HDL-1007 : analyze verilog file ../../../rtl/out/addr_cnt.v
HDL-1007 : analyze verilog file ../../../rtl/out/beat_cnt.v
HDL-1007 : analyze verilog file ../../../rtl/out/beat_decoder.v
HDL-1007 : analyze verilog file ../../../rtl/out/bzmusic_ctrl.v
HDL-1007 : analyze verilog file ../../../rtl/out/tune_decoder.v
HDL-1007 : analyze verilog file ../../../rtl/out/tune_pwm.v
HDL-1007 : analyze verilog file ../../key_16.v
HDL-1007 : analyze verilog file ../../../lcd/AHBlite_LCD.v
HDL-1007 : analyze verilog file ../../../lcd/AddrIni.v
HDL-1007 : analyze verilog file ../../../lcd/BlockROM16.v
HDL-1007 : analyze verilog file ../../../lcd/BlockROM9.v
HDL-1007 : analyze verilog file ../../../lcd/LCD_INI.v
HDL-1007 : analyze verilog file ../../../lcd/WriteCtrl.v
HDL-1007 : analyze verilog file ../../AHBlite_GPIO.v
HDL-1007 : analyze verilog file ../../../rtl/Keyboard.v
HDL-1007 : analyze verilog file ../../../rtl/PLL.v
HDL-1007 : undeclared symbol 'open', assumed default net type 'wire' in ../../../rtl/PLL.v(96)
RUN-1001 : Project manager successfully analyzed 38 source files.
RUN-1002 : start command "import_device eagle_s20.db -package EG4S20BG256"
ARC-1001 : Device Initialization.
ARC-1001 : ------------------------------------------------------------------
ARC-1001 :            OPTION            |          IO          |   SETTING   
ARC-1001 : ------------------------------------------------------------------
ARC-1001 :   cso_b/cclk/mosi/miso/dout  |  T3/R11/T10/P10/S11  |    gpio    
ARC-1001 :             done             |         P13          |    gpio    
ARC-1001 :           program_b          |          T2          |  dedicate  
ARC-1001 :        tdi/tms/tck/tdo       |   C12/A15/C14/E14    |  dedicate  
ARC-1001 : ------------------------------------------------------------------
ARC-1004 : Device setting, marked 5 dedicate IOs in total.
RUN-1002 : start command "elaborate -top CortexM0_SoC"
RUN-1001 : Print Design Property
RUN-1001 : --------------------------------------------------------------
RUN-1001 :        Parameters       |  Settings  |  Default Values  |  Note  
RUN-1001 : --------------------------------------------------------------
RUN-1001 :   default_reg_initial   |    auto    |       auto       |        
RUN-1001 :        infer_add        |     on     |        on        |        
RUN-1001 :        infer_fsm        |    off     |       off        |        
RUN-1001 :        infer_mult       |     on     |        on        |        
RUN-1001 :        infer_ram        |     on     |        on        |        
RUN-1001 :        infer_reg        |     on     |        on        |        
RUN-1001 :   infer_reg_init_value  |     on     |        on        |        
RUN-1001 :        infer_rom        |     on     |        on        |        
RUN-1001 :      infer_shifter      |     on     |        on        |        
RUN-1001 : --------------------------------------------------------------
RUN-1001 : Print Rtl Property
RUN-1001 : --------------------------------------------------------------
RUN-1001 :        Parameters       |  Settings  |  Default Values  |  Note  
RUN-1001 : --------------------------------------------------------------
RUN-1001 :       compress_add      |   ripple   |      ripple      |        
RUN-1001 :        elf_sload        |    off     |       off        |        
RUN-1001 :       fix_undriven      |     0      |        0         |        
RUN-1001 :         flatten         |    off     |       off        |        
RUN-1001 :       gate_sharing      |     on     |        on        |        
RUN-1001 :    hdl_warning_level    |   normal   |      normal      |        
RUN-1001 :   impl_internal_tribuf  |     on     |        on        |        
RUN-1001 :      impl_set_reset     |     on     |        on        |        
RUN-1001 :        infer_gsr        |    off     |       off        |        
RUN-1001 :      keep_hierarchy     |    auto    |       auto       |        
RUN-1001 :        max_fanout       |    9999    |       9999       |        
RUN-1001 :      max_oh2bin_len     |     10     |        10        |        
RUN-1001 :       merge_equal       |     on     |        on        |        
RUN-1001 :       merge_equiv       |     on     |        on        |        
RUN-1001 :        merge_mux        |    off     |       off        |        
RUN-1001 :     min_control_set     |     8      |        8         |        
RUN-1001 :      min_ripple_len     |    auto    |       auto       |        
RUN-1001 :       oh2bin_ratio      |    0.08    |       0.08       |        
RUN-1001 :     opt_adder_fanout    |     on     |        on        |        
RUN-1001 :        opt_arith        |     on     |        on        |        
RUN-1001 :       opt_big_gate      |    off     |       off        |        
RUN-1001 :        opt_const        |     on     |        on        |        
RUN-1001 :      opt_const_mult     |     on     |        on        |        
RUN-1001 :       opt_lessthan      |     on     |        on        |        
RUN-1001 :         opt_mux         |    off     |       off        |        
RUN-1001 :         opt_ram         |    high    |       high       |        
RUN-1001 :      rtl_sim_model      |    off     |       off        |        
RUN-1001 :         seq_syn         |     on     |        on        |        
RUN-1001 : --------------------------------------------------------------
RUN-1001 : Print Global Property
RUN-1001 : ---------------------------------------------------------------
RUN-1001 :        Parameters        |  Settings  |  Default Values  |  Note  
RUN-1001 : ---------------------------------------------------------------
RUN-1001 :          message         |  standard  |     standard     |        
RUN-1001 :   mixed_pack_place_flow  |     on     |        on        |        
RUN-1001 :        qor_monitor       |    off     |       off        |        
RUN-1001 :        syn_ip_flow       |    off     |       off        |        
RUN-1001 :          thread          |    auto    |       auto       |        
RUN-1001 : ---------------------------------------------------------------
RUN-1001 : Print Design Property
RUN-1001 : --------------------------------------------------------------
RUN-1001 :        Parameters       |  Settings  |  Default Values  |  Note  
RUN-1001 : --------------------------------------------------------------
RUN-1001 :   default_reg_initial   |    auto    |       auto       |        
RUN-1001 :        infer_add        |     on     |        on        |        
RUN-1001 :        infer_fsm        |    off     |       off        |        
RUN-1001 :        infer_mult       |     on     |        on        |        
RUN-1001 :        infer_ram        |     on     |        on        |        
RUN-1001 :        infer_reg        |     on     |        on        |        
RUN-1001 :   infer_reg_init_value  |     on     |        on        |        
RUN-1001 :        infer_rom        |     on     |        on        |        
RUN-1001 :      infer_shifter      |     on     |        on        |        
RUN-1001 : --------------------------------------------------------------
HDL-1007 : port 'CODENSEQ' remains unconnected for this instance in ../../../rtl/CortexM0_SoC.v(276)
HDL-1007 : port 'CODEHINTDE' remains unconnected for this instance in ../../../rtl/CortexM0_SoC.v(276)
HDL-1007 : port 'SPECHTRANS' remains unconnected for this instance in ../../../rtl/CortexM0_SoC.v(276)
HDL-1007 : port 'TDO' remains unconnected for this instance in ../../../rtl/CortexM0_SoC.v(276)
HDL-1007 : port 'nTDOEN' remains unconnected for this instance in ../../../rtl/CortexM0_SoC.v(276)
HDL-1007 : port 'DBGRESTARTED' remains unconnected for this instance in ../../../rtl/CortexM0_SoC.v(276)
HDL-1007 : port 'HALTED' remains unconnected for this instance in ../../../rtl/CortexM0_SoC.v(276)
HDL-1007 : port 'TXEV' remains unconnected for this instance in ../../../rtl/CortexM0_SoC.v(276)
HDL-1007 : port 'LOCKUP' remains unconnected for this instance in ../../../rtl/CortexM0_SoC.v(276)
HDL-1007 : port 'GATEHCLK' remains unconnected for this instance in ../../../rtl/CortexM0_SoC.v(276)
HDL-1007 : port 'SLEEPING' remains unconnected for this instance in ../../../rtl/CortexM0_SoC.v(276)
HDL-1007 : port 'SLEEPDEEP' remains unconnected for this instance in ../../../rtl/CortexM0_SoC.v(276)
HDL-1007 : port 'WAKEUP' remains unconnected for this instance in ../../../rtl/CortexM0_SoC.v(276)
HDL-1007 : port 'WICSENSE' remains unconnected for this instance in ../../../rtl/CortexM0_SoC.v(276)
HDL-1007 : port 'SLEEPHOLDACKn' remains unconnected for this instance in ../../../rtl/CortexM0_SoC.v(276)
HDL-1007 : port 'WICENACK' remains unconnected for this instance in ../../../rtl/CortexM0_SoC.v(276)
HDL-1007 : port 'vis_r0_o' remains unconnected for this instance in ../../../rtl/CortexM0_SoC.v(276)
HDL-1007 : port 'vis_r1_o' remains unconnected for this instance in ../../../rtl/CortexM0_SoC.v(276)
HDL-1007 : port 'vis_r2_o' remains unconnected for this instance in ../../../rtl/CortexM0_SoC.v(276)
HDL-1007 : port 'vis_r3_o' remains unconnected for this instance in ../../../rtl/CortexM0_SoC.v(276)
HDL-1007 : port 'vis_r4_o' remains unconnected for this instance in ../../../rtl/CortexM0_SoC.v(276)
HDL-1007 : port 'vis_r5_o' remains unconnected for this instance in ../../../rtl/CortexM0_SoC.v(276)
HDL-1007 : port 'vis_r6_o' remains unconnected for this instance in ../../../rtl/CortexM0_SoC.v(276)
HDL-1007 : port 'vis_r7_o' remains unconnected for this instance in ../../../rtl/CortexM0_SoC.v(276)
HDL-1007 : port 'vis_r8_o' remains unconnected for this instance in ../../../rtl/CortexM0_SoC.v(276)
HDL-1007 : port 'vis_r9_o' remains unconnected for this instance in ../../../rtl/CortexM0_SoC.v(276)
HDL-1007 : port 'vis_r10_o' remains unconnected for this instance in ../../../rtl/CortexM0_SoC.v(276)
HDL-1007 : port 'vis_r11_o' remains unconnected for this instance in ../../../rtl/CortexM0_SoC.v(276)
HDL-1007 : port 'vis_r12_o' remains unconnected for this instance in ../../../rtl/CortexM0_SoC.v(276)
HDL-1007 : port 'vis_r14_o' remains unconnected for this instance in ../../../rtl/CortexM0_SoC.v(276)
HDL-1007 : port 'vis_msp_o' remains unconnected for this instance in ../../../rtl/CortexM0_SoC.v(276)
HDL-1007 : port 'vis_psp_o' remains unconnected for this instance in ../../../rtl/CortexM0_SoC.v(276)
HDL-1007 : port 'vis_pc_o' remains unconnected for this instance in ../../../rtl/CortexM0_SoC.v(276)
HDL-1007 : port 'vis_apsr_o' remains unconnected for this instance in ../../../rtl/CortexM0_SoC.v(276)
HDL-1007 : port 'vis_tbit_o' remains unconnected for this instance in ../../../rtl/CortexM0_SoC.v(276)
HDL-1007 : port 'vis_ipsr_o' remains unconnected for this instance in ../../../rtl/CortexM0_SoC.v(276)
HDL-1007 : port 'vis_control_o' remains unconnected for this instance in ../../../rtl/CortexM0_SoC.v(276)
HDL-1007 : port 'vis_primask_o' remains unconnected for this instance in ../../../rtl/CortexM0_SoC.v(276)
HDL-1007 : port 'HRDATA' remains unconnected for this instance in ../../../rtl/CortexM0_SoC.v(1020)
HDL-1007 : port 'HRESP' remains unconnected for this instance in ../../../rtl/CortexM0_SoC.v(1020)
HDL-1007 : elaborate module CortexM0_SoC in ../../../rtl/CortexM0_SoC.v(2)
HDL-1007 : elaborate module key_16 in ../../key_16.v(23)
HDL-5007 WARNING: actual bit length 1 differs from formal bit length 4 for port 'row_beep' in ../../../rtl/CortexM0_SoC.v(73)
HDL-1007 : elaborate module bzmusic_ctrl in ../../../rtl/out/bzmusic_ctrl.v(1)
HDL-1007 : elaborate module addr_cnt in ../../../rtl/out/addr_cnt.v(2)
HDL-1007 : elaborate module BlockROM1(ADDR_WIDTH=8) in ../../../rtl/out/BlockROM1.v(1)
HDL-1007 : extracting RAM for identifier 'mem' in ../../../rtl/out/BlockROM1.v(10)
HDL-5007 WARNING: net 'mem' does not have a driver in ../../../rtl/out/BlockROM1.v(10)
HDL-5007 WARNING: actual bit length 9 differs from formal bit length 8 for port 'addr_i' in ../../../rtl/CortexM0_SoC.v(109)
HDL-1007 : elaborate module BlockROM2(ADDR_WIDTH=8) in ../../../rtl/out/BlockROM2.v(1)
HDL-1007 : extracting RAM for identifier 'mem' in ../../../rtl/out/BlockROM2.v(10)
HDL-5007 WARNING: net 'mem' does not have a driver in ../../../rtl/out/BlockROM2.v(10)
HDL-5007 WARNING: actual bit length 9 differs from formal bit length 8 for port 'addr_i' in ../../../rtl/CortexM0_SoC.v(120)
HDL-1007 : elaborate module BlockROM3(ADDR_WIDTH=8) in ../../../rtl/out/BlockROM3.v(1)
HDL-1007 : extracting RAM for identifier 'mem' in ../../../rtl/out/BlockROM3.v(10)
HDL-5007 WARNING: net 'mem' does not have a driver in ../../../rtl/out/BlockROM3.v(10)
HDL-5007 WARNING: actual bit length 9 differs from formal bit length 8 for port 'addr_i' in ../../../rtl/CortexM0_SoC.v(131)
HDL-1007 : elaborate module AND in ../../../rtl/out/AND.v(23)
HDL-1007 : elaborate module tune_decoder in ../../../rtl/out/tune_decoder.v(1)
HDL-1007 : elaborate module tune_pwm in ../../../rtl/out/tune_pwm.v(1)
HDL-1007 : elaborate module beat_decoder in ../../../rtl/out/beat_decoder.v(1)
HDL-1007 : elaborate module beat_cnt in ../../../rtl/out/beat_cnt.v(1)
HDL-1007 : elaborate module Keyboard in ../../../rtl/Keyboard.v(1)
HDL-1007 : elaborate module PLL in ../../../rtl/PLL.v(26)
HDL-1007 : elaborate module EG_LOGIC_BUFG in E:/TD/arch/eagle_macro.v(8)
HDL-1007 : elaborate module EG_PHY_PLL(FIN="50.000",FBCLK_DIV=4,CLKC0_DIV=6,CLKC1_DIV=50,CLKC2_DIV=75,CLKC3_DIV=50,CLKC4_DIV=48,CLKC0_ENABLE="ENABLE",CLKC1_ENABLE="ENABLE",CLKC2_ENABLE="ENABLE",CLKC3_ENABLE="ENABLE",CLKC4_ENABLE="ENABLE",FEEDBK_PATH="CLKC0_EXT",CLKC0_CPHASE=5,CLKC1_CPHASE=49,CLKC2_CPHASE=74,CLKC3_CPHASE=49,CLKC4_CPHASE=47,GMC_GAIN=4,ICP_CURRENT=13,KVCO=4,LPF_CAPACITOR=1,LPF_RESISTOR=4,SYNC_ENABLE="DISABLE") in E:/TD/arch/eagle_macro.v(930)
HDL-1007 : elaborate module cortexm0ds_logic in ../../../rtl/cortexm0ds_logic.v(27)
HDL-1007 : elaborate module AHBlite_Interconnect in ../../../rtl/AHBlite_Interconnect.v(1)
HDL-1007 : elaborate module AHBlite_Decoder in ../../../rtl/AHBlite_Decoder.v(1)
HDL-1007 : elaborate module AHBlite_SlaveMUX in ../../../rtl/AHBlite_SlaveMUX.v(1)
HDL-1007 : elaborate module AHBlite_Block_RAM in ../../../rtl/AHBlite_Block_RAM.v(1)
HDL-5007 WARNING: actual bit length 1 differs from formal bit length 2 for port 'HRESP' in ../../../rtl/CortexM0_SoC.v(733)
HDL-1007 : elaborate module AHBlite_LED in ../../../rtl/AHBlite_LED.v(1)
HDL-5007 WARNING: actual bit length 1 differs from formal bit length 2 for port 'HRESP' in ../../../rtl/CortexM0_SoC.v(790)
HDL-1007 : elaborate module AHBlite_UART in ../../../rtl/AHBlite_UART.v(1)
HDL-1007 : elaborate module AHBlite_Matrix_Key in ../../../rtl/AHBlite_Matrix_Key.v(1)
HDL-1007 : elaborate module AHBlite_QN8027_IIC in ../../../rtl/AHBlite_QN8027_IIC.v(1)
HDL-1007 : elaborate module AHBlite_PAJ_IIC in ../../AHBlite_PAJ_IIC.v(1)
HDL-1007 : elaborate module AHBlite_SPI in ../../../rtl/AHBlite_SPI.v(1)
HDL-1007 : elaborate module AHBlite_GPIO in ../../AHBlite_GPIO.v(1)
HDL-1007 : elaborate module AHBlite_GPIO_READ in ../../../rtl/GPIO_IO.v(1)
HDL-1007 : elaborate module clkuart_pwm in ../../../rtl/clkuart_pwm.v(2)
HDL-1007 : elaborate module UART_RX in ../../../rtl/UART_RX.v(1)
HDL-1007 : elaborate module UART_TX in ../../../rtl/UART_TX.v(1)
HDL-1007 : elaborate module FIFO in ../../../rtl/FIFO.v(3)
HDL-1007 : extracting RAM for identifier 'mem' in ../../../rtl/FIFO.v(17)
HDL-1007 : elaborate module Block_RAM in ../../../rtl/Block_RAM.v(1)
HDL-1007 : extracting RAM for identifier 'mem' in ../../../rtl/Block_RAM.v(12)
HDL-1007 : elaborate module AHBlite_LCD in ../../../lcd/AHBlite_LCD.v(1)
HDL-5007 WARNING: using initial value of 'led_test_reg' since it is never assigned in ../../../lcd/AHBlite_LCD.v(36)
HDL-1007 : elaborate module LCD_INI in ../../../lcd/LCD_INI.v(1)
HDL-1007 : elaborate module WriteCtrl in ../../../lcd/WriteCtrl.v(1)
HDL-1007 : elaborate module AddrIni in ../../../lcd/AddrIni.v(1)
HDL-1007 : elaborate module BlockROM16 in ../../../lcd/BlockROM16.v(1)
HDL-1007 : extracting RAM for identifier 'mem' in ../../../lcd/BlockROM16.v(10)
HDL-5007 WARNING: net 'mem' does not have a driver in ../../../lcd/BlockROM16.v(10)
HDL-1007 : elaborate module BlockROM9 in ../../../lcd/BlockROM9.v(1)
HDL-1007 : extracting RAM for identifier 'mem' in ../../../lcd/BlockROM9.v(10)
HDL-7007 CRITICAL-WARNING: entry size 4 at F:/jichuangsai/week_yizhi/lcd/sign.txt:0 does not match memory width 1 in ../../../lcd/BlockROM9.v(13)
HDL-5007 WARNING: net 'mem' does not have a driver in ../../../lcd/BlockROM9.v(10)
HDL-5007 WARNING: net 'HREADYOUT_P6' does not have a driver in ../../../rtl/CortexM0_SoC.v(437)
HDL-5007 WARNING: net 'HRDATA_P6[31]' does not have a driver in ../../../rtl/CortexM0_SoC.v(438)
HDL-5007 WARNING: net 'HRESP_P6' does not have a driver in ../../../rtl/CortexM0_SoC.v(439)
HDL-5007 WARNING: net 'HRDATA_P10[31]' does not have a driver in ../../../rtl/CortexM0_SoC.v(495)
HDL-5007 WARNING: net 'HRESP_P10' does not have a driver in ../../../rtl/CortexM0_SoC.v(496)
HDL-1200 : Current top model is CortexM0_SoC
HDL-5105 WARNING: Improper initial value, net "sel[2]" initial value we do not reserve in ../../../rtl/out/AND.v(30) 
HDL-5105 WARNING: Improper initial value, net "sel[1]" initial value we do not reserve in ../../../rtl/out/AND.v(30) 
HDL-5105 WARNING: Improper initial value, net "sel[0]" initial value we do not reserve in ../../../rtl/out/AND.v(30) 
HDL-5105 WARNING: Improper initial value, net "next_state[3]" initial value we do not reserve in ../../../rtl/out/bzmusic_ctrl.v(15) 
HDL-5105 WARNING: Improper initial value, net "next_state[2]" initial value we do not reserve in ../../../rtl/out/bzmusic_ctrl.v(15) 
HDL-5105 WARNING: Improper initial value, net "next_state[1]" initial value we do not reserve in ../../../rtl/out/bzmusic_ctrl.v(15) 
HDL-5105 WARNING: Improper initial value, net "next_state[0]" initial value we do not reserve in ../../../rtl/out/bzmusic_ctrl.v(15) 
HDL-1100 : Inferred 7 RAMs.
RUN-1003 : finish command "elaborate -top CortexM0_SoC" in  2.346359s wall, 2.140625s user + 0.171875s system = 2.312500s CPU (98.6%)

RUN-1004 : used memory is 191 MB, reserved memory is 166 MB, peak memory is 336 MB
RUN-1002 : start command "export_db CortexM0_SOC_elaborate.db"
RUN-1001 : Exported /
RUN-1001 : Exported flow parameters
RUN-1001 : Exported libs
RUN-1001 : Exported entities
RUN-1001 : Exported ports
RUN-1001 : Exported pins
RUN-1001 : Exported instances
RUN-1001 : Exported nets
RUN-1001 : Exported buses
RUN-1001 : Exported models
RUN-1001 : Exported congestions
RUN-1001 : Exported violations
RUN-1001 : Exported IO constraints
RUN-1001 : Exported Inst constraints
RUN-1003 : finish command "export_db CortexM0_SOC_elaborate.db" in  1.022267s wall, 1.515625s user + 0.031250s system = 1.546875s CPU (151.3%)

RUN-1004 : used memory is 194 MB, reserved memory is 170 MB, peak memory is 336 MB
RUN-1002 : start command "read_adc ../../../M0.adc"
RUN-1002 : start command "set_pin_assignment  Col[0]   LOCATION = E11; IOSTANDARD = LVCMOS33; "
RUN-1002 : start command "set_pin_assignment  Col[1]   LOCATION = D11; IOSTANDARD = LVCMOS33; "
RUN-1002 : start command "set_pin_assignment  Col[2]   LOCATION = C11; IOSTANDARD = LVCMOS33; "
RUN-1002 : start command "set_pin_assignment  Col[3]   LOCATION = F10; IOSTANDARD = LVCMOS33; "
RUN-1002 : start command "set_pin_assignment  IO[0]   LOCATION = D16; IOSTANDARD = LVCMOS33; "
RUN-1002 : start command "set_pin_assignment  IO[1]   LOCATION = F15; IOSTANDARD = LVCMOS33; "
RUN-1002 : start command "set_pin_assignment  IO[2]   LOCATION = B16; IOSTANDARD = LVCMOS33; "
RUN-1002 : start command "set_pin_assignment  IO[3]   LOCATION = C15; IOSTANDARD = LVCMOS33; "
RUN-1002 : start command "set_pin_assignment  IO[4]   LOCATION = C16; IOSTANDARD = LVCMOS33; "
RUN-1002 : start command "set_pin_assignment  IO[5]   LOCATION = E13; IOSTANDARD = LVCMOS33; "
RUN-1002 : start command "set_pin_assignment  IO[6]   LOCATION = E16; IOSTANDARD = LVCMOS33; "
RUN-1002 : start command "set_pin_assignment  IO[7]   LOCATION = F16; IOSTANDARD = LVCMOS33; "
RUN-1002 : start command "set_pin_assignment  IO_READ[2]   LOCATION = T15; IOSTANDARD = LVCMOS33; "
RUN-1002 : start command "set_pin_assignment  LCD_BL_CTR   LOCATION = M11; IOSTANDARD = LVCMOS33; "
RUN-1002 : start command "set_pin_assignment  LCD_CS   LOCATION = K12; IOSTANDARD = LVCMOS33; "
RUN-1002 : start command "set_pin_assignment  LCD_DATA[0]   LOCATION = J11; IOSTANDARD = LVCMOS33; "
RUN-1002 : start command "set_pin_assignment  LCD_DATA[10]   LOCATION = K11; IOSTANDARD = LVCMOS33; "
RUN-1002 : start command "set_pin_assignment  LCD_DATA[11]   LOCATION = P16; IOSTANDARD = LVCMOS33; "
RUN-1002 : start command "set_pin_assignment  LCD_DATA[12]   LOCATION = M13; IOSTANDARD = LVCMOS33; "
RUN-1002 : start command "set_pin_assignment  LCD_DATA[13]   LOCATION = P15; IOSTANDARD = LVCMOS33; "
RUN-1002 : start command "set_pin_assignment  LCD_DATA[14]   LOCATION = M15; IOSTANDARD = LVCMOS33; "
RUN-1002 : start command "set_pin_assignment  LCD_DATA[15]   LOCATION = L12; IOSTANDARD = LVCMOS33; "
RUN-1002 : start command "set_pin_assignment  LCD_DATA[1]   LOCATION = P14; IOSTANDARD = LVCMOS33; "
RUN-1002 : start command "set_pin_assignment  LCD_DATA[2]   LOCATION = K15; IOSTANDARD = LVCMOS33; "
RUN-1002 : start command "set_pin_assignment  LCD_DATA[3]   LOCATION = L16; IOSTANDARD = LVCMOS33; "
RUN-1002 : start command "set_pin_assignment  LCD_DATA[4]   LOCATION = J14; IOSTANDARD = LVCMOS33; "
RUN-1002 : start command "set_pin_assignment  LCD_DATA[5]   LOCATION = M16; IOSTANDARD = LVCMOS33; "
RUN-1002 : start command "set_pin_assignment  LCD_DATA[6]   LOCATION = K14; IOSTANDARD = LVCMOS33; "
RUN-1002 : start command "set_pin_assignment  LCD_DATA[7]   LOCATION = N16; IOSTANDARD = LVCMOS33; "
RUN-1002 : start command "set_pin_assignment  LCD_DATA[8]   LOCATION = L14; IOSTANDARD = LVCMOS33; "
RUN-1002 : start command "set_pin_assignment  LCD_DATA[9]   LOCATION = N14; IOSTANDARD = LVCMOS33; "
RUN-1002 : start command "set_pin_assignment  LCD_RD   LOCATION = H15; IOSTANDARD = LVCMOS33; "
RUN-1002 : start command "set_pin_assignment  LCD_RS   LOCATION = H13; IOSTANDARD = LVCMOS33; "
RUN-1002 : start command "set_pin_assignment  LCD_RST   LOCATION = M14; IOSTANDARD = LVCMOS33; "
RUN-1002 : start command "set_pin_assignment  LCD_WR   LOCATION = L13; IOSTANDARD = LVCMOS33; "
RUN-1002 : start command "set_pin_assignment  PAJ_IIC_SCL   LOCATION = D3; IOSTANDARD = LVCMOS33; "
RUN-1002 : start command "set_pin_assignment  PAJ_IIC_SDA   LOCATION = C2; IOSTANDARD = LVCMOS33; "
RUN-1002 : start command "set_pin_assignment  QN_IIC_SCL   LOCATION = P7; IOSTANDARD = LVCMOS33; "
RUN-1002 : start command "set_pin_assignment  QN_IIC_SDA   LOCATION = L8; IOSTANDARD = LVCMOS33; "
RUN-1002 : start command "set_pin_assignment  RSTn   LOCATION = A9; IOSTANDARD = LVCMOS33; "
RUN-1002 : start command "set_pin_assignment  RXD_1   LOCATION = F12; IOSTANDARD = LVCMOS33; "
RUN-1002 : start command "set_pin_assignment  Row[0]   LOCATION = E10; IOSTANDARD = LVCMOS33; "
RUN-1002 : start command "set_pin_assignment  Row[1]   LOCATION = C10; IOSTANDARD = LVCMOS33; "
RUN-1002 : start command "set_pin_assignment  Row[2]   LOCATION = F9; IOSTANDARD = LVCMOS33; "
RUN-1002 : start command "set_pin_assignment  Row_beep[0]   LOCATION = D9; IOSTANDARD = LVCMOS33; "
RUN-1002 : start command "set_pin_assignment  SPI_CLK   LOCATION = D14; IOSTANDARD = LVCMOS33; "
RUN-1002 : start command "set_pin_assignment  SPI_CS   LOCATION = E15; IOSTANDARD = LVCMOS33; "
RUN-1002 : start command "set_pin_assignment  SPI_IRQ   LOCATION = H14; IOSTANDARD = LVCMOS33; "
RUN-1002 : start command "set_pin_assignment  SPI_MISO   LOCATION = G14; IOSTANDARD = LVCMOS33; "
RUN-1002 : start command "set_pin_assignment  SPI_MOSI   LOCATION = F14; IOSTANDARD = LVCMOS33; "
RUN-1002 : start command "set_pin_assignment  SWCLK   LOCATION = R2; IOSTANDARD = LVCMOS33; "
RUN-1002 : start command "set_pin_assignment  SWDIO   LOCATION = P2; IOSTANDARD = LVCMOS33; "
RUN-1002 : start command "set_pin_assignment  System_clk   LOCATION = R7; IOSTANDARD = LVCMOS33; "
RUN-1002 : start command "set_pin_assignment  TXD_1   LOCATION = D12; IOSTANDARD = LVCMOS33; "
RUN-1002 : start command "set_pin_assignment  beep   LOCATION = H11; IOSTANDARD = LVCMOS33; "
RUN-1002 : start command "set_pin_assignment  en1   LOCATION = A10; IOSTANDARD = LVCMOS33; "
RUN-1002 : start command "set_pin_assignment  en2   LOCATION = B10; IOSTANDARD = LVCMOS33; "
RUN-1002 : start command "set_pin_assignment  en3   LOCATION = A11; IOSTANDARD = LVCMOS33; "
RUN-1002 : start command "set_pin_assignment  key[4]   LOCATION = A12; IOSTANDARD = LVCMOS33; "
RUN-1002 : start command "set_pin_assignment  key[5]   LOCATION = B12; IOSTANDARD = LVCMOS33; "
RUN-1002 : start command "set_pin_assignment  key[6]   LOCATION = A13; IOSTANDARD = LVCMOS33; "
RUN-1002 : start command "set_pin_assignment  key[7]   LOCATION = A14; IOSTANDARD = LVCMOS33; "
RUN-1002 : start command "set_pin_assignment  led_test   LOCATION = B14; IOSTANDARD = LVCMOS33; "
RUN-1002 : start command "set_pin_assignment  led_test_mode   LOCATION = B15; IOSTANDARD = LVCMOS33; "
RUN-1001 : Starting of IO setups legality check.
RUN-1001 : Starting of IO setups legality check.
RUN-1001 : Starting of IO vref setups legality check.
USR-6010 WARNING: ADC constraints: top model pin IO_READ[7] has no constraint.
USR-6010 WARNING: ADC constraints: top model pin IO_READ[6] has no constraint.
USR-6010 WARNING: ADC constraints: top model pin IO_READ[5] has no constraint.
USR-6010 WARNING: ADC constraints: top model pin IO_READ[4] has no constraint.
USR-6010 WARNING: ADC constraints: top model pin IO_READ[3] has no constraint.
USR-6010 WARNING: ADC constraints: top model pin IO_READ[1] has no constraint.
USR-6010 WARNING: ADC constraints: top model pin IO_READ[0] has no constraint.
USR-6010 WARNING: ADC constraints: top model pin LED[7] has no constraint.
USR-6010 WARNING: ADC constraints: top model pin LED[6] has no constraint.
USR-6010 WARNING: ADC constraints: top model pin LED[5] has no constraint.
USR-6010 Similar messages will be suppressed.
RUN-1002 : start command "optimize_rtl"
RUN-1001 : Open license file E:/TD/license/Anlogic.lic
RUN-8418 ERROR: License expired!
RUN-1002 : start command "backup_run_log run.log ../.logs/syn_1/td_20230905_215342.log"
