============================================================
   Tang Dynasty, V5.6.71036
      Copyright (c) 2012-2023 Anlogic Inc.
   Executable = E:/Td_5.6.2/bin/td.exe
   Built at =   20:34:38 Mar 21 2023
   Run by =     hp
   Run Date =   Sun Oct 22 16:43:11 2023

   Run on =     LAPTOP-1GGKBRTU
============================================================
RUN-1002 : start command "open_project CortexM0_SOC.prj"
RUN-1001 : Print Global Property
RUN-1001 : ---------------------------------------------------------------
RUN-1001 :        Parameters        |  Settings  |  Default Values  |  Note  
RUN-1001 : ---------------------------------------------------------------
RUN-1001 :          message         |  standard  |     standard     |        
RUN-1001 :   mixed_pack_place_flow  |     on     |        on        |        
RUN-1001 :        qor_monitor       |    off     |       off        |        
RUN-1001 :        syn_ip_flow       |    off     |       off        |        
RUN-1001 :          thread          |    auto    |       auto       |        
RUN-1001 : ---------------------------------------------------------------
RUN-1001 : Print Design Property
RUN-1001 : --------------------------------------------------------------
RUN-1001 :        Parameters       |  Settings  |  Default Values  |  Note  
RUN-1001 : --------------------------------------------------------------
RUN-1001 :   default_reg_initial   |    auto    |       auto       |        
RUN-1001 :        infer_add        |     on     |        on        |        
RUN-1001 :        infer_fsm        |    off     |       off        |        
RUN-1001 :        infer_mult       |     on     |        on        |        
RUN-1001 :        infer_ram        |     on     |        on        |        
RUN-1001 :        infer_reg        |     on     |        on        |        
RUN-1001 :   infer_reg_init_value  |     on     |        on        |        
RUN-1001 :        infer_rom        |     on     |        on        |        
RUN-1001 :      infer_shifter      |     on     |        on        |        
RUN-1001 : --------------------------------------------------------------
RUN-1001 : Print Rtl Property
RUN-1001 : --------------------------------------------------------------
RUN-1001 :        Parameters       |  Settings  |  Default Values  |  Note  
RUN-1001 : --------------------------------------------------------------
RUN-1001 :       compress_add      |   ripple   |      ripple      |        
RUN-1001 :        elf_sload        |    off     |       off        |        
RUN-1001 :       fix_undriven      |     0      |        0         |        
RUN-1001 :         flatten         |    off     |       off        |        
RUN-1001 :       gate_sharing      |     on     |        on        |        
RUN-1001 :    hdl_warning_level    |   normal   |      normal      |        
RUN-1001 :   impl_internal_tribuf  |     on     |        on        |        
RUN-1001 :      impl_set_reset     |     on     |        on        |        
RUN-1001 :        infer_gsr        |    off     |       off        |        
RUN-1001 :      keep_hierarchy     |    auto    |       auto       |        
RUN-1001 :        max_fanout       |    9999    |       9999       |        
RUN-1001 :      max_oh2bin_len     |     10     |        10        |        
RUN-1001 :       merge_equal       |     on     |        on        |        
RUN-1001 :       merge_equiv       |     on     |        on        |        
RUN-1001 :        merge_mux        |    off     |       off        |        
RUN-1001 :     min_control_set     |     8      |        8         |        
RUN-1001 :      min_ripple_len     |    auto    |       auto       |        
RUN-1001 :       oh2bin_ratio      |    0.08    |       0.08       |        
RUN-1001 :     opt_adder_fanout    |     on     |        on        |        
RUN-1001 :        opt_arith        |     on     |        on        |        
RUN-1001 :       opt_big_gate      |    off     |       off        |        
RUN-1001 :        opt_const        |     on     |        on        |        
RUN-1001 :      opt_const_mult     |     on     |        on        |        
RUN-1001 :       opt_lessthan      |     on     |        on        |        
RUN-1001 :         opt_mux         |    off     |       off        |        
RUN-1001 :         opt_ram         |    high    |       high       |        
RUN-1001 :      rtl_sim_model      |    off     |       off        |        
RUN-1001 :         seq_syn         |     on     |        on        |        
RUN-1001 : --------------------------------------------------------------
HDL-1007 : analyze verilog file ../../../rtl/AHBlite_Block_RAM.v
HDL-1007 : analyze verilog file ../../../rtl/AHBlite_Decoder.v
HDL-1007 : analyze verilog file ../../../rtl/AHBlite_Interconnect.v
HDL-1007 : analyze verilog file ../../../rtl/AHBlite_LED.v
HDL-5007 WARNING: identifier 'mode1' is used before its declaration in ../../../rtl/AHBlite_LED.v(38)
HDL-5007 WARNING: identifier 'mode2' is used before its declaration in ../../../rtl/AHBlite_LED.v(38)
HDL-5007 WARNING: identifier 'mode3' is used before its declaration in ../../../rtl/AHBlite_LED.v(38)
HDL-1007 : analyze verilog file ../../../rtl/AHBlite_Matrix_Key.v
HDL-1007 : analyze verilog file ../../../rtl/AHBlite_SlaveMUX.v
HDL-1007 : analyze verilog file ../../../rtl/Block_RAM.v
HDL-5007 WARNING: converting concatenation to assignment pattern in ../../../rtl/Block_RAM.v(12)
HDL-1007 : analyze verilog file ../../../rtl/CortexM0_SoC.v
HDL-1007 : analyze included file E:/fpga_cxcy/final_2/final/td/rtl/global_def.v in ../../../rtl/CortexM0_SoC.v(1)
HDL-1007 : back to file '../../../rtl/CortexM0_SoC.v' in ../../../rtl/CortexM0_SoC.v(1)
HDL-1007 : undeclared symbol 'clk', assumed default net type 'wire' in ../../../rtl/CortexM0_SoC.v(71)
HDL-1007 : undeclared symbol 'row_beep', assumed default net type 'wire' in ../../../rtl/CortexM0_SoC.v(74)
HDL-1007 : undeclared symbol 'data', assumed default net type 'wire' in ../../../rtl/CortexM0_SoC.v(97)
HDL-7007 CRITICAL-WARNING: 'data' is already implicitly declared on line 97 in ../../../rtl/CortexM0_SoC.v(137)
HDL-7007 CRITICAL-WARNING: 'clk' is already implicitly declared on line 71 in ../../../rtl/CortexM0_SoC.v(217)
HDL-1007 : undeclared symbol 'interrupt_UART1', assumed default net type 'wire' in ../../../rtl/CortexM0_SoC.v(1022)
HDL-1007 : undeclared symbol 'interrupt_UART2', assumed default net type 'wire' in ../../../rtl/CortexM0_SoC.v(1055)
HDL-1007 : analyze verilog file ../../../rtl/cortexm0ds_logic.v
HDL-1007 : analyze verilog file ../../../rtl/AHBlite_QN8027_IIC.v
HDL-1007 : analyze verilog file ../../../rtl/AHBlite_UART.v
HDL-1007 : analyze verilog file ../../../rtl/clkuart_pwm.v
HDL-1007 : analyze verilog file ../../../rtl/UART_RX.v
HDL-1007 : analyze verilog file ../../../rtl/UART_TX.v
HDL-1007 : analyze verilog file ../../../rtl/FIFO.v
HDL-1007 : analyze verilog file ../../../rtl/GPIO_IO.v
HDL-1007 : analyze verilog file ../../../rtl/AHBlite_SPI.v
HDL-1007 : analyze verilog file ../../AHBlite_PAJ_IIC.v
HDL-1007 : analyze verilog file ../../../rtl/out/AND.v
HDL-1007 : analyze verilog file ../../../rtl/out/BlockROM1.v
HDL-1007 : analyze verilog file ../../../rtl/out/BlockROM2.v
HDL-1007 : analyze verilog file ../../../rtl/out/BlockROM3.v
HDL-1007 : analyze verilog file ../../../rtl/out/addr_cnt.v
HDL-1007 : analyze verilog file ../../../rtl/out/beat_cnt.v
HDL-1007 : analyze verilog file ../../../rtl/out/beat_decoder.v
HDL-1007 : analyze verilog file ../../../rtl/out/bzmusic_ctrl.v
HDL-1007 : analyze verilog file ../../../rtl/out/tune_decoder.v
HDL-1007 : analyze verilog file ../../../rtl/out/tune_pwm.v
HDL-1007 : analyze verilog file ../../key_16.v
HDL-1007 : analyze verilog file ../../../lcd/AHBlite_LCD.v
HDL-1007 : analyze verilog file ../../../lcd/AddrIni.v
HDL-1007 : analyze verilog file ../../../lcd/BlockROM16.v
HDL-1007 : analyze verilog file ../../../lcd/BlockROM9.v
HDL-1007 : analyze verilog file ../../../lcd/LCD_INI.v
HDL-1007 : analyze verilog file ../../../lcd/WriteCtrl.v
HDL-1007 : analyze verilog file ../../AHBlite_GPIO.v
HDL-1007 : analyze verilog file ../../../rtl/Keyboard.v
HDL-1007 : analyze verilog file ../../../rtl/PLL.v
HDL-1007 : undeclared symbol 'open', assumed default net type 'wire' in ../../../rtl/PLL.v(96)
HDL-1007 : analyze verilog file ../../clkuart_pwm_uart2.v
RUN-1001 : Project manager successfully analyzed 39 source files.
RUN-1002 : start command "import_device eagle_s20.db -package EG4S20BG256"
ARC-1001 : Device Initialization.
ARC-1001 : ------------------------------------------------------------------
ARC-1001 :            OPTION            |          IO          |   SETTING   
ARC-1001 : ------------------------------------------------------------------
ARC-1001 :   cso_b/cclk/mosi/miso/dout  |  T3/R11/T10/P10/S11  |    gpio    
ARC-1001 :             done             |         P13          |    gpio    
ARC-1001 :           program_b          |          T2          |  dedicate  
ARC-1001 :        tdi/tms/tck/tdo       |   C12/A15/C14/E14    |  dedicate  
ARC-1001 : ------------------------------------------------------------------
ARC-1004 : Device setting, marked 5 dedicate IOs in total.
RUN-1002 : start command "elaborate -top CortexM0_SoC"
RUN-1001 : Print Design Property
RUN-1001 : --------------------------------------------------------------
RUN-1001 :        Parameters       |  Settings  |  Default Values  |  Note  
RUN-1001 : --------------------------------------------------------------
RUN-1001 :   default_reg_initial   |    auto    |       auto       |        
RUN-1001 :        infer_add        |     on     |        on        |        
RUN-1001 :        infer_fsm        |    off     |       off        |        
RUN-1001 :        infer_mult       |     on     |        on        |        
RUN-1001 :        infer_ram        |     on     |        on        |        
RUN-1001 :        infer_reg        |     on     |        on        |        
RUN-1001 :   infer_reg_init_value  |     on     |        on        |        
RUN-1001 :        infer_rom        |     on     |        on        |        
RUN-1001 :      infer_shifter      |     on     |        on        |        
RUN-1001 : --------------------------------------------------------------
RUN-1001 : Print Rtl Property
RUN-1001 : --------------------------------------------------------------
RUN-1001 :        Parameters       |  Settings  |  Default Values  |  Note  
RUN-1001 : --------------------------------------------------------------
RUN-1001 :       compress_add      |   ripple   |      ripple      |        
RUN-1001 :        elf_sload        |    off     |       off        |        
RUN-1001 :       fix_undriven      |     0      |        0         |        
RUN-1001 :         flatten         |    off     |       off        |        
RUN-1001 :       gate_sharing      |     on     |        on        |        
RUN-1001 :    hdl_warning_level    |   normal   |      normal      |        
RUN-1001 :   impl_internal_tribuf  |     on     |        on        |        
RUN-1001 :      impl_set_reset     |     on     |        on        |        
RUN-1001 :        infer_gsr        |    off     |       off        |        
RUN-1001 :      keep_hierarchy     |    auto    |       auto       |        
RUN-1001 :        max_fanout       |    9999    |       9999       |        
RUN-1001 :      max_oh2bin_len     |     10     |        10        |        
RUN-1001 :       merge_equal       |     on     |        on        |        
RUN-1001 :       merge_equiv       |     on     |        on        |        
RUN-1001 :        merge_mux        |    off     |       off        |        
RUN-1001 :     min_control_set     |     8      |        8         |        
RUN-1001 :      min_ripple_len     |    auto    |       auto       |        
RUN-1001 :       oh2bin_ratio      |    0.08    |       0.08       |        
RUN-1001 :     opt_adder_fanout    |     on     |        on        |        
RUN-1001 :        opt_arith        |     on     |        on        |        
RUN-1001 :       opt_big_gate      |    off     |       off        |        
RUN-1001 :        opt_const        |     on     |        on        |        
RUN-1001 :      opt_const_mult     |     on     |        on        |        
RUN-1001 :       opt_lessthan      |     on     |        on        |        
RUN-1001 :         opt_mux         |    off     |       off        |        
RUN-1001 :         opt_ram         |    high    |       high       |        
RUN-1001 :      rtl_sim_model      |    off     |       off        |        
RUN-1001 :         seq_syn         |     on     |        on        |        
RUN-1001 : --------------------------------------------------------------
RUN-1001 : Print Global Property
RUN-1001 : ---------------------------------------------------------------
RUN-1001 :        Parameters        |  Settings  |  Default Values  |  Note  
RUN-1001 : ---------------------------------------------------------------
RUN-1001 :          message         |  standard  |     standard     |        
RUN-1001 :   mixed_pack_place_flow  |     on     |        on        |        
RUN-1001 :        qor_monitor       |    off     |       off        |        
RUN-1001 :        syn_ip_flow       |    off     |       off        |        
RUN-1001 :          thread          |    auto    |       auto       |        
RUN-1001 : ---------------------------------------------------------------
RUN-1001 : Print Design Property
RUN-1001 : --------------------------------------------------------------
RUN-1001 :        Parameters       |  Settings  |  Default Values  |  Note  
RUN-1001 : --------------------------------------------------------------
RUN-1001 :   default_reg_initial   |    auto    |       auto       |        
RUN-1001 :        infer_add        |     on     |        on        |        
RUN-1001 :        infer_fsm        |    off     |       off        |        
RUN-1001 :        infer_mult       |     on     |        on        |        
RUN-1001 :        infer_ram        |     on     |        on        |        
RUN-1001 :        infer_reg        |     on     |        on        |        
RUN-1001 :   infer_reg_init_value  |     on     |        on        |        
RUN-1001 :        infer_rom        |     on     |        on        |        
RUN-1001 :      infer_shifter      |     on     |        on        |        
RUN-1001 : --------------------------------------------------------------
HDL-1007 : port 'CODENSEQ' remains unconnected for this instance in ../../../rtl/CortexM0_SoC.v(277)
HDL-1007 : port 'CODEHINTDE' remains unconnected for this instance in ../../../rtl/CortexM0_SoC.v(277)
HDL-1007 : port 'SPECHTRANS' remains unconnected for this instance in ../../../rtl/CortexM0_SoC.v(277)
HDL-1007 : port 'TDO' remains unconnected for this instance in ../../../rtl/CortexM0_SoC.v(277)
HDL-1007 : port 'nTDOEN' remains unconnected for this instance in ../../../rtl/CortexM0_SoC.v(277)
HDL-1007 : port 'DBGRESTARTED' remains unconnected for this instance in ../../../rtl/CortexM0_SoC.v(277)
HDL-1007 : port 'HALTED' remains unconnected for this instance in ../../../rtl/CortexM0_SoC.v(277)
HDL-1007 : port 'TXEV' remains unconnected for this instance in ../../../rtl/CortexM0_SoC.v(277)
HDL-1007 : port 'LOCKUP' remains unconnected for this instance in ../../../rtl/CortexM0_SoC.v(277)
HDL-1007 : port 'GATEHCLK' remains unconnected for this instance in ../../../rtl/CortexM0_SoC.v(277)
HDL-1007 : port 'SLEEPING' remains unconnected for this instance in ../../../rtl/CortexM0_SoC.v(277)
HDL-1007 : port 'SLEEPDEEP' remains unconnected for this instance in ../../../rtl/CortexM0_SoC.v(277)
HDL-1007 : port 'WAKEUP' remains unconnected for this instance in ../../../rtl/CortexM0_SoC.v(277)
HDL-1007 : port 'WICSENSE' remains unconnected for this instance in ../../../rtl/CortexM0_SoC.v(277)
HDL-1007 : port 'SLEEPHOLDACKn' remains unconnected for this instance in ../../../rtl/CortexM0_SoC.v(277)
HDL-1007 : port 'WICENACK' remains unconnected for this instance in ../../../rtl/CortexM0_SoC.v(277)
HDL-1007 : port 'vis_r0_o' remains unconnected for this instance in ../../../rtl/CortexM0_SoC.v(277)
HDL-1007 : port 'vis_r1_o' remains unconnected for this instance in ../../../rtl/CortexM0_SoC.v(277)
HDL-1007 : port 'vis_r2_o' remains unconnected for this instance in ../../../rtl/CortexM0_SoC.v(277)
HDL-1007 : port 'vis_r3_o' remains unconnected for this instance in ../../../rtl/CortexM0_SoC.v(277)
HDL-1007 : port 'vis_r4_o' remains unconnected for this instance in ../../../rtl/CortexM0_SoC.v(277)
HDL-1007 : port 'vis_r5_o' remains unconnected for this instance in ../../../rtl/CortexM0_SoC.v(277)
HDL-1007 : port 'vis_r6_o' remains unconnected for this instance in ../../../rtl/CortexM0_SoC.v(277)
HDL-1007 : port 'vis_r7_o' remains unconnected for this instance in ../../../rtl/CortexM0_SoC.v(277)
HDL-1007 : port 'vis_r8_o' remains unconnected for this instance in ../../../rtl/CortexM0_SoC.v(277)
HDL-1007 : port 'vis_r9_o' remains unconnected for this instance in ../../../rtl/CortexM0_SoC.v(277)
HDL-1007 : port 'vis_r10_o' remains unconnected for this instance in ../../../rtl/CortexM0_SoC.v(277)
HDL-1007 : port 'vis_r11_o' remains unconnected for this instance in ../../../rtl/CortexM0_SoC.v(277)
HDL-1007 : port 'vis_r12_o' remains unconnected for this instance in ../../../rtl/CortexM0_SoC.v(277)
HDL-1007 : port 'vis_r14_o' remains unconnected for this instance in ../../../rtl/CortexM0_SoC.v(277)
HDL-1007 : port 'vis_msp_o' remains unconnected for this instance in ../../../rtl/CortexM0_SoC.v(277)
HDL-1007 : port 'vis_psp_o' remains unconnected for this instance in ../../../rtl/CortexM0_SoC.v(277)
HDL-1007 : port 'vis_pc_o' remains unconnected for this instance in ../../../rtl/CortexM0_SoC.v(277)
HDL-1007 : port 'vis_apsr_o' remains unconnected for this instance in ../../../rtl/CortexM0_SoC.v(277)
HDL-1007 : port 'vis_tbit_o' remains unconnected for this instance in ../../../rtl/CortexM0_SoC.v(277)
HDL-1007 : port 'vis_ipsr_o' remains unconnected for this instance in ../../../rtl/CortexM0_SoC.v(277)
HDL-1007 : port 'vis_control_o' remains unconnected for this instance in ../../../rtl/CortexM0_SoC.v(277)
HDL-1007 : port 'vis_primask_o' remains unconnected for this instance in ../../../rtl/CortexM0_SoC.v(277)
HDL-1007 : port 'HRDATA' remains unconnected for this instance in ../../../rtl/CortexM0_SoC.v(1109)
HDL-1007 : port 'HRESP' remains unconnected for this instance in ../../../rtl/CortexM0_SoC.v(1109)
HDL-1007 : elaborate module CortexM0_SoC in ../../../rtl/CortexM0_SoC.v(2)
HDL-1007 : elaborate module key_16 in ../../key_16.v(23)
HDL-5007 WARNING: actual bit length 1 differs from formal bit length 4 for port 'row_beep' in ../../../rtl/CortexM0_SoC.v(74)
HDL-1007 : elaborate module bzmusic_ctrl in ../../../rtl/out/bzmusic_ctrl.v(1)
HDL-1007 : elaborate module addr_cnt in ../../../rtl/out/addr_cnt.v(2)
HDL-1007 : elaborate module BlockROM1(ADDR_WIDTH=8) in ../../../rtl/out/BlockROM1.v(1)
HDL-1007 : extracting RAM for identifier 'mem' in ../../../rtl/out/BlockROM1.v(10)
HDL-5007 WARNING: net 'mem' does not have a driver in ../../../rtl/out/BlockROM1.v(10)
HDL-5007 WARNING: actual bit length 9 differs from formal bit length 8 for port 'addr_i' in ../../../rtl/CortexM0_SoC.v(110)
HDL-1007 : elaborate module BlockROM2(ADDR_WIDTH=8) in ../../../rtl/out/BlockROM2.v(1)
HDL-1007 : extracting RAM for identifier 'mem' in ../../../rtl/out/BlockROM2.v(10)
HDL-5007 WARNING: net 'mem' does not have a driver in ../../../rtl/out/BlockROM2.v(10)
HDL-5007 WARNING: actual bit length 9 differs from formal bit length 8 for port 'addr_i' in ../../../rtl/CortexM0_SoC.v(121)
HDL-1007 : elaborate module BlockROM3(ADDR_WIDTH=8) in ../../../rtl/out/BlockROM3.v(1)
HDL-1007 : extracting RAM for identifier 'mem' in ../../../rtl/out/BlockROM3.v(10)
HDL-5007 WARNING: net 'mem' does not have a driver in ../../../rtl/out/BlockROM3.v(10)
HDL-5007 WARNING: actual bit length 9 differs from formal bit length 8 for port 'addr_i' in ../../../rtl/CortexM0_SoC.v(132)
HDL-1007 : elaborate module AND in ../../../rtl/out/AND.v(23)
HDL-1007 : elaborate module tune_decoder in ../../../rtl/out/tune_decoder.v(1)
HDL-1007 : elaborate module tune_pwm in ../../../rtl/out/tune_pwm.v(1)
HDL-1007 : elaborate module beat_decoder in ../../../rtl/out/beat_decoder.v(1)
HDL-1007 : elaborate module beat_cnt in ../../../rtl/out/beat_cnt.v(1)
HDL-1007 : elaborate module Keyboard in ../../../rtl/Keyboard.v(1)
HDL-1007 : elaborate module PLL in ../../../rtl/PLL.v(26)
HDL-1007 : elaborate module EG_LOGIC_BUFG in E:/Td_5.6.2/arch/eagle_macro.v(8)
HDL-1007 : elaborate module EG_PHY_PLL(FIN="50.000",FBCLK_DIV=4,CLKC0_DIV=6,CLKC1_DIV=50,CLKC2_DIV=75,CLKC3_DIV=50,CLKC4_DIV=48,CLKC0_ENABLE="ENABLE",CLKC1_ENABLE="ENABLE",CLKC2_ENABLE="ENABLE",CLKC3_ENABLE="ENABLE",CLKC4_ENABLE="ENABLE",FEEDBK_PATH="CLKC0_EXT",CLKC0_CPHASE=5,CLKC1_CPHASE=49,CLKC2_CPHASE=74,CLKC3_CPHASE=49,CLKC4_CPHASE=47,GMC_GAIN=4,ICP_CURRENT=13,KVCO=4,LPF_CAPACITOR=1,LPF_RESISTOR=4,SYNC_ENABLE="DISABLE") in E:/Td_5.6.2/arch/eagle_macro.v(930)
HDL-1007 : elaborate module cortexm0ds_logic in ../../../rtl/cortexm0ds_logic.v(27)
HDL-1007 : elaborate module AHBlite_Interconnect in ../../../rtl/AHBlite_Interconnect.v(1)
HDL-1007 : elaborate module AHBlite_Decoder in ../../../rtl/AHBlite_Decoder.v(1)
HDL-1007 : elaborate module AHBlite_SlaveMUX in ../../../rtl/AHBlite_SlaveMUX.v(1)
HDL-1007 : elaborate module AHBlite_Block_RAM in ../../../rtl/AHBlite_Block_RAM.v(1)
HDL-5007 WARNING: actual bit length 1 differs from formal bit length 2 for port 'HRESP' in ../../../rtl/CortexM0_SoC.v(763)
HDL-1007 : elaborate module AHBlite_LED in ../../../rtl/AHBlite_LED.v(1)
HDL-5007 WARNING: actual bit length 1 differs from formal bit length 2 for port 'HRESP' in ../../../rtl/CortexM0_SoC.v(820)
HDL-1007 : elaborate module AHBlite_UART in ../../../rtl/AHBlite_UART.v(1)
HDL-1007 : elaborate module AHBlite_Matrix_Key in ../../../rtl/AHBlite_Matrix_Key.v(1)
HDL-1007 : elaborate module AHBlite_QN8027_IIC in ../../../rtl/AHBlite_QN8027_IIC.v(1)
HDL-1007 : elaborate module AHBlite_PAJ_IIC in ../../AHBlite_PAJ_IIC.v(1)
HDL-1007 : elaborate module AHBlite_SPI in ../../../rtl/AHBlite_SPI.v(1)
HDL-1007 : elaborate module AHBlite_GPIO in ../../AHBlite_GPIO.v(1)
HDL-1007 : elaborate module AHBlite_GPIO_READ in ../../../rtl/GPIO_IO.v(1)
HDL-1007 : elaborate module clkuart_pwm in ../../../rtl/clkuart_pwm.v(2)
HDL-1007 : elaborate module UART_RX in ../../../rtl/UART_RX.v(1)
HDL-1007 : elaborate module UART_TX in ../../../rtl/UART_TX.v(1)
HDL-1007 : elaborate module FIFO in ../../../rtl/FIFO.v(3)
HDL-1007 : extracting RAM for identifier 'mem' in ../../../rtl/FIFO.v(17)
HDL-1007 : elaborate module clkuart_pwm_uart2 in ../../clkuart_pwm_uart2.v(1)
HDL-1007 : elaborate module Block_RAM in ../../../rtl/Block_RAM.v(1)
HDL-1007 : extracting RAM for identifier 'mem' in ../../../rtl/Block_RAM.v(12)
HDL-1007 : elaborate module AHBlite_LCD in ../../../lcd/AHBlite_LCD.v(1)
HDL-5007 WARNING: using initial value of 'led_test_reg' since it is never assigned in ../../../lcd/AHBlite_LCD.v(36)
HDL-1007 : elaborate module LCD_INI in ../../../lcd/LCD_INI.v(1)
HDL-1007 : elaborate module WriteCtrl in ../../../lcd/WriteCtrl.v(1)
HDL-1007 : elaborate module AddrIni in ../../../lcd/AddrIni.v(1)
HDL-1007 : elaborate module BlockROM16 in ../../../lcd/BlockROM16.v(1)
HDL-1007 : extracting RAM for identifier 'mem' in ../../../lcd/BlockROM16.v(10)
HDL-5007 WARNING: net 'mem' does not have a driver in ../../../lcd/BlockROM16.v(10)
HDL-1007 : elaborate module BlockROM9 in ../../../lcd/BlockROM9.v(1)
HDL-1007 : extracting RAM for identifier 'mem' in ../../../lcd/BlockROM9.v(10)
HDL-5106 WARNING: readmemh/b is invalid relative to the source file "F:/jichuangsai/week_yizhi/lcd/sign.txt" and is read relative to the working directory in ../../../lcd/BlockROM9.v(1)
HDL-8007 ERROR: cannot open file 'F:/jichuangsai/week_yizhi/lcd/sign.txt' in ../../../lcd/BlockROM9.v(13)
HDL-1007 : module 'BlockROM9' remains a black box due to errors in its contents in ../../../lcd/BlockROM9.v(1)
HDL-5007 WARNING: net 'HREADYOUT_P6' does not have a driver in ../../../rtl/CortexM0_SoC.v(438)
HDL-5007 WARNING: net 'HRDATA_P6[31]' does not have a driver in ../../../rtl/CortexM0_SoC.v(439)
HDL-5007 WARNING: net 'HRESP_P6' does not have a driver in ../../../rtl/CortexM0_SoC.v(440)
HDL-5007 WARNING: net 'HRDATA_P10[31]' does not have a driver in ../../../rtl/CortexM0_SoC.v(496)
HDL-5007 WARNING: net 'HRESP_P10' does not have a driver in ../../../rtl/CortexM0_SoC.v(497)
RUN-1002 : start command "backup_run_log run.log ../.logs/syn_1/td_20231022_164311.log"
