


ARM Macro Assembler    Page 1 


    1 00000000         ;/******************************************************
                       ********************//**
    2 00000000         ; * @file     startup_CMSDK_CM0.s
    3 00000000         ; * @brief    CMSIS Cortex-M0 Core Device Startup File f
                       or
    4 00000000         ; *           Device CMSDK_CM0
    5 00000000         ; * @version  V3.01
    6 00000000         ; * @date     06. March 2012
    7 00000000         ; *
    8 00000000         ; * @note
    9 00000000         ; * Copyright (C) 2012 ARM Limited. All rights reserved.
                       
   10 00000000         ; *
   11 00000000         ; * @par
   12 00000000         ; * ARM Limited (ARM) is supplying this software for use
                        with Cortex-M
   13 00000000         ; * processor based microcontrollers.  This file can be 
                       freely distributed
   14 00000000         ; * within development tools that are supporting such AR
                       M based processors.
   15 00000000         ; *
   16 00000000         ; * @par
   17 00000000         ; * THIS SOFTWARE IS PROVIDED "AS IS".  NO WARRANTIES, W
                       HETHER EXPRESS, IMPLIED
   18 00000000         ; * OR STATUTORY, INCLUDING, BUT NOT LIMITED TO, IMPLIED
                        WARRANTIES OF
   19 00000000         ; * MERCHANTABILITY AND FITNESS FOR A PARTICULAR PURPOSE
                        APPLY TO THIS SOFTWARE.
   20 00000000         ; * ARM SHALL NOT, IN ANY CIRCUMSTANCES, BE LIABLE FOR S
                       PECIAL, INCIDENTAL, OR
   21 00000000         ; * CONSEQUENTIAL DAMAGES, FOR ANY REASON WHATSOEVER.
   22 00000000         ; *
   23 00000000         ; ******************************************************
                       ************************/
   24 00000000         ;/*
   25 00000000         ;//-------- <<< Use Configuration Wizard in Context Menu
                        >>> ------------------
   26 00000000         ;*/
   27 00000000         
   28 00000000         
   29 00000000         ; <h> Stack Configuration
   30 00000000         ;   <o> Stack Size (in Bytes) <0x0-0xFFFFFFFF:8>
   31 00000000         ; </h>
   32 00000000         
   33 00000000 00000400 
                       Stack_Size
                               EQU              0x00000400
   34 00000000         
   35 00000000                 AREA             STACK, NOINIT, READWRITE, ALIGN
=4
   36 00000000         Stack_Mem
                               SPACE            Stack_Size
   37 00000400         __initial_sp
   38 00000400         
   39 00000400         
   40 00000400         ; <h> Heap Configuration
   41 00000400         ;   <o>  Heap Size (in Bytes) <0x0-0xFFFFFFFF:8>
   42 00000400         ; </h>
   43 00000400         



ARM Macro Assembler    Page 2 


   44 00000400 00000400 
                       Heap_Size
                               EQU              0x00000400
   45 00000400         
   46 00000400                 AREA             HEAP, NOINIT, READWRITE, ALIGN=
4
   47 00000000         __heap_base
   48 00000000         Heap_Mem
                               SPACE            Heap_Size
   49 00000400         __heap_limit
   50 00000400         
   51 00000400         
   52 00000400                 PRESERVE8
   53 00000400                 THUMB
   54 00000400         
   55 00000400         
   56 00000400         ; Vector Table Mapped to Address 0 at Reset
   57 00000400         
   58 00000400                 AREA             RESET, DATA, READONLY
   59 00000000                 EXPORT           __Vectors
   60 00000000         
   61 00000000 00000000 
                       __Vectors
                               DCD              __initial_sp ; Top of Stack
   62 00000004 00000000        DCD              Reset_Handler ; Reset Handler
   63 00000008 00000000        DCD              0           ; NMI Handler
   64 0000000C 00000000        DCD              0           ; Hard Fault Handle
                                                            r
   65 00000010 00000000        DCD              0           ; Reserved
   66 00000014 00000000        DCD              0           ; Reserved
   67 00000018 00000000        DCD              0           ; Reserved
   68 0000001C 00000000        DCD              0           ; Reserved
   69 00000020 00000000        DCD              0           ; Reserved
   70 00000024 00000000        DCD              0           ; Reserved
   71 00000028 00000000        DCD              0           ; Reserved
   72 0000002C 00000000        DCD              0           ; SVCall Handler
   73 00000030 00000000        DCD              0           ; Reserved
   74 00000034 00000000        DCD              0           ; Reserved
   75 00000038 00000000        DCD              0           ; PendSV Handler
   76 0000003C 00000000        DCD              0           ; SysTick Handler
   77 00000040 00000000        DCD              LCDINI_Handler ; IRQ0 Handler
   78 00000044 00000000        DCD              SPI_Handler ; IRQ1 Handler
   79 00000048 00000000        DCD              0           ; IRQ2 Handler
   80 0000004C         
   81 0000004C         
   82 0000004C         
   83 0000004C                 AREA             |.text|, CODE, READONLY
   84 00000000         
   85 00000000         
   86 00000000         ; Reset Handler
   87 00000000         
   88 00000000         Reset_Handler
                               PROC
   89 00000000                 GLOBAL           Reset_Handler
   90 00000000                 ENTRY
   91 00000000                 IMPORT           __main
   92 00000000         
   93 00000000         
   94 00000000 4805            LDR              R0, =__main



ARM Macro Assembler    Page 3 


   95 00000002 4680            MOV              R8, R0
   96 00000004 46C1            MOV              R9, R8
   97 00000006 4700            BX               R0
   98 00000008                 ENDP
   99 00000008         
  100 00000008         
  101 00000008         LCDINI_Handler
                               PROC
  102 00000008                 EXPORT           LCDINI_Handler         [WEAK]
  103 00000008                 IMPORT           LCD_INI_FINISH
  104 00000008 B507            PUSH             {R0,R1,R2,LR}
  105 0000000A F7FF FFFE       BL               LCD_INI_FINISH
  106 0000000E BD07            POP              {R0,R1,R2,PC}
  107 00000010                 ENDP
  108 00000010         
  109 00000010         SPI_Handler
                               PROC
  110 00000010                 EXPORT           SPI_Handler            [WEAK]
  111 00000010                 IMPORT           SPIHandle
  112 00000010 B507            PUSH             {R0,R1,R2,LR}
  113 00000012 F7FF FFFE       BL               SPIHandle
  114 00000016 BD07            POP              {R0,R1,R2,PC}
  115 00000018                 ENDP
  116 00000018         
  117 00000018         
  118 00000018                 ALIGN            4
  119 00000018         
  120 00000018                 IF               :DEF:__MICROLIB
  121 00000018         
  122 00000018                 EXPORT           __initial_sp
  123 00000018                 EXPORT           __heap_base
  124 00000018                 EXPORT           __heap_limit
  125 00000018         
  126 00000018                 ELSE
  141                          ENDIF
  142 00000018         
  143 00000018                 END
              00000000 
Command Line: --debug --xref --diag_suppress=9931 --cpu=Cortex-M0 --apcs=interw
ork --depend=.\startup_cmsdk_cm0.d -o.\startup_cmsdk_cm0.o -I.\RTE\_Target_1 -I
G:\MDK5\Arm\Packs\Keil\V2M-MPS2_CMx_BSP\1.8.1\Device\CMSDK_CM0\Include -IG:\MDK
5\ARM\CMSIS\Include --predefine="__MICROLIB SETA 1" --predefine="__UVISION_VERS
ION SETA 530" --predefine="CMSDK_CM0 SETA 1" --predefine="_RTE_ SETA 1" --list=
.\listings\startup_cmsdk_cm0.lst startup_CMSDK_CM0.s



ARM Macro Assembler    Page 1 Alphabetic symbol ordering
Relocatable symbols

STACK 00000000

Symbol: STACK
   Definitions
      At line 35 in file startup_CMSDK_CM0.s
   Uses
      None
Comment: STACK unused
Stack_Mem 00000000

Symbol: Stack_Mem
   Definitions
      At line 36 in file startup_CMSDK_CM0.s
   Uses
      None
Comment: Stack_Mem unused
__initial_sp 00000400

Symbol: __initial_sp
   Definitions
      At line 37 in file startup_CMSDK_CM0.s
   Uses
      At line 61 in file startup_CMSDK_CM0.s
      At line 122 in file startup_CMSDK_CM0.s

3 symbols



ARM Macro Assembler    Page 1 Alphabetic symbol ordering
Relocatable symbols

HEAP 00000000

Symbol: HEAP
   Definitions
      At line 46 in file startup_CMSDK_CM0.s
   Uses
      None
Comment: HEAP unused
Heap_Mem 00000000

Symbol: Heap_Mem
   Definitions
      At line 48 in file startup_CMSDK_CM0.s
   Uses
      None
Comment: Heap_Mem unused
__heap_base 00000000

Symbol: __heap_base
   Definitions
      At line 47 in file startup_CMSDK_CM0.s
   Uses
      At line 123 in file startup_CMSDK_CM0.s
Comment: __heap_base used once
__heap_limit 00000400

Symbol: __heap_limit
   Definitions
      At line 49 in file startup_CMSDK_CM0.s
   Uses
      At line 124 in file startup_CMSDK_CM0.s
Comment: __heap_limit used once
4 symbols



ARM Macro Assembler    Page 1 Alphabetic symbol ordering
Relocatable symbols

RESET 00000000

Symbol: RESET
   Definitions
      At line 58 in file startup_CMSDK_CM0.s
   Uses
      None
Comment: RESET unused
__Vectors 00000000

Symbol: __Vectors
   Definitions
      At line 61 in file startup_CMSDK_CM0.s
   Uses
      At line 59 in file startup_CMSDK_CM0.s
Comment: __Vectors used once
2 symbols



ARM Macro Assembler    Page 1 Alphabetic symbol ordering
Relocatable symbols

.text 00000000

Symbol: .text
   Definitions
      At line 83 in file startup_CMSDK_CM0.s
   Uses
      None
Comment: .text unused
LCDINI_Handler 00000008

Symbol: LCDINI_Handler
   Definitions
      At line 101 in file startup_CMSDK_CM0.s
   Uses
      At line 77 in file startup_CMSDK_CM0.s
      At line 102 in file startup_CMSDK_CM0.s

Reset_Handler 00000000

Symbol: Reset_Handler
   Definitions
      At line 88 in file startup_CMSDK_CM0.s
   Uses
      At line 62 in file startup_CMSDK_CM0.s
      At line 89 in file startup_CMSDK_CM0.s

SPI_Handler 00000010

Symbol: SPI_Handler
   Definitions
      At line 109 in file startup_CMSDK_CM0.s
   Uses
      At line 78 in file startup_CMSDK_CM0.s
      At line 110 in file startup_CMSDK_CM0.s

4 symbols



ARM Macro Assembler    Page 1 Alphabetic symbol ordering
Absolute symbols

Heap_Size 00000400

Symbol: Heap_Size
   Definitions
      At line 44 in file startup_CMSDK_CM0.s
   Uses
      At line 48 in file startup_CMSDK_CM0.s
Comment: Heap_Size used once
Stack_Size 00000400

Symbol: Stack_Size
   Definitions
      At line 33 in file startup_CMSDK_CM0.s
   Uses
      At line 36 in file startup_CMSDK_CM0.s
Comment: Stack_Size used once
2 symbols



ARM Macro Assembler    Page 1 Alphabetic symbol ordering
External symbols

LCD_INI_FINISH 00000000

Symbol: LCD_INI_FINISH
   Definitions
      At line 103 in file startup_CMSDK_CM0.s
   Uses
      At line 105 in file startup_CMSDK_CM0.s
Comment: LCD_INI_FINISH used once
SPIHandle 00000000

Symbol: SPIHandle
   Definitions
      At line 111 in file startup_CMSDK_CM0.s
   Uses
      At line 113 in file startup_CMSDK_CM0.s
Comment: SPIHandle used once
__main 00000000

Symbol: __main
   Definitions
      At line 91 in file startup_CMSDK_CM0.s
   Uses
      At line 94 in file startup_CMSDK_CM0.s
Comment: __main used once
3 symbols
354 symbols in table
