============================================================
   Tang Dynasty, V5.0.30786
   Copyright:   Shanghai Anlogic Infotech Co., Ltd.
                2011 - 2021
   Executable = E:/TD/bin/td.exe
   Run by =     ASUS
   Run Date =   Sat May 20 13:45:39 2023

   Run on =     DESKTOP-BICF4SF
============================================================
RUN-1002 : start command "import_device eagle_s20.db -package BG256"
ARC-1001 : Device Initialization.
ARC-1001 : ------------------------------------------------------------------
ARC-1001 :            OPTION            |          IO          |   SETTING   
ARC-1001 : ------------------------------------------------------------------
ARC-1001 :   cso_b/cclk/mosi/miso/dout  |  T3/R11/T10/P10/S11  |    gpio    
ARC-1001 :             done             |         P13          |    gpio    
ARC-1001 :           program_b          |          T2          |  dedicate  
ARC-1001 :        tdi/tms/tck/tdo       |   C12/A15/C14/E14    |  dedicate  
ARC-1001 : ------------------------------------------------------------------
ARC-1004 : Device setting, marked 5 dedicate IOs in total.
RUN-1002 : start command "import_db CortexM0_SOC_pr.db"
RUN-1001 : Importing database generated by Tang Dynasty, V5.0.30786.
RUN-1001 : Database version number 46126.
RUN-1001 : Import timing constraints
RUN-1001 : Import IO constraints
RUN-1001 : Import Inst constraints
RUN-6014 WARNING: Importing design, skipped an obsolete step parameter place:timing_factor.
RUN-6014 WARNING: Importing design, skipped an obsolete step parameter route:least_critical_net_perc.
RUN-6014 WARNING: Importing design, skipped an obsolete step parameter route:most_critical_net_perc.
RUN-6014 WARNING: Importing design, skipped an obsolete step parameter route:tactics.
RUN-1001 : Import flow parameters
RUN-1003 : finish command "import_db CortexM0_SOC_pr.db" in  12.626027s wall, 7.656250s user + 0.468750s system = 8.125000s CPU (64.4%)

RUN-1004 : used memory is 580 MB, reserved memory is 556 MB, peak memory is 580 MB
RUN-1002 : start command "download -bit CortexM0_SOC.bit -mode jtag -spd 9 -sec 64 -cable 0"
PRG-2014 : Chip validation success: EAGLE_S20_BG256
RUN-1002 : start command "bit_to_vec -chip EAGLE_S20_BG256 -m jtag -bit CortexM0_SOC.bit"
PRG-3000 : BIT2VEC::JtagBitstream: completed! line_num = 1327, frame_num = 1259
RUN-1003 : finish command "bit_to_vec -chip EAGLE_S20_BG256 -m jtag -bit CortexM0_SOC.bit" in  3.080199s wall, 2.968750s user + 0.171875s system = 3.140625s CPU (102.0%)

RUN-1004 : used memory is 734 MB, reserved memory is 711 MB, peak memory is 734 MB
RUN-1002 : start command "program -cable 0 -spd 9 -p"
RUN-1003 : finish command "program -cable 0 -spd 9 -p" in  7.031584s wall, 0.671875s user + 0.265625s system = 0.937500s CPU (13.3%)

RUN-1004 : used memory is 761 MB, reserved memory is 739 MB, peak memory is 761 MB
RUN-1003 : finish command "download -bit CortexM0_SOC.bit -mode jtag -spd 9 -sec 64 -cable 0" in  10.700902s wall, 3.906250s user + 0.468750s system = 4.375000s CPU (40.9%)

RUN-1004 : used memory is 623 MB, reserved memory is 599 MB, peak memory is 761 MB
GUI-1001 : Download success!
RUN-1002 : start command "download -bit CortexM0_SOC.bit -mode jtag -spd 9 -sec 64 -cable 0"
PRG-2014 : Chip validation success: EAGLE_S20_BG256
RUN-1002 : start command "bit_to_vec -chip EAGLE_S20_BG256 -m jtag -bit CortexM0_SOC.bit"
PRG-3000 : BIT2VEC::JtagBitstream: completed! line_num = 1327, frame_num = 1259
RUN-1003 : finish command "bit_to_vec -chip EAGLE_S20_BG256 -m jtag -bit CortexM0_SOC.bit" in  1.574946s wall, 1.515625s user + 0.031250s system = 1.546875s CPU (98.2%)

RUN-1004 : used memory is 246 MB, reserved memory is 728 MB, peak memory is 761 MB
RUN-1002 : start command "program -cable 0 -spd 9 -p"
RUN-1003 : finish command "program -cable 0 -spd 9 -p" in  6.989809s wall, 0.203125s user + 0.093750s system = 0.296875s CPU (4.2%)

RUN-1004 : used memory is 273 MB, reserved memory is 756 MB, peak memory is 761 MB
RUN-1003 : finish command "download -bit CortexM0_SOC.bit -mode jtag -spd 9 -sec 64 -cable 0" in  9.051575s wall, 1.843750s user + 0.156250s system = 2.000000s CPU (22.1%)

RUN-1004 : used memory is 138 MB, reserved memory is 622 MB, peak memory is 761 MB
GUI-1001 : Download success!
RUN-1002 : start command "download -bit CortexM0_SOC.bit -mode jtag -spd 9 -sec 64 -cable 0"
PRG-2014 : Chip validation success: EAGLE_S20_BG256
RUN-1002 : start command "bit_to_vec -chip EAGLE_S20_BG256 -m jtag -bit CortexM0_SOC.bit"
PRG-3000 : BIT2VEC::JtagBitstream: completed! line_num = 1327, frame_num = 1259
RUN-1003 : finish command "bit_to_vec -chip EAGLE_S20_BG256 -m jtag -bit CortexM0_SOC.bit" in  1.703528s wall, 1.593750s user + 0.125000s system = 1.718750s CPU (100.9%)

RUN-1004 : used memory is 247 MB, reserved memory is 730 MB, peak memory is 761 MB
RUN-1002 : start command "program -cable 0 -spd 9 -p"
RUN-1003 : finish command "program -cable 0 -spd 9 -p" in  7.137505s wall, 0.109375s user + 0.062500s system = 0.171875s CPU (2.4%)

RUN-1004 : used memory is 274 MB, reserved memory is 758 MB, peak memory is 761 MB
RUN-1003 : finish command "download -bit CortexM0_SOC.bit -mode jtag -spd 9 -sec 64 -cable 0" in  9.330322s wall, 1.812500s user + 0.218750s system = 2.031250s CPU (21.8%)

RUN-1004 : used memory is 134 MB, reserved memory is 619 MB, peak memory is 761 MB
GUI-1001 : Download success!
RUN-1002 : start command "download -bit CortexM0_SOC.bit -mode jtag -spd 9 -sec 64 -cable 0"
PRG-2014 : Chip validation success: EAGLE_S20_BG256
RUN-1002 : start command "bit_to_vec -chip EAGLE_S20_BG256 -m jtag -bit CortexM0_SOC.bit"
PRG-3000 : BIT2VEC::JtagBitstream: completed! line_num = 1327, frame_num = 1259
RUN-1003 : finish command "bit_to_vec -chip EAGLE_S20_BG256 -m jtag -bit CortexM0_SOC.bit" in  1.528578s wall, 1.453125s user + 0.062500s system = 1.515625s CPU (99.2%)

RUN-1004 : used memory is 248 MB, reserved memory is 730 MB, peak memory is 761 MB
RUN-1002 : start command "program -cable 0 -spd 9 -p"
RUN-1003 : finish command "program -cable 0 -spd 9 -p" in  7.098631s wall, 0.187500s user + 0.109375s system = 0.296875s CPU (4.2%)

RUN-1004 : used memory is 276 MB, reserved memory is 759 MB, peak memory is 761 MB
RUN-1003 : finish command "download -bit CortexM0_SOC.bit -mode jtag -spd 9 -sec 64 -cable 0" in  9.127250s wall, 1.765625s user + 0.187500s system = 1.953125s CPU (21.4%)

RUN-1004 : used memory is 138 MB, reserved memory is 622 MB, peak memory is 761 MB
GUI-1001 : Download success!
RUN-1002 : start command "download -bit CortexM0_SOC.bit -mode jtag -spd 9 -sec 64 -cable 0"
PRG-2014 : Chip validation success: EAGLE_S20_BG256
RUN-1002 : start command "bit_to_vec -chip EAGLE_S20_BG256 -m jtag -bit CortexM0_SOC.bit"
PRG-3000 : BIT2VEC::JtagBitstream: completed! line_num = 1327, frame_num = 1259
RUN-1003 : finish command "bit_to_vec -chip EAGLE_S20_BG256 -m jtag -bit CortexM0_SOC.bit" in  1.587380s wall, 1.515625s user + 0.125000s system = 1.640625s CPU (103.4%)

RUN-1004 : used memory is 236 MB, reserved memory is 729 MB, peak memory is 761 MB
RUN-1002 : start command "program -cable 0 -spd 9 -p"
RUN-1003 : finish command "program -cable 0 -spd 9 -p" in  7.107077s wall, 0.109375s user + 0.140625s system = 0.250000s CPU (3.5%)

RUN-1004 : used memory is 264 MB, reserved memory is 758 MB, peak memory is 761 MB
RUN-1003 : finish command "download -bit CortexM0_SOC.bit -mode jtag -spd 9 -sec 64 -cable 0" in  9.183610s wall, 1.734375s user + 0.312500s system = 2.046875s CPU (22.3%)

RUN-1004 : used memory is 125 MB, reserved memory is 626 MB, peak memory is 761 MB
GUI-1001 : Download success!
RUN-1002 : start command "download -bit CortexM0_SOC.bit -mode jtag -spd 9 -sec 64 -cable 0"
PRG-2014 : Chip validation success: EAGLE_S20_BG256
RUN-1002 : start command "bit_to_vec -chip EAGLE_S20_BG256 -m jtag -bit CortexM0_SOC.bit"
PRG-3000 : BIT2VEC::JtagBitstream: completed! line_num = 1327, frame_num = 1259
RUN-1003 : finish command "bit_to_vec -chip EAGLE_S20_BG256 -m jtag -bit CortexM0_SOC.bit" in  1.514077s wall, 1.468750s user + 0.093750s system = 1.562500s CPU (103.2%)

RUN-1004 : used memory is 239 MB, reserved memory is 729 MB, peak memory is 761 MB
RUN-1002 : start command "program -cable 0 -spd 9 -p"
RUN-1003 : finish command "program -cable 0 -spd 9 -p" in  7.136001s wall, 0.156250s user + 0.062500s system = 0.218750s CPU (3.1%)

RUN-1004 : used memory is 267 MB, reserved memory is 758 MB, peak memory is 761 MB
RUN-1003 : finish command "download -bit CortexM0_SOC.bit -mode jtag -spd 9 -sec 64 -cable 0" in  9.147980s wall, 1.750000s user + 0.156250s system = 1.906250s CPU (20.8%)

RUN-1004 : used memory is 131 MB, reserved memory is 619 MB, peak memory is 761 MB
GUI-1001 : Download success!
RUN-1002 : start command "download -bit CortexM0_SOC.bit -mode jtag -spd 9 -sec 64 -cable 0"
PRG-2014 : Chip validation success: EAGLE_S20_BG256
RUN-1002 : start command "bit_to_vec -chip EAGLE_S20_BG256 -m jtag -bit CortexM0_SOC.bit"
PRG-3000 : BIT2VEC::JtagBitstream: completed! line_num = 1327, frame_num = 1259
RUN-1003 : finish command "bit_to_vec -chip EAGLE_S20_BG256 -m jtag -bit CortexM0_SOC.bit" in  1.592917s wall, 1.609375s user + 0.062500s system = 1.671875s CPU (105.0%)

RUN-1004 : used memory is 239 MB, reserved memory is 734 MB, peak memory is 761 MB
RUN-1002 : start command "program -cable 0 -spd 9 -p"
RUN-1003 : finish command "program -cable 0 -spd 9 -p" in  7.086693s wall, 0.312500s user + 0.171875s system = 0.484375s CPU (6.8%)

RUN-1004 : used memory is 267 MB, reserved memory is 763 MB, peak memory is 761 MB
RUN-1003 : finish command "download -bit CortexM0_SOC.bit -mode jtag -spd 9 -sec 64 -cable 0" in  9.174247s wall, 2.031250s user + 0.265625s system = 2.296875s CPU (25.0%)

RUN-1004 : used memory is 137 MB, reserved memory is 625 MB, peak memory is 761 MB
GUI-1001 : Download success!
