============================================================
   Tang Dynasty, V5.0.30786
   Copyright:   Shanghai Anlogic Infotech Co., Ltd.
                2011 - 2021
   Executable = E:/TD/bin/td.exe
   Run by =     ASUS
   Run Date =   Fri Jun 30 11:13:21 2023

   Run on =     DESKTOP-BICF4SF
============================================================
RUN-1002 : start command "import_device eagle_s20.db -package BG256"
ARC-1001 : Device Initialization.
ARC-1001 : ------------------------------------------------------------------
ARC-1001 :            OPTION            |          IO          |   SETTING   
ARC-1001 : ------------------------------------------------------------------
ARC-1001 :   cso_b/cclk/mosi/miso/dout  |  T3/R11/T10/P10/S11  |    gpio    
ARC-1001 :             done             |         P13          |    gpio    
ARC-1001 :           program_b          |          T2          |  dedicate  
ARC-1001 :        tdi/tms/tck/tdo       |   C12/A15/C14/E14    |  dedicate  
ARC-1001 : ------------------------------------------------------------------
ARC-1004 : Device setting, marked 5 dedicate IOs in total.
RUN-1002 : start command "import_db CortexM0_SOC_pr.db"
RUN-1001 : Importing database generated by Tang Dynasty, V5.0.30786.
RUN-1001 : Database version number 46126.
RUN-1001 : Import timing constraints
RUN-1001 : Import IO constraints
RUN-1001 : Import Inst constraints
RUN-6014 WARNING: Importing design, skipped an obsolete step parameter place:timing_factor.
RUN-6014 WARNING: Importing design, skipped an obsolete step parameter route:least_critical_net_perc.
RUN-6014 WARNING: Importing design, skipped an obsolete step parameter route:most_critical_net_perc.
RUN-6014 WARNING: Importing design, skipped an obsolete step parameter route:tactics.
RUN-1001 : Import flow parameters
RUN-1003 : finish command "import_db CortexM0_SOC_pr.db" in  4.351344s wall, 3.796875s user + 0.187500s system = 3.984375s CPU (91.6%)

RUN-1004 : used memory is 587 MB, reserved memory is 565 MB, peak memory is 587 MB
RUN-1002 : start command "download -bit CortexM0_SOC.bit -mode jtag -spd 9 -sec 64 -cable 0"
PRG-2014 : Chip validation success: EAGLE_S20_BG256
RUN-1002 : start command "bit_to_vec -chip EAGLE_S20_BG256 -m jtag -bit CortexM0_SOC.bit"
PRG-3000 : BIT2VEC::JtagBitstream: completed! line_num = 1327, frame_num = 1259
RUN-1003 : finish command "bit_to_vec -chip EAGLE_S20_BG256 -m jtag -bit CortexM0_SOC.bit" in  1.501319s wall, 1.421875s user + 0.093750s system = 1.515625s CPU (101.0%)

RUN-1004 : used memory is 780 MB, reserved memory is 757 MB, peak memory is 780 MB
RUN-1002 : start command "program -cable 0 -spd 9 -p"
RUN-1003 : finish command "program -cable 0 -spd 9 -p" in  7.283255s wall, 0.140625s user + 0.062500s system = 0.203125s CPU (2.8%)

RUN-1004 : used memory is 807 MB, reserved memory is 786 MB, peak memory is 807 MB
RUN-1003 : finish command "download -bit CortexM0_SOC.bit -mode jtag -spd 9 -sec 64 -cable 0" in  9.286701s wall, 1.718750s user + 0.234375s system = 1.953125s CPU (21.0%)

RUN-1004 : used memory is 670 MB, reserved memory is 645 MB, peak memory is 807 MB
GUI-1001 : Download success!
RUN-1002 : start command "download -bit CortexM0_SOC.bit -mode jtag -spd 9 -sec 64 -cable 0"
PRG-2014 : Chip validation success: EAGLE_S20_BG256
RUN-1002 : start command "bit_to_vec -chip EAGLE_S20_BG256 -m jtag -bit CortexM0_SOC.bit"
PRG-3000 : BIT2VEC::JtagBitstream: completed! line_num = 1327, frame_num = 1259
RUN-1003 : finish command "bit_to_vec -chip EAGLE_S20_BG256 -m jtag -bit CortexM0_SOC.bit" in  1.461539s wall, 1.484375s user + 0.046875s system = 1.531250s CPU (104.8%)

RUN-1004 : used memory is 781 MB, reserved memory is 761 MB, peak memory is 807 MB
RUN-1002 : start command "program -cable 0 -spd 9 -p"
RUN-1003 : finish command "program -cable 0 -spd 9 -p" in  7.294870s wall, 0.203125s user + 0.046875s system = 0.250000s CPU (3.4%)

RUN-1004 : used memory is 809 MB, reserved memory is 790 MB, peak memory is 809 MB
RUN-1003 : finish command "download -bit CortexM0_SOC.bit -mode jtag -spd 9 -sec 64 -cable 0" in  9.250379s wall, 1.812500s user + 0.140625s system = 1.953125s CPU (21.1%)

RUN-1004 : used memory is 671 MB, reserved memory is 649 MB, peak memory is 809 MB
GUI-1001 : Download success!
RUN-1002 : start command "download -bit CortexM0_SOC.bit -mode jtag -spd 9 -sec 64 -cable 0"
PRG-2014 : Chip validation success: EAGLE_S20_BG256
RUN-1002 : start command "bit_to_vec -chip EAGLE_S20_BG256 -m jtag -bit CortexM0_SOC.bit"
PRG-3000 : BIT2VEC::JtagBitstream: completed! line_num = 1327, frame_num = 1259
RUN-1003 : finish command "bit_to_vec -chip EAGLE_S20_BG256 -m jtag -bit CortexM0_SOC.bit" in  1.504092s wall, 1.468750s user + 0.093750s system = 1.562500s CPU (103.9%)

RUN-1004 : used memory is 776 MB, reserved memory is 764 MB, peak memory is 809 MB
RUN-1002 : start command "program -cable 0 -spd 9 -p"
RUN-1003 : finish command "program -cable 0 -spd 9 -p" in  7.037998s wall, 0.250000s user + 0.125000s system = 0.375000s CPU (5.3%)

RUN-1004 : used memory is 804 MB, reserved memory is 793 MB, peak memory is 809 MB
RUN-1003 : finish command "download -bit CortexM0_SOC.bit -mode jtag -spd 9 -sec 64 -cable 0" in  9.031334s wall, 1.875000s user + 0.218750s system = 2.093750s CPU (23.2%)

RUN-1004 : used memory is 668 MB, reserved memory is 653 MB, peak memory is 809 MB
GUI-1001 : Download success!
RUN-1002 : start command "download -bit CortexM0_SOC.bit -mode jtag -spd 6 -sec 64 -cable 0"
PRG-2014 : Chip validation success: EAGLE_S20_BG256
RUN-1002 : start command "bit_to_vec -chip EAGLE_S20_BG256 -m jtag -bit CortexM0_SOC.bit"
PRG-3000 : BIT2VEC::JtagBitstream: completed! line_num = 1327, frame_num = 1259
RUN-1003 : finish command "bit_to_vec -chip EAGLE_S20_BG256 -m jtag -bit CortexM0_SOC.bit" in  1.433966s wall, 1.375000s user + 0.062500s system = 1.437500s CPU (100.2%)

RUN-1004 : used memory is 778 MB, reserved memory is 761 MB, peak memory is 809 MB
RUN-1002 : start command "program -cable 0 -spd 6 -p"
RUN-1003 : finish command "program -cable 0 -spd 6 -p" in  7.141747s wall, 0.109375s user + 0.046875s system = 0.156250s CPU (2.2%)

RUN-1004 : used memory is 806 MB, reserved memory is 790 MB, peak memory is 809 MB
RUN-1003 : finish command "download -bit CortexM0_SOC.bit -mode jtag -spd 6 -sec 64 -cable 0" in  9.060229s wall, 1.609375s user + 0.125000s system = 1.734375s CPU (19.1%)

RUN-1004 : used memory is 668 MB, reserved memory is 653 MB, peak memory is 809 MB
GUI-1001 : Download success!
