============================================================
   Tang Dynasty, V5.6.71036
      Copyright (c) 2012-2023 Anlogic Inc.
   Executable = F:/td/bin/td.exe
   Built at =   20:34:38 Mar 21 2023
   Run by =     ASUS
   Run Date =   Sat Sep  9 20:13:30 2023

   Run on =     DESKTOP-BICF4SF
============================================================
RUN-1002 : start command "download -bit CortexM0_SOC_Runs\phy_1\CortexM0_SOC.bit -mode jtag -spd 9 -sec 64 -cable 0"
PRG-2014 : Chip validation success: EAGLE_S20_BG256
RUN-1002 : start command "bit_to_vec -chip EAGLE_S20_BG256 -m jtag_burst -freq 12 -bit CortexM0_SOC_Runs/phy_1/CortexM0_SOC.bit"
RUN-1002 : start command "program -cable 0 -mode svf -spd 9 -p"
RUN-1003 : finish command "program -cable 0 -mode svf -spd 9 -p" in  7.263933s wall, 0.125000s user + 0.062500s system = 0.187500s CPU (2.6%)

RUN-1004 : used memory is 284 MB, reserved memory is 168 MB, peak memory is 316 MB
RUN-1003 : finish command "download -bit CortexM0_SOC_Runs\phy_1\CortexM0_SOC.bit -mode jtag -spd 9 -sec 64 -cable 0" in  7.676597s wall, 0.281250s user + 0.109375s system = 0.390625s CPU (5.1%)

RUN-1004 : used memory is 284 MB, reserved memory is 168 MB, peak memory is 316 MB
GUI-1001 : Downloading succeeded!
RUN-1002 : start command "download -bit CortexM0_SOC_Runs\phy_1\CortexM0_SOC.bit -mode jtag -spd 9 -sec 64 -cable 0"
PRG-2014 : Chip validation success: EAGLE_S20_BG256
RUN-1002 : start command "bit_to_vec -chip EAGLE_S20_BG256 -m jtag_burst -freq 12 -bit CortexM0_SOC_Runs/phy_1/CortexM0_SOC.bit"
RUN-1002 : start command "program -cable 0 -mode svf -spd 9 -p"
RUN-1003 : finish command "program -cable 0 -mode svf -spd 9 -p" in  7.264577s wall, 0.109375s user + 0.015625s system = 0.125000s CPU (1.7%)

RUN-1004 : used memory is 286 MB, reserved memory is 176 MB, peak memory is 317 MB
RUN-1003 : finish command "download -bit CortexM0_SOC_Runs\phy_1\CortexM0_SOC.bit -mode jtag -spd 9 -sec 64 -cable 0" in  7.609138s wall, 0.218750s user + 0.062500s system = 0.281250s CPU (3.7%)

RUN-1004 : used memory is 286 MB, reserved memory is 176 MB, peak memory is 317 MB
GUI-1001 : Downloading succeeded!
RUN-1002 : start command "download -bit CortexM0_SOC_Runs\phy_1\CortexM0_SOC.bit -mode jtag -spd 9 -sec 64 -cable 0"
PRG-2014 : Chip validation success: EAGLE_S20_BG256
RUN-1002 : start command "bit_to_vec -chip EAGLE_S20_BG256 -m jtag_burst -freq 12 -bit CortexM0_SOC_Runs/phy_1/CortexM0_SOC.bit"
RUN-1002 : start command "program -cable 0 -mode svf -spd 9 -p"
RUN-1003 : finish command "program -cable 0 -mode svf -spd 9 -p" in  7.246295s wall, 0.109375s user + 0.156250s system = 0.265625s CPU (3.7%)

RUN-1004 : used memory is 284 MB, reserved memory is 175 MB, peak memory is 317 MB
RUN-1003 : finish command "download -bit CortexM0_SOC_Runs\phy_1\CortexM0_SOC.bit -mode jtag -spd 9 -sec 64 -cable 0" in  7.563745s wall, 0.218750s user + 0.187500s system = 0.406250s CPU (5.4%)

RUN-1004 : used memory is 284 MB, reserved memory is 175 MB, peak memory is 317 MB
GUI-1001 : Downloading succeeded!
RUN-1002 : start command "download -bit CortexM0_SOC_Runs\phy_1\CortexM0_SOC.bit -mode jtag -spd 9 -sec 64 -cable 0"
PRG-2014 : Chip validation success: EAGLE_S20_BG256
RUN-1002 : start command "bit_to_vec -chip EAGLE_S20_BG256 -m jtag_burst -freq 12 -bit CortexM0_SOC_Runs/phy_1/CortexM0_SOC.bit"
RUN-1002 : start command "program -cable 0 -mode svf -spd 9 -p"
RUN-1003 : finish command "program -cable 0 -mode svf -spd 9 -p" in  7.255963s wall, 0.093750s user + 0.062500s system = 0.156250s CPU (2.2%)

RUN-1004 : used memory is 287 MB, reserved memory is 177 MB, peak memory is 317 MB
RUN-1003 : finish command "download -bit CortexM0_SOC_Runs\phy_1\CortexM0_SOC.bit -mode jtag -spd 9 -sec 64 -cable 0" in  7.567345s wall, 0.218750s user + 0.078125s system = 0.296875s CPU (3.9%)

RUN-1004 : used memory is 287 MB, reserved memory is 177 MB, peak memory is 317 MB
GUI-1001 : Downloading succeeded!
RUN-1002 : start command "download -bit CortexM0_SOC_Runs\phy_1\CortexM0_SOC.bit -mode jtag -spd 9 -sec 64 -cable 0"
PRG-2014 : Chip validation success: EAGLE_S20_BG256
RUN-1002 : start command "bit_to_vec -chip EAGLE_S20_BG256 -m jtag_burst -freq 12 -bit CortexM0_SOC_Runs/phy_1/CortexM0_SOC.bit"
RUN-1002 : start command "program -cable 0 -mode svf -spd 9 -p"
RUN-1003 : finish command "program -cable 0 -mode svf -spd 9 -p" in  7.287778s wall, 0.234375s user + 0.093750s system = 0.328125s CPU (4.5%)

RUN-1004 : used memory is 287 MB, reserved memory is 177 MB, peak memory is 317 MB
RUN-1003 : finish command "download -bit CortexM0_SOC_Runs\phy_1\CortexM0_SOC.bit -mode jtag -spd 9 -sec 64 -cable 0" in  7.602835s wall, 0.359375s user + 0.109375s system = 0.468750s CPU (6.2%)

RUN-1004 : used memory is 287 MB, reserved memory is 177 MB, peak memory is 317 MB
GUI-1001 : Downloading succeeded!
RUN-1002 : start command "download -bit CortexM0_SOC_Runs\phy_1\CortexM0_SOC.bit -mode jtag -spd 9 -sec 64 -cable 0"
PRG-2014 : Chip validation success: EAGLE_S20_BG256
RUN-1002 : start command "bit_to_vec -chip EAGLE_S20_BG256 -m jtag_burst -freq 12 -bit CortexM0_SOC_Runs/phy_1/CortexM0_SOC.bit"
RUN-1002 : start command "program -cable 0 -mode svf -spd 9 -p"
RUN-1003 : finish command "program -cable 0 -mode svf -spd 9 -p" in  7.285997s wall, 0.265625s user + 0.046875s system = 0.312500s CPU (4.3%)

RUN-1004 : used memory is 236 MB, reserved memory is 184 MB, peak memory is 317 MB
RUN-1003 : finish command "download -bit CortexM0_SOC_Runs\phy_1\CortexM0_SOC.bit -mode jtag -spd 9 -sec 64 -cable 0" in  7.604448s wall, 0.390625s user + 0.062500s system = 0.453125s CPU (6.0%)

RUN-1004 : used memory is 236 MB, reserved memory is 184 MB, peak memory is 317 MB
GUI-1001 : Downloading succeeded!
