============================================================
   Tang Dynasty, V5.6.71036
      Copyright (c) 2012-2023 Anlogic Inc.
   Executable = E:/TD/bin/td.exe
   Built at =   20:34:38 Mar 21 2023
   Run by =     ASUS
   Run Date =   Tue Sep  5 21:53:32 2023

   Run on =     DESKTOP-BICF4SF
============================================================
RUN-1001 : open_run syn_1.
RUN-1002 : start command "import_db F:/jichuangsai/final/td/prj/CortexM0_SOC_Runs/syn_1/CortexM0_SOC_elaborate.db"
RUN-1001 : Importing database generated by Tang Dynasty, V5.6.71036.
RUN-1001 : Database version number 46146.
RUN-1001 : Import flow parameters
RUN-1001 : Import IO constraints
RUN-1001 : Import Inst constraints
RUN-1001 : Import design success TD_VERSION=5.6.71036 , DB_VERSION=46146
RUN-1003 : finish command "import_db F:/jichuangsai/final/td/prj/CortexM0_SOC_Runs/syn_1/CortexM0_SOC_elaborate.db" in  1.381884s wall, 1.250000s user + 0.078125s system = 1.328125s CPU (96.1%)

RUN-1004 : used memory is 268 MB, reserved memory is 222 MB, peak memory is 271 MB
RUN-1001 : reset_run syn_1 phy_1.
RUN-1001 : launch_runs syn_1 phy_1  -jobs 6.
RUN-6001 WARNING: syn_1: run failed.
RUN-1001 : open_run syn_1.
RUN-1002 : start command "import_db F:/jichuangsai/final/td/prj/CortexM0_SOC_Runs/syn_1/CortexM0_SOC_elaborate.db"
RUN-1001 : Importing database generated by Tang Dynasty, V5.6.71036.
RUN-1001 : Database version number 46146.
RUN-1001 : Import flow parameters
RUN-1001 : Import IO constraints
RUN-1001 : Import Inst constraints
RUN-1001 : Import design success TD_VERSION=5.6.71036 , DB_VERSION=46146
RUN-1003 : finish command "import_db F:/jichuangsai/final/td/prj/CortexM0_SOC_Runs/syn_1/CortexM0_SOC_elaborate.db" in  1.331947s wall, 1.296875s user + 0.062500s system = 1.359375s CPU (102.1%)

RUN-1004 : used memory is 271 MB, reserved memory is 224 MB, peak memory is 274 MB
