============================================================
   Tang Dynasty, V5.0.30786
   Copyright:   Shanghai Anlogic Infotech Co., Ltd.
                2011 - 2021
   Executable = E:/TD/bin/td.exe
   Run by =     ASUS
   Run Date =   Fri May  5 14:39:53 2023

   Run on =     DESKTOP-BICF4SF
============================================================
RUN-1002 : start command "import_device eagle_s20.db -package BG256"
ARC-1001 : Device Initialization.
ARC-1001 : ------------------------------------------------------------------
ARC-1001 :            OPTION            |          IO          |   SETTING   
ARC-1001 : ------------------------------------------------------------------
ARC-1001 :   cso_b/cclk/mosi/miso/dout  |  T3/R11/T10/P10/S11  |    gpio    
ARC-1001 :             done             |         P13          |    gpio    
ARC-1001 :           program_b          |          T2          |  dedicate  
ARC-1001 :        tdi/tms/tck/tdo       |   C12/A15/C14/E14    |  dedicate  
ARC-1001 : ------------------------------------------------------------------
ARC-1004 : Device setting, marked 5 dedicate IOs in total.
RUN-1002 : start command "import_db CortexM0_SOC_pr.db"
RUN-1001 : Importing database generated by Tang Dynasty, V5.0.30786.
RUN-1001 : Database version number 46126.
RUN-1001 : Import timing constraints
RUN-1001 : Import IO constraints
RUN-1001 : Import Inst constraints
RUN-6014 WARNING: Importing design, skipped an obsolete step parameter place:timing_factor.
RUN-6014 WARNING: Importing design, skipped an obsolete step parameter route:least_critical_net_perc.
RUN-6014 WARNING: Importing design, skipped an obsolete step parameter route:most_critical_net_perc.
RUN-6014 WARNING: Importing design, skipped an obsolete step parameter route:tactics.
RUN-1001 : Import flow parameters
RUN-1003 : finish command "import_db CortexM0_SOC_pr.db" in  4.166354s wall, 3.625000s user + 0.218750s system = 3.843750s CPU (92.3%)

RUN-1004 : used memory is 532 MB, reserved memory is 505 MB, peak memory is 532 MB
RUN-1002 : start command "download -bit CortexM0_SOC.bit -mode jtag -spd 9 -sec 64 -cable 0"
PRG-2014 : Chip validation success: EAGLE_S20_BG256
RUN-1002 : start command "bit_to_vec -chip EAGLE_S20_BG256 -m jtag -bit CortexM0_SOC.bit"
PRG-3000 : BIT2VEC::JtagBitstream: completed! line_num = 1322, frame_num = 1259
RUN-1003 : finish command "bit_to_vec -chip EAGLE_S20_BG256 -m jtag -bit CortexM0_SOC.bit" in  1.515725s wall, 1.453125s user + 0.046875s system = 1.500000s CPU (99.0%)

RUN-1004 : used memory is 685 MB, reserved memory is 660 MB, peak memory is 685 MB
RUN-1002 : start command "program -cable 0 -spd 9 -p"
RUN-1003 : finish command "program -cable 0 -spd 9 -p" in  7.164606s wall, 0.218750s user + 0.078125s system = 0.296875s CPU (4.1%)

RUN-1004 : used memory is 712 MB, reserved memory is 688 MB, peak memory is 712 MB
RUN-1003 : finish command "download -bit CortexM0_SOC.bit -mode jtag -spd 9 -sec 64 -cable 0" in  9.184585s wall, 1.796875s user + 0.125000s system = 1.921875s CPU (20.9%)

RUN-1004 : used memory is 571 MB, reserved memory is 543 MB, peak memory is 712 MB
GUI-1001 : Download success!
