============================================================
   Tang Dynasty, V5.0.30786
   Copyright:   Shanghai Anlogic Infotech Co., Ltd.
                2011 - 2021
   Executable = E:/TD/bin/td.exe
   Run by =     ASUS
   Run Date =   Tue May  2 15:37:31 2023

   Run on =     DESKTOP-BICF4SF
============================================================
RUN-1002 : start command "import_device eagle_s20.db -package BG256"
ARC-1001 : Device Initialization.
ARC-1001 : ------------------------------------------------------------------
ARC-1001 :            OPTION            |          IO          |   SETTING   
ARC-1001 : ------------------------------------------------------------------
ARC-1001 :   cso_b/cclk/mosi/miso/dout  |  T3/R11/T10/P10/S11  |    gpio    
ARC-1001 :             done             |         P13          |    gpio    
ARC-1001 :           program_b          |          T2          |  dedicate  
ARC-1001 :        tdi/tms/tck/tdo       |   C12/A15/C14/E14    |  dedicate  
ARC-1001 : ------------------------------------------------------------------
ARC-1004 : Device setting, marked 5 dedicate IOs in total.
RUN-1002 : start command "import_db CortexM0_SOC_pr.db"
RUN-1001 : Importing database generated by Tang Dynasty, V5.0.30786.
RUN-1001 : Database version number 46126.
RUN-1001 : Import timing constraints
RUN-1001 : Import IO constraints
RUN-1001 : Import Inst constraints
RUN-6014 WARNING: Importing design, skipped an obsolete step parameter place:timing_factor.
RUN-6014 WARNING: Importing design, skipped an obsolete step parameter route:least_critical_net_perc.
RUN-6014 WARNING: Importing design, skipped an obsolete step parameter route:most_critical_net_perc.
RUN-6014 WARNING: Importing design, skipped an obsolete step parameter route:tactics.
RUN-1001 : Import flow parameters
RUN-1003 : finish command "import_db CortexM0_SOC_pr.db" in  3.860913s wall, 3.328125s user + 0.109375s system = 3.437500s CPU (89.0%)

RUN-1004 : used memory is 532 MB, reserved memory is 505 MB, peak memory is 532 MB
RUN-1002 : start command "download -bit CortexM0_SOC.bit -mode jtag -spd 9 -sec 64 -cable 0"
PRG-2014 : Chip validation success: EAGLE_S20_BG256
RUN-1002 : start command "bit_to_vec -chip EAGLE_S20_BG256 -m jtag -bit CortexM0_SOC.bit"
PRG-3000 : BIT2VEC::JtagBitstream: completed! line_num = 1322, frame_num = 1259
RUN-1003 : finish command "bit_to_vec -chip EAGLE_S20_BG256 -m jtag -bit CortexM0_SOC.bit" in  1.485733s wall, 1.437500s user + 0.015625s system = 1.453125s CPU (97.8%)

RUN-1004 : used memory is 693 MB, reserved memory is 666 MB, peak memory is 693 MB
RUN-1002 : start command "program -cable 0 -spd 9 -p"
RUN-1003 : finish command "program -cable 0 -spd 9 -p" in  8.728255s wall, 0.078125s user + 0.046875s system = 0.125000s CPU (1.4%)

RUN-1004 : used memory is 720 MB, reserved memory is 694 MB, peak memory is 720 MB
RUN-1003 : finish command "download -bit CortexM0_SOC.bit -mode jtag -spd 9 -sec 64 -cable 0" in  10.848088s wall, 1.656250s user + 0.093750s system = 1.750000s CPU (16.1%)

RUN-1004 : used memory is 581 MB, reserved memory is 551 MB, peak memory is 720 MB
GUI-1001 : Download success!
RUN-1002 : start command "download -bit CortexM0_SOC.bit -mode jtag -spd 9 -sec 64 -cable 0"
PRG-2014 : Chip validation success: EAGLE_S20_BG256
RUN-1002 : start command "bit_to_vec -chip EAGLE_S20_BG256 -m jtag -bit CortexM0_SOC.bit"
PRG-3000 : BIT2VEC::JtagBitstream: completed! line_num = 1322, frame_num = 1259
RUN-1003 : finish command "bit_to_vec -chip EAGLE_S20_BG256 -m jtag -bit CortexM0_SOC.bit" in  1.408955s wall, 1.375000s user + 0.031250s system = 1.406250s CPU (99.8%)

RUN-1004 : used memory is 699 MB, reserved memory is 671 MB, peak memory is 720 MB
RUN-1002 : start command "program -cable 0 -spd 9 -p"
RUN-1003 : finish command "program -cable 0 -spd 9 -p" in  8.963112s wall, 0.078125s user + 0.015625s system = 0.093750s CPU (1.0%)

RUN-1004 : used memory is 727 MB, reserved memory is 700 MB, peak memory is 727 MB
RUN-1003 : finish command "download -bit CortexM0_SOC.bit -mode jtag -spd 9 -sec 64 -cable 0" in  10.955426s wall, 1.578125s user + 0.062500s system = 1.640625s CPU (15.0%)

RUN-1004 : used memory is 585 MB, reserved memory is 555 MB, peak memory is 727 MB
GUI-1001 : Download success!
