============================================================
   Tang Dynasty, V5.6.71036
      Copyright (c) 2012-2023 Anlogic Inc.
   Executable = F:/td/bin/td.exe
   Built at =   20:34:38 Mar 21 2023
   Run by =     ASUS
   Run Date =   Mon Sep 25 11:18:14 2023

   Run on =     DESKTOP-BICF4SF
============================================================
RUN-1002 : start command "download -bit CortexM0_SOC_Runs\phy_1\CortexM0_SOC.bit -mode jtag -spd 9 -sec 64 -cable 0"
PRG-2014 : Chip validation success: EAGLE_S20_BG256
RUN-1002 : start command "bit_to_vec -chip EAGLE_S20_BG256 -m jtag_burst -freq 12 -bit CortexM0_SOC_Runs/phy_1/CortexM0_SOC.bit"
RUN-1002 : start command "program -cable 0 -mode svf -spd 9 -p"
RUN-1003 : finish command "program -cable 0 -mode svf -spd 9 -p" in  7.424612s wall, 0.171875s user + 0.078125s system = 0.250000s CPU (3.4%)

RUN-1004 : used memory is 194 MB, reserved memory is 161 MB, peak memory is 224 MB
RUN-1003 : finish command "download -bit CortexM0_SOC_Runs\phy_1\CortexM0_SOC.bit -mode jtag -spd 9 -sec 64 -cable 0" in  7.913855s wall, 0.328125s user + 0.078125s system = 0.406250s CPU (5.1%)

RUN-1004 : used memory is 194 MB, reserved memory is 162 MB, peak memory is 224 MB
GUI-1001 : Downloading succeeded!
RUN-1002 : start command "download -bit CortexM0_SOC_Runs\phy_1\CortexM0_SOC.bit -mode jtag -spd 9 -sec 64 -cable 0"
PRG-2014 : Chip validation success: EAGLE_S20_BG256
RUN-1002 : start command "bit_to_vec -chip EAGLE_S20_BG256 -m jtag_burst -freq 12 -bit CortexM0_SOC_Runs/phy_1/CortexM0_SOC.bit"
RUN-1002 : start command "program -cable 0 -mode svf -spd 9 -p"
RUN-1003 : finish command "program -cable 0 -mode svf -spd 9 -p" in  7.486397s wall, 0.015625s user + 0.031250s system = 0.046875s CPU (0.6%)

RUN-1004 : used memory is 189 MB, reserved memory is 163 MB, peak memory is 224 MB
RUN-1003 : finish command "download -bit CortexM0_SOC_Runs\phy_1\CortexM0_SOC.bit -mode jtag -spd 9 -sec 64 -cable 0" in  7.819263s wall, 0.171875s user + 0.046875s system = 0.218750s CPU (2.8%)

RUN-1004 : used memory is 189 MB, reserved memory is 163 MB, peak memory is 224 MB
GUI-1001 : Downloading succeeded!
