============================================================
   Tang Dynasty, V5.6.71036
      Copyright (c) 2012-2023 Anlogic Inc.
   Executable = E:/Td_5.6.2/bin/td.exe
   Built at =   20:34:38 Mar 21 2023
   Run by =     hp
   Run Date =   Tue Oct 24 18:46:53 2023

   Run on =     LAPTOP-1GGKBRTU
============================================================
RUN-1001 : open_run phy_1.
RUN-1002 : start command "import_db E:/fpga_cxcy/final_2/final/td/prj/CortexM0_SOC_Runs/phy_1/CortexM0_SOC_pr.db"
RUN-1001 : Importing database generated by Tang Dynasty, V5.6.71036.
RUN-1001 : Database version number 46146.
RUN-1001 : Import flow parameters
PHY-1001 : Generate detailed routing grids ...
PHY-1001 : Processed IO instance Col[0]_syn_4 with INV attribute.
PHY-1001 : Generate nets ...
PHY-1001 : net QN_REF24MHz_dup_1 will be routed on clock mesh
PHY-1001 : clock net SWCLK_syn_4 will be merged with clock SWCLK_dup_1
PHY-1001 : net System_clk_dup_4 will be routed on clock mesh
PHY-1001 : clock net CLK_gen/clk0_out will be merged with clock CLK_gen/clk0_buf
PHY-1001 : clock net LED_Interface/light_clk_syn_4 will be merged with clock LED_Interface/light_clk
PHY-1001 : net kb/HCLK will be routed on clock mesh
PHY-1001 : clock net keyboard/scan_clk_syn_4 will be merged with clock keyboard/scan_clk
PHY-1001 : eco open net = 0
PHY-1001 : 104 feed throughs used by 85 nets
RUN-1001 : Import timing constraints
RUN-1001 : Import IO constraints
RUN-1001 : Import Inst constraints
RUN-1001 : Import design success TD_VERSION=5.6.71036 , DB_VERSION=46146
RUN-1003 : finish command "import_db E:/fpga_cxcy/final_2/final/td/prj/CortexM0_SOC_Runs/phy_1/CortexM0_SOC_pr.db" in  10.052846s wall, 9.984375s user + 0.328125s system = 10.312500s CPU (102.6%)

RUN-1004 : used memory is 693 MB, reserved memory is 658 MB, peak memory is 701 MB
RUN-1002 : start command "download -bit CortexM0_SOC.bit -mode jtag -spd 9 -sec 64 -cable 0"
PRG-2014 : Chip validation success: EAGLE_S20_BG256
RUN-1002 : start command "bit_to_vec -chip EAGLE_S20_BG256 -m jtag_burst -freq 12 -bit CortexM0_SOC.bit"
RUN-1002 : start command "program -cable 0 -mode svf -spd 9 -p"
RUN-1003 : finish command "program -cable 0 -mode svf -spd 9 -p" in  7.579385s wall, 0.140625s user + 0.171875s system = 0.312500s CPU (4.1%)

RUN-1004 : used memory is 750 MB, reserved memory is 698 MB, peak memory is 766 MB
RUN-1003 : finish command "download -bit CortexM0_SOC.bit -mode jtag -spd 9 -sec 64 -cable 0" in  7.828268s wall, 0.281250s user + 0.203125s system = 0.484375s CPU (6.2%)

RUN-1004 : used memory is 750 MB, reserved memory is 698 MB, peak memory is 766 MB
GUI-1001 : Downloading succeeded!
RUN-1002 : start command "download -bit CortexM0_SOC.bit -mode program_spi -v -spd 7 -sec 64 -cable 0 -flashsize 128"
PRG-2014 : Chip validation success: EAGLE_S20_BG256
PRG-1001 : SPI Flash ID is:  ef
RUN-1002 : start command "bit_to_vec -chip EAGLE_S20_BG256 -m program_spi -freq 4 -bit CortexM0_SOC.bit"
RUN-1003 : finish command "bit_to_vec -chip EAGLE_S20_BG256 -m program_spi -freq 4 -bit CortexM0_SOC.bit" in  1.798342s wall, 1.671875s user + 0.125000s system = 1.796875s CPU (99.9%)

RUN-1004 : used memory is 1089 MB, reserved memory is 1060 MB, peak memory is 1099 MB
RUN-1002 : start command "program_spi -cable 0 -spd 7"
RUN-1003 : finish command "program_spi -cable 0 -spd 7" in  109.368027s wall, 1.906250s user + 0.468750s system = 2.375000s CPU (2.2%)

RUN-1004 : used memory is 1089 MB, reserved memory is 1060 MB, peak memory is 1099 MB
RUN-1002 : start command "bit_to_vec -chip EAGLE_S20_BG256 -m verify_spi -freq 4 -bit CortexM0_SOC.bit"
RUN-1002 : start command "program -cable 0 -spd 4"
RUN-1003 : finish command "program -cable 0 -spd 4" in  28.300842s wall, 0.515625s user + 1.218750s system = 1.734375s CPU (6.1%)

RUN-1004 : used memory is 886 MB, reserved memory is 846 MB, peak memory is 1099 MB
RUN-1003 : finish command "download -bit CortexM0_SOC.bit -mode program_spi -v -spd 7 -sec 64 -cable 0 -flashsize 128" in  144.229912s wall, 5.750000s user + 2.031250s system = 7.781250s CPU (5.4%)

RUN-1004 : used memory is 886 MB, reserved memory is 846 MB, peak memory is 1099 MB
GUI-1001 : Downloading succeeded!
RUN-1002 : start command "download -bit CortexM0_SOC.bit -mode jtag -spd 9 -sec 64 -cable 0"
PRG-2014 : Chip validation success: EAGLE_S20_BG256
RUN-1002 : start command "bit_to_vec -chip EAGLE_S20_BG256 -m jtag_burst -freq 12 -bit CortexM0_SOC.bit"
RUN-1002 : start command "program -cable 0 -mode svf -spd 9 -p"
RUN-1003 : finish command "program -cable 0 -mode svf -spd 9 -p" in  7.622122s wall, 0.078125s user + 0.140625s system = 0.218750s CPU (2.9%)

RUN-1004 : used memory is 899 MB, reserved memory is 859 MB, peak memory is 1099 MB
RUN-1003 : finish command "download -bit CortexM0_SOC.bit -mode jtag -spd 9 -sec 64 -cable 0" in  7.879746s wall, 0.156250s user + 0.218750s system = 0.375000s CPU (4.8%)

RUN-1004 : used memory is 899 MB, reserved memory is 859 MB, peak memory is 1099 MB
GUI-1001 : Downloading succeeded!
RUN-1002 : start command "download -bit CortexM0_SOC.bit -mode program_spi -v -spd 9 -sec 64 -cable 0 -flashsize 128"
PRG-2014 : Chip validation success: EAGLE_S20_BG256
PRG-1001 : SPI Flash ID is:  ef
RUN-1002 : start command "bit_to_vec -chip EAGLE_S20_BG256 -m program_spi -freq 12 -bit CortexM0_SOC.bit"
RUN-1003 : finish command "bit_to_vec -chip EAGLE_S20_BG256 -m program_spi -freq 12 -bit CortexM0_SOC.bit" in  1.944786s wall, 1.796875s user + 0.140625s system = 1.937500s CPU (99.6%)

RUN-1004 : used memory is 1090 MB, reserved memory is 1062 MB, peak memory is 1101 MB
RUN-1002 : start command "program_spi -cable 0 -spd 9"
RUN-1003 : finish command "program_spi -cable 0 -spd 9" in  110.341461s wall, 1.281250s user + 0.296875s system = 1.578125s CPU (1.4%)

RUN-1004 : used memory is 1091 MB, reserved memory is 1063 MB, peak memory is 1101 MB
RUN-1002 : start command "bit_to_vec -chip EAGLE_S20_BG256 -m verify_spi -freq 12 -bit CortexM0_SOC.bit"
RUN-1002 : start command "program -cable 0 -spd 4"
RUN-1003 : finish command "program -cable 0 -spd 4" in  28.242878s wall, 0.171875s user + 0.093750s system = 0.265625s CPU (0.9%)

RUN-1004 : used memory is 886 MB, reserved memory is 849 MB, peak memory is 1101 MB
RUN-1003 : finish command "download -bit CortexM0_SOC.bit -mode program_spi -v -spd 9 -sec 64 -cable 0 -flashsize 128" in  145.265674s wall, 4.828125s user + 0.609375s system = 5.437500s CPU (3.7%)

RUN-1004 : used memory is 886 MB, reserved memory is 849 MB, peak memory is 1101 MB
GUI-1001 : Downloading succeeded!
RUN-1002 : start command "download -bit CortexM0_SOC.bit -mode jtag -spd 9 -sec 64 -cable 0"
PRG-2014 : Chip validation success: EAGLE_S20_BG256
RUN-1002 : start command "bit_to_vec -chip EAGLE_S20_BG256 -m jtag_burst -freq 12 -bit CortexM0_SOC.bit"
RUN-1002 : start command "program -cable 0 -mode svf -spd 9 -p"
RUN-1003 : finish command "program -cable 0 -mode svf -spd 9 -p" in  7.551051s wall, 0.093750s user + 0.125000s system = 0.218750s CPU (2.9%)

RUN-1004 : used memory is 885 MB, reserved memory is 859 MB, peak memory is 1101 MB
RUN-1003 : finish command "download -bit CortexM0_SOC.bit -mode jtag -spd 9 -sec 64 -cable 0" in  7.800032s wall, 0.203125s user + 0.156250s system = 0.359375s CPU (4.6%)

RUN-1004 : used memory is 885 MB, reserved memory is 859 MB, peak memory is 1101 MB
GUI-1001 : Downloading succeeded!
RUN-1002 : start command "download -bit CortexM0_SOC.bit -mode jtag -spd 9 -sec 64 -cable 0"
PRG-2014 : Chip validation success: EAGLE_S20_BG256
RUN-1002 : start command "bit_to_vec -chip EAGLE_S20_BG256 -m jtag_burst -freq 12 -bit CortexM0_SOC.bit"
RUN-1002 : start command "program -cable 0 -mode svf -spd 9 -p"
RUN-1003 : finish command "program -cable 0 -mode svf -spd 9 -p" in  7.504793s wall, 0.062500s user + 0.015625s system = 0.078125s CPU (1.0%)

RUN-1004 : used memory is 885 MB, reserved memory is 859 MB, peak memory is 1101 MB
RUN-1003 : finish command "download -bit CortexM0_SOC.bit -mode jtag -spd 9 -sec 64 -cable 0" in  7.751995s wall, 0.156250s user + 0.031250s system = 0.187500s CPU (2.4%)

RUN-1004 : used memory is 885 MB, reserved memory is 859 MB, peak memory is 1101 MB
GUI-1001 : Downloading succeeded!
RUN-1002 : start command "download -bit CortexM0_SOC.bit -mode jtag -spd 9 -sec 64 -cable 0"
PRG-2014 : Chip validation success: EAGLE_S20_BG256
RUN-1002 : start command "bit_to_vec -chip EAGLE_S20_BG256 -m jtag_burst -freq 12 -bit CortexM0_SOC.bit"
RUN-1002 : start command "program -cable 0 -mode svf -spd 9 -p"
RUN-1003 : finish command "program -cable 0 -mode svf -spd 9 -p" in  7.458075s wall, 0.156250s user + 0.093750s system = 0.250000s CPU (3.4%)

RUN-1004 : used memory is 884 MB, reserved memory is 859 MB, peak memory is 1101 MB
RUN-1003 : finish command "download -bit CortexM0_SOC.bit -mode jtag -spd 9 -sec 64 -cable 0" in  7.703201s wall, 0.281250s user + 0.140625s system = 0.421875s CPU (5.5%)

RUN-1004 : used memory is 884 MB, reserved memory is 859 MB, peak memory is 1101 MB
GUI-1001 : Downloading succeeded!
RUN-1002 : start command "download -bit CortexM0_SOC.bit -mode jtag -spd 9 -sec 64 -cable 0"
PRG-2014 : Chip validation success: EAGLE_S20_BG256
RUN-1002 : start command "bit_to_vec -chip EAGLE_S20_BG256 -m jtag_burst -freq 12 -bit CortexM0_SOC.bit"
RUN-1002 : start command "program -cable 0 -mode svf -spd 9 -p"
RUN-1003 : finish command "program -cable 0 -mode svf -spd 9 -p" in  7.509442s wall, 0.078125s user + 0.078125s system = 0.156250s CPU (2.1%)

RUN-1004 : used memory is 884 MB, reserved memory is 859 MB, peak memory is 1101 MB
RUN-1003 : finish command "download -bit CortexM0_SOC.bit -mode jtag -spd 9 -sec 64 -cable 0" in  7.752895s wall, 0.203125s user + 0.078125s system = 0.281250s CPU (3.6%)

RUN-1004 : used memory is 884 MB, reserved memory is 859 MB, peak memory is 1101 MB
GUI-1001 : Downloading succeeded!
RUN-1002 : start command "download -bit CortexM0_SOC.bit -mode jtag -spd 9 -sec 64 -cable 0"
PRG-2014 : Chip validation success: EAGLE_S20_BG256
RUN-1002 : start command "bit_to_vec -chip EAGLE_S20_BG256 -m jtag_burst -freq 12 -bit CortexM0_SOC.bit"
RUN-1002 : start command "program -cable 0 -mode svf -spd 9 -p"
RUN-1003 : finish command "program -cable 0 -mode svf -spd 9 -p" in  7.473791s wall, 0.078125s user + 0.109375s system = 0.187500s CPU (2.5%)

RUN-1004 : used memory is 907 MB, reserved memory is 881 MB, peak memory is 1101 MB
RUN-1003 : finish command "download -bit CortexM0_SOC.bit -mode jtag -spd 9 -sec 64 -cable 0" in  7.718656s wall, 0.187500s user + 0.140625s system = 0.328125s CPU (4.3%)

RUN-1004 : used memory is 907 MB, reserved memory is 881 MB, peak memory is 1101 MB
GUI-1001 : Downloading succeeded!
RUN-1001 : reset_run syn_1 phy_1.
RUN-1001 : launch_runs syn_1 phy_1  -jobs 6.
RUN-1001 : syn_1: run complete.
RUN-1001 : phy_1: run complete.
RUN-1001 : open_run phy_1.
RUN-1002 : start command "import_db E:/fpga_cxcy/final_2/final/td/prj/CortexM0_SOC_Runs/phy_1/CortexM0_SOC_pr.db"
RUN-1001 : Importing database generated by Tang Dynasty, V5.6.71036.
RUN-1001 : Database version number 46146.
RUN-1001 : Import flow parameters
PHY-1001 : Generate detailed routing grids ...
PHY-1001 : Processed IO instance Col[0]_syn_4 with INV attribute.
PHY-1001 : Generate nets ...
PHY-1001 : net QN_REF24MHz_dup_1 will be routed on clock mesh
PHY-1001 : clock net SWCLK_syn_4 will be merged with clock SWCLK_dup_1
PHY-1001 : net System_clk_dup_4 will be routed on clock mesh
PHY-1001 : clock net CLK_gen/clk0_out will be merged with clock CLK_gen/clk0_buf
PHY-1001 : clock net LED_Interface/light_clk_syn_4 will be merged with clock LED_Interface/light_clk
PHY-1001 : net kb/HCLK will be routed on clock mesh
PHY-1001 : clock net keyboard/scan_clk_syn_4 will be merged with clock keyboard/scan_clk
PHY-1001 : eco open net = 0
PHY-1001 : 104 feed throughs used by 85 nets
RUN-1001 : Import timing constraints
RUN-1001 : Import IO constraints
RUN-1001 : Import Inst constraints
RUN-1001 : Import design success TD_VERSION=5.6.71036 , DB_VERSION=46146
RUN-1003 : finish command "import_db E:/fpga_cxcy/final_2/final/td/prj/CortexM0_SOC_Runs/phy_1/CortexM0_SOC_pr.db" in  6.323626s wall, 6.250000s user + 0.125000s system = 6.375000s CPU (100.8%)

RUN-1004 : used memory is 941 MB, reserved memory is 920 MB, peak memory is 1101 MB
RUN-1001 : reset_run syn_1 phy_1.
RUN-1001 : launch_runs syn_1 phy_1  -jobs 6.
RUN-1001 : syn_1: run complete.
RUN-1001 : phy_1: run complete.
RUN-1001 : open_run phy_1.
RUN-1002 : start command "import_db E:/fpga_cxcy/final_2/final/td/prj/CortexM0_SOC_Runs/phy_1/CortexM0_SOC_pr.db"
RUN-1001 : Importing database generated by Tang Dynasty, V5.6.71036.
RUN-1001 : Database version number 46146.
RUN-1001 : Import flow parameters
PHY-1001 : Generate detailed routing grids ...
PHY-1001 : Processed IO instance Col[0]_syn_4 with INV attribute.
PHY-1001 : Generate nets ...
PHY-1001 : net QN_REF24MHz_dup_1 will be routed on clock mesh
PHY-1001 : clock net SWCLK_syn_4 will be merged with clock SWCLK_dup_1
PHY-1001 : net System_clk_dup_4 will be routed on clock mesh
PHY-1001 : clock net CLK_gen/clk0_out will be merged with clock CLK_gen/clk0_buf
PHY-1001 : clock net LED_Interface/light_clk_syn_4 will be merged with clock LED_Interface/light_clk
PHY-1001 : net kb/HCLK will be routed on clock mesh
PHY-1001 : clock net keyboard/scan_clk_syn_4 will be merged with clock keyboard/scan_clk
PHY-1001 : eco open net = 0
PHY-1001 : 104 feed throughs used by 85 nets
RUN-1001 : Import timing constraints
RUN-1001 : Import IO constraints
RUN-1001 : Import Inst constraints
RUN-1001 : Import design success TD_VERSION=5.6.71036 , DB_VERSION=46146
RUN-1003 : finish command "import_db E:/fpga_cxcy/final_2/final/td/prj/CortexM0_SOC_Runs/phy_1/CortexM0_SOC_pr.db" in  6.290646s wall, 6.156250s user + 0.187500s system = 6.343750s CPU (100.8%)

RUN-1004 : used memory is 960 MB, reserved memory is 942 MB, peak memory is 1101 MB
RUN-1002 : start command "download -bit CortexM0_SOC.bit -mode jtag -spd 9 -sec 64 -cable 0"
PRG-2014 : Chip validation success: EAGLE_S20_BG256
RUN-1002 : start command "bit_to_vec -chip EAGLE_S20_BG256 -m jtag_burst -freq 12 -bit CortexM0_SOC.bit"
RUN-1002 : start command "program -cable 0 -mode svf -spd 9 -p"
RUN-1003 : finish command "program -cable 0 -mode svf -spd 9 -p" in  7.309631s wall, 0.171875s user + 0.125000s system = 0.296875s CPU (4.1%)

RUN-1004 : used memory is 981 MB, reserved memory is 960 MB, peak memory is 1101 MB
RUN-1003 : finish command "download -bit CortexM0_SOC.bit -mode jtag -spd 9 -sec 64 -cable 0" in  7.552643s wall, 0.281250s user + 0.140625s system = 0.421875s CPU (5.6%)

RUN-1004 : used memory is 981 MB, reserved memory is 960 MB, peak memory is 1101 MB
GUI-1001 : Downloading succeeded!
RUN-1002 : start command "download -bit CortexM0_SOC_Runs\phy_1\CortexM0_SOC.bit -mode jtag -spd 9 -sec 64 -cable 0"
PRG-2014 : Chip validation success: EAGLE_S20_BG256
RUN-1002 : start command "bit_to_vec -chip EAGLE_S20_BG256 -m jtag_burst -freq 12 -bit CortexM0_SOC_Runs/phy_1/CortexM0_SOC.bit"
RUN-1002 : start command "program -cable 0 -mode svf -spd 9 -p"
RUN-1003 : finish command "program -cable 0 -mode svf -spd 9 -p" in  7.205175s wall, 0.156250s user + 0.296875s system = 0.453125s CPU (6.3%)

RUN-1004 : used memory is 982 MB, reserved memory is 961 MB, peak memory is 1101 MB
RUN-1003 : finish command "download -bit CortexM0_SOC_Runs\phy_1\CortexM0_SOC.bit -mode jtag -spd 9 -sec 64 -cable 0" in  7.448426s wall, 0.281250s user + 0.312500s system = 0.593750s CPU (8.0%)

RUN-1004 : used memory is 982 MB, reserved memory is 961 MB, peak memory is 1101 MB
GUI-1001 : Downloading succeeded!
