============================================================
   Tang Dynasty, V5.0.30786
   Copyright:   Shanghai Anlogic Infotech Co., Ltd.
                2011 - 2021
   Executable = E:/TD/bin/td.exe
   Run by =     ASUS
   Run Date =   Thu May 18 19:46:29 2023

   Run on =     DESKTOP-BICF4SF
============================================================
RUN-1002 : start command "import_device eagle_s20.db -package BG256"
ARC-1001 : Device Initialization.
ARC-1001 : ------------------------------------------------------------------
ARC-1001 :            OPTION            |          IO          |   SETTING   
ARC-1001 : ------------------------------------------------------------------
ARC-1001 :   cso_b/cclk/mosi/miso/dout  |  T3/R11/T10/P10/S11  |    gpio    
ARC-1001 :             done             |         P13          |    gpio    
ARC-1001 :           program_b          |          T2          |  dedicate  
ARC-1001 :        tdi/tms/tck/tdo       |   C12/A15/C14/E14    |  dedicate  
ARC-1001 : ------------------------------------------------------------------
ARC-1004 : Device setting, marked 5 dedicate IOs in total.
RUN-1002 : start command "import_db CortexM0_SOC_pr.db"
RUN-1001 : Importing database generated by Tang Dynasty, V5.0.30786.
RUN-1001 : Database version number 46126.
RUN-1001 : Import timing constraints
RUN-1001 : Import IO constraints
RUN-1001 : Import Inst constraints
RUN-6014 WARNING: Importing design, skipped an obsolete step parameter place:timing_factor.
RUN-6014 WARNING: Importing design, skipped an obsolete step parameter route:least_critical_net_perc.
RUN-6014 WARNING: Importing design, skipped an obsolete step parameter route:most_critical_net_perc.
RUN-6014 WARNING: Importing design, skipped an obsolete step parameter route:tactics.
RUN-1001 : Import flow parameters
RUN-1003 : finish command "import_db CortexM0_SOC_pr.db" in  9.237506s wall, 4.562500s user + 0.296875s system = 4.859375s CPU (52.6%)

RUN-1004 : used memory is 579 MB, reserved memory is 556 MB, peak memory is 579 MB
RUN-1002 : start command "download -bit CortexM0_SOC.bit -mode jtag -spd 9 -sec 64 -cable 0"
PRG-2014 : Chip validation success: EAGLE_S20_BG256
RUN-1002 : start command "bit_to_vec -chip EAGLE_S20_BG256 -m jtag -bit CortexM0_SOC.bit"
PRG-3000 : BIT2VEC::JtagBitstream: completed! line_num = 1327, frame_num = 1259
RUN-1003 : finish command "bit_to_vec -chip EAGLE_S20_BG256 -m jtag -bit CortexM0_SOC.bit" in  1.716727s wall, 1.750000s user + 0.046875s system = 1.796875s CPU (104.7%)

RUN-1004 : used memory is 734 MB, reserved memory is 711 MB, peak memory is 734 MB
RUN-1002 : start command "program -cable 0 -spd 9 -p"
RUN-1003 : finish command "program -cable 0 -spd 9 -p" in  7.221618s wall, 0.078125s user + 0.062500s system = 0.140625s CPU (1.9%)

RUN-1004 : used memory is 761 MB, reserved memory is 740 MB, peak memory is 761 MB
RUN-1003 : finish command "download -bit CortexM0_SOC.bit -mode jtag -spd 9 -sec 64 -cable 0" in  9.423229s wall, 1.984375s user + 0.125000s system = 2.109375s CPU (22.4%)

RUN-1004 : used memory is 622 MB, reserved memory is 597 MB, peak memory is 761 MB
GUI-1001 : Download success!
RUN-1002 : start command "download -bit CortexM0_SOC.bit -mode jtag -spd 9 -sec 64 -cable 0"
PRG-2014 : Chip validation success: EAGLE_S20_BG256
RUN-1002 : start command "bit_to_vec -chip EAGLE_S20_BG256 -m jtag -bit CortexM0_SOC.bit"
PRG-3000 : BIT2VEC::JtagBitstream: completed! line_num = 1327, frame_num = 1259
RUN-1003 : finish command "bit_to_vec -chip EAGLE_S20_BG256 -m jtag -bit CortexM0_SOC.bit" in  1.518991s wall, 1.500000s user + 0.078125s system = 1.578125s CPU (103.9%)

RUN-1004 : used memory is 732 MB, reserved memory is 709 MB, peak memory is 761 MB
RUN-1002 : start command "program -cable 0 -spd 9 -p"
RUN-1003 : finish command "program -cable 0 -spd 9 -p" in  7.050637s wall, 0.078125s user + 0.062500s system = 0.140625s CPU (2.0%)

RUN-1004 : used memory is 760 MB, reserved memory is 738 MB, peak memory is 761 MB
RUN-1003 : finish command "download -bit CortexM0_SOC.bit -mode jtag -spd 9 -sec 64 -cable 0" in  9.053634s wall, 1.703125s user + 0.140625s system = 1.843750s CPU (20.4%)

RUN-1004 : used memory is 621 MB, reserved memory is 599 MB, peak memory is 761 MB
GUI-1001 : Download success!
