============================================================
   Tang Dynasty, V5.6.71036
      Copyright (c) 2012-2023 Anlogic Inc.
   Executable = F:/td/bin/td.exe
   Built at =   20:34:38 Mar 21 2023
   Run by =     ASUS
   Run Date =   Sun Oct  8 14:50:52 2023

   Run on =     DESKTOP-BICF4SF
============================================================
RUN-1001 : open_run phy_1.
RUN-1002 : start command "import_db F:/jichuangsai/final/td/prj/CortexM0_SOC_Runs/phy_1/CortexM0_SOC_pr.db"
RUN-1001 : Importing database generated by Tang Dynasty, V5.6.71036.
RUN-1001 : Database version number 46146.
RUN-1001 : Import flow parameters
PHY-1001 : Generate detailed routing grids ...
PHY-1001 : Processed IO instance Col[0]_syn_4 with INV attribute.
PHY-1001 : Generate nets ...
PHY-1001 : net QN_REF24MHz_dup_1 will be routed on clock mesh
PHY-1001 : clock net SWCLK_syn_4 will be merged with clock SWCLK_dup_1
PHY-1001 : net System_clk_dup_4 will be routed on clock mesh
PHY-1001 : clock net CLK_gen/clk0_out will be merged with clock CLK_gen/clk0_buf
PHY-1001 : clock net LED_Interface/light_clk_syn_4 will be merged with clock LED_Interface/light_clk
PHY-1001 : net kb/HCLK will be routed on clock mesh
PHY-1001 : clock net keyboard/scan_clk_syn_4 will be merged with clock keyboard/scan_clk
PHY-1001 : eco open net = 0
PHY-1001 : 70 feed throughs used by 62 nets
RUN-1001 : Import timing constraints
RUN-1001 : Import IO constraints
RUN-1001 : Import Inst constraints
RUN-1001 : Import design success TD_VERSION=5.6.71036 , DB_VERSION=46146
RUN-1003 : finish command "import_db F:/jichuangsai/final/td/prj/CortexM0_SOC_Runs/phy_1/CortexM0_SOC_pr.db" in  17.063647s wall, 14.812500s user + 0.375000s system = 15.187500s CPU (89.0%)

RUN-1004 : used memory is 678 MB, reserved memory is 659 MB, peak memory is 688 MB
RUN-1002 : start command "download -bit CortexM0_SOC_Runs\phy_1\CortexM0_SOC.bit -mode jtag -spd 9 -sec 64 -cable 0"
PRG-2014 : Chip validation success: EAGLE_S20_BG256
RUN-1002 : start command "bit_to_vec -chip EAGLE_S20_BG256 -m jtag_burst -freq 12 -bit CortexM0_SOC_Runs/phy_1/CortexM0_SOC.bit"
RUN-1002 : start command "program -cable 0 -mode svf -spd 9 -p"
RUN-1003 : finish command "program -cable 0 -mode svf -spd 9 -p" in  7.248123s wall, 0.140625s user + 0.968750s system = 1.109375s CPU (15.3%)

RUN-1004 : used memory is 212 MB, reserved memory is 685 MB, peak memory is 688 MB
RUN-1003 : finish command "download -bit CortexM0_SOC_Runs\phy_1\CortexM0_SOC.bit -mode jtag -spd 9 -sec 64 -cable 0" in  7.689636s wall, 0.281250s user + 0.968750s system = 1.250000s CPU (16.3%)

RUN-1004 : used memory is 212 MB, reserved memory is 685 MB, peak memory is 688 MB
GUI-1001 : Downloading succeeded!
RUN-1002 : start command "download -bit CortexM0_SOC_Runs\phy_1\CortexM0_SOC.bit -mode jtag -spd 9 -sec 64 -cable 0"
PRG-2014 : Chip validation success: EAGLE_S20_BG256
RUN-1002 : start command "bit_to_vec -chip EAGLE_S20_BG256 -m jtag_burst -freq 12 -bit CortexM0_SOC_Runs/phy_1/CortexM0_SOC.bit"
RUN-1002 : start command "program -cable 0 -mode svf -spd 9 -p"
RUN-1003 : finish command "program -cable 0 -mode svf -spd 9 -p" in  7.314364s wall, 0.250000s user + 0.515625s system = 0.765625s CPU (10.5%)

RUN-1004 : used memory is 141 MB, reserved memory is 689 MB, peak memory is 688 MB
RUN-1003 : finish command "download -bit CortexM0_SOC_Runs\phy_1\CortexM0_SOC.bit -mode jtag -spd 9 -sec 64 -cable 0" in  7.964119s wall, 0.390625s user + 0.609375s system = 1.000000s CPU (12.6%)

RUN-1004 : used memory is 141 MB, reserved memory is 689 MB, peak memory is 688 MB
GUI-1001 : Downloading succeeded!
RUN-1002 : start command "download -bit CortexM0_SOC_Runs\phy_1\CortexM0_SOC.bit -mode jtag -spd 9 -sec 64 -cable 0"
PRG-2014 : Chip validation success: EAGLE_S20_BG256
RUN-1002 : start command "bit_to_vec -chip EAGLE_S20_BG256 -m jtag_burst -freq 12 -bit CortexM0_SOC_Runs/phy_1/CortexM0_SOC.bit"
RUN-1002 : start command "program -cable 0 -mode svf -spd 9 -p"
RUN-1003 : finish command "program -cable 0 -mode svf -spd 9 -p" in  7.295398s wall, 0.093750s user + 0.062500s system = 0.156250s CPU (2.1%)

RUN-1004 : used memory is 150 MB, reserved memory is 694 MB, peak memory is 688 MB
RUN-1003 : finish command "download -bit CortexM0_SOC_Runs\phy_1\CortexM0_SOC.bit -mode jtag -spd 9 -sec 64 -cable 0" in  7.618242s wall, 0.234375s user + 0.093750s system = 0.328125s CPU (4.3%)

RUN-1004 : used memory is 150 MB, reserved memory is 694 MB, peak memory is 688 MB
GUI-1001 : Downloading succeeded!
