============================================================
   Tang Dynasty, V5.0.30786
   Copyright:   Shanghai Anlogic Infotech Co., Ltd.
                2011 - 2021
   Executable = E:/TD/bin/td.exe
   Run by =     ASUS
   Run Date =   Wed May 17 17:15:24 2023

   Run on =     DESKTOP-BICF4SF
============================================================
RUN-1002 : start command "import_device eagle_s20.db -package BG256"
ARC-1001 : Device Initialization.
ARC-1001 : ------------------------------------------------------------------
ARC-1001 :            OPTION            |          IO          |   SETTING   
ARC-1001 : ------------------------------------------------------------------
ARC-1001 :   cso_b/cclk/mosi/miso/dout  |  T3/R11/T10/P10/S11  |    gpio    
ARC-1001 :             done             |         P13          |    gpio    
ARC-1001 :           program_b          |          T2          |  dedicate  
ARC-1001 :        tdi/tms/tck/tdo       |   C12/A15/C14/E14    |  dedicate  
ARC-1001 : ------------------------------------------------------------------
ARC-1004 : Device setting, marked 5 dedicate IOs in total.
RUN-1002 : start command "import_db CortexM0_SOC_pr.db"
RUN-1001 : Importing database generated by Tang Dynasty, V5.0.30786.
RUN-1001 : Database version number 46126.
RUN-1001 : Import timing constraints
RUN-1001 : Import IO constraints
RUN-1001 : Import Inst constraints
RUN-6014 WARNING: Importing design, skipped an obsolete step parameter place:timing_factor.
RUN-6014 WARNING: Importing design, skipped an obsolete step parameter route:least_critical_net_perc.
RUN-6014 WARNING: Importing design, skipped an obsolete step parameter route:most_critical_net_perc.
RUN-6014 WARNING: Importing design, skipped an obsolete step parameter route:tactics.
RUN-1001 : Import flow parameters
RUN-1003 : finish command "import_db CortexM0_SOC_pr.db" in  4.995453s wall, 3.953125s user + 0.281250s system = 4.234375s CPU (84.8%)

RUN-1004 : used memory is 577 MB, reserved memory is 554 MB, peak memory is 577 MB
RUN-1002 : start command "download -bit CortexM0_SOC.bit -mode jtag -spd 9 -sec 64 -cable 0"
PRG-2014 : Chip validation success: EAGLE_S20_BG256
RUN-1002 : start command "bit_to_vec -chip EAGLE_S20_BG256 -m jtag -bit CortexM0_SOC.bit"
PRG-3000 : BIT2VEC::JtagBitstream: completed! line_num = 1327, frame_num = 1259
RUN-1003 : finish command "bit_to_vec -chip EAGLE_S20_BG256 -m jtag -bit CortexM0_SOC.bit" in  1.710763s wall, 1.468750s user + 0.062500s system = 1.531250s CPU (89.5%)

RUN-1004 : used memory is 731 MB, reserved memory is 711 MB, peak memory is 731 MB
RUN-1002 : start command "program -cable 0 -spd 9 -p"
RUN-1003 : finish command "program -cable 0 -spd 9 -p" in  6.977122s wall, 0.343750s user + 0.093750s system = 0.437500s CPU (6.3%)

RUN-1004 : used memory is 759 MB, reserved memory is 739 MB, peak memory is 759 MB
RUN-1003 : finish command "download -bit CortexM0_SOC.bit -mode jtag -spd 9 -sec 64 -cable 0" in  9.275835s wall, 1.953125s user + 0.218750s system = 2.171875s CPU (23.4%)

RUN-1004 : used memory is 614 MB, reserved memory is 589 MB, peak memory is 759 MB
GUI-1001 : Download success!
RUN-1002 : start command "download -bit CortexM0_SOC.bit -mode jtag -spd 9 -sec 64 -cable 0"
PRG-2014 : Chip validation success: EAGLE_S20_BG256
RUN-1002 : start command "bit_to_vec -chip EAGLE_S20_BG256 -m jtag -bit CortexM0_SOC.bit"
PRG-3000 : BIT2VEC::JtagBitstream: completed! line_num = 1327, frame_num = 1259
RUN-1003 : finish command "bit_to_vec -chip EAGLE_S20_BG256 -m jtag -bit CortexM0_SOC.bit" in  1.594369s wall, 1.500000s user + 0.203125s system = 1.703125s CPU (106.8%)

RUN-1004 : used memory is 312 MB, reserved memory is 721 MB, peak memory is 759 MB
RUN-1002 : start command "program -cable 0 -spd 9 -p"
RUN-1003 : finish command "program -cable 0 -spd 9 -p" in  7.081564s wall, 0.312500s user + 0.093750s system = 0.406250s CPU (5.7%)

RUN-1004 : used memory is 339 MB, reserved memory is 749 MB, peak memory is 759 MB
RUN-1003 : finish command "download -bit CortexM0_SOC.bit -mode jtag -spd 9 -sec 64 -cable 0" in  9.163393s wall, 1.953125s user + 0.343750s system = 2.296875s CPU (25.1%)

RUN-1004 : used memory is 203 MB, reserved memory is 617 MB, peak memory is 759 MB
GUI-1001 : Download success!
