============================================================
   Tang Dynasty, V5.6.71036
      Copyright (c) 2012-2023 Anlogic Inc.
   Executable = F:/td/bin/td.exe
   Built at =   20:34:38 Mar 21 2023
   Run by =     ASUS
   Run Date =   Sat Oct  7 11:27:03 2023

   Run on =     DESKTOP-BICF4SF
============================================================
RUN-1002 : start command "download -bit CortexM0_SOC_Runs\phy_1\CortexM0_SOC.bit -mode jtag -spd 9 -sec 64 -cable 0"
PRG-2014 : Chip validation success: EAGLE_S20_BG256
RUN-1002 : start command "bit_to_vec -chip EAGLE_S20_BG256 -m jtag_burst -freq 12 -bit CortexM0_SOC_Runs/phy_1/CortexM0_SOC.bit"
RUN-1002 : start command "program -cable 0 -mode svf -spd 9 -p"
RUN-1003 : finish command "program -cable 0 -mode svf -spd 9 -p" in  7.304784s wall, 0.062500s user + 0.109375s system = 0.171875s CPU (2.4%)

RUN-1004 : used memory is 192 MB, reserved memory is 161 MB, peak memory is 223 MB
RUN-1003 : finish command "download -bit CortexM0_SOC_Runs\phy_1\CortexM0_SOC.bit -mode jtag -spd 9 -sec 64 -cable 0" in  7.842516s wall, 0.187500s user + 0.125000s system = 0.312500s CPU (4.0%)

RUN-1004 : used memory is 192 MB, reserved memory is 161 MB, peak memory is 223 MB
GUI-1001 : Downloading succeeded!
RUN-1002 : start command "download -bit CortexM0_SOC_Runs\phy_1\CortexM0_SOC.bit -mode jtag -spd 9 -sec 64 -cable 0"
PRG-2014 : Chip validation success: EAGLE_S20_BG256
RUN-1002 : start command "bit_to_vec -chip EAGLE_S20_BG256 -m jtag_burst -freq 12 -bit CortexM0_SOC_Runs/phy_1/CortexM0_SOC.bit"
RUN-1002 : start command "program -cable 0 -mode svf -spd 9 -p"
RUN-1003 : finish command "program -cable 0 -mode svf -spd 9 -p" in  7.350085s wall, 0.234375s user + 0.109375s system = 0.343750s CPU (4.7%)

RUN-1004 : used memory is 119 MB, reserved memory is 164 MB, peak memory is 223 MB
RUN-1003 : finish command "download -bit CortexM0_SOC_Runs\phy_1\CortexM0_SOC.bit -mode jtag -spd 9 -sec 64 -cable 0" in  7.906326s wall, 0.328125s user + 0.140625s system = 0.468750s CPU (5.9%)

RUN-1004 : used memory is 119 MB, reserved memory is 164 MB, peak memory is 223 MB
GUI-1001 : Downloading succeeded!
RUN-1002 : start command "download -bit CortexM0_SOC_Runs\phy_1\CortexM0_SOC.bit -mode jtag -spd 9 -sec 64 -cable 0"
PRG-2014 : Chip validation success: EAGLE_S20_BG256
RUN-1002 : start command "bit_to_vec -chip EAGLE_S20_BG256 -m jtag_burst -freq 12 -bit CortexM0_SOC_Runs/phy_1/CortexM0_SOC.bit"
RUN-1002 : start command "program -cable 0 -mode svf -spd 9 -p"
RUN-1003 : finish command "program -cable 0 -mode svf -spd 9 -p" in  7.284703s wall, 0.171875s user + 0.078125s system = 0.250000s CPU (3.4%)

RUN-1004 : used memory is 117 MB, reserved memory is 164 MB, peak memory is 223 MB
RUN-1003 : finish command "download -bit CortexM0_SOC_Runs\phy_1\CortexM0_SOC.bit -mode jtag -spd 9 -sec 64 -cable 0" in  7.605585s wall, 0.328125s user + 0.093750s system = 0.421875s CPU (5.5%)

RUN-1004 : used memory is 118 MB, reserved memory is 164 MB, peak memory is 223 MB
GUI-1001 : Downloading succeeded!
