============================================================
   Tang Dynasty, V5.6.71036
      Copyright (c) 2012-2023 Anlogic Inc.
   Executable = F:/td/bin/td.exe
   Built at =   20:34:38 Mar 21 2023
   Run by =     ASUS
   Run Date =   Sun Sep 17 16:45:42 2023

   Run on =     DESKTOP-BICF4SF
============================================================
RUN-1001 : reset_run syn_1 phy_1.
RUN-6001 WARNING: Failed to reset phy_1: some files can't be removed in F:/jichuangsai/final/td/prj/CortexM0_SOC_Runs/phy_1
RUN-1001 : launch_runs syn_1 phy_1  -jobs 6.
RUN-1001 : syn_1: run complete.
RUN-1001 : phy_1: run complete.
RUN-1001 : open_run phy_1.
RUN-1002 : start command "import_db F:/jichuangsai/final/td/prj/CortexM0_SOC_Runs/phy_1/CortexM0_SOC_pr.db"
RUN-1001 : Importing database generated by Tang Dynasty, V5.6.71036.
RUN-1001 : Database version number 46146.
RUN-1001 : Import flow parameters
PHY-1001 : Generate detailed routing grids ...
PHY-1001 : Processed IO instance Col[0]_syn_4 with INV attribute.
PHY-1001 : Generate nets ...
PHY-1001 : net QN_REF24MHz_dup_1 will be routed on clock mesh
PHY-1001 : clock net SWCLK_syn_4 will be merged with clock SWCLK_dup_1
PHY-1001 : net System_clk_dup_4 will be routed on clock mesh
PHY-1001 : clock net CLK_gen/clk0_out will be merged with clock CLK_gen/clk0_buf
PHY-1001 : clock net LED_Interface/light_clk_syn_4 will be merged with clock LED_Interface/light_clk
PHY-1001 : net kb/HCLK will be routed on clock mesh
PHY-1001 : clock net keyboard/scan_clk_syn_4 will be merged with clock keyboard/scan_clk
PHY-1001 : eco open net = 0
PHY-1001 : 120 feed throughs used by 95 nets
RUN-1001 : Import timing constraints
RUN-1001 : Import IO constraints
RUN-1001 : Import Inst constraints
RUN-1001 : Import design success TD_VERSION=5.6.71036 , DB_VERSION=46146
RUN-1003 : finish command "import_db F:/jichuangsai/final/td/prj/CortexM0_SOC_Runs/phy_1/CortexM0_SOC_pr.db" in  15.305357s wall, 15.156250s user + 0.250000s system = 15.406250s CPU (100.7%)

RUN-1004 : used memory is 779 MB, reserved memory is 763 MB, peak memory is 789 MB
RUN-1001 : reset_run syn_1 phy_1.
RUN-1001 : launch_runs syn_1 phy_1  -jobs 6.
RUN-1001 : syn_1: run complete.
RUN-1001 : phy_1: run complete.
RUN-1001 : open_run phy_1.
RUN-1002 : start command "import_db F:/jichuangsai/final/td/prj/CortexM0_SOC_Runs/phy_1/CortexM0_SOC_pr.db"
RUN-1001 : Importing database generated by Tang Dynasty, V5.6.71036.
RUN-1001 : Database version number 46146.
RUN-1001 : Import flow parameters
PHY-1001 : Generate detailed routing grids ...
PHY-1001 : Processed IO instance Col[0]_syn_4 with INV attribute.
PHY-1001 : Generate nets ...
PHY-1001 : net QN_REF24MHz_dup_1 will be routed on clock mesh
PHY-1001 : clock net SWCLK_syn_4 will be merged with clock SWCLK_dup_1
PHY-1001 : net System_clk_dup_4 will be routed on clock mesh
PHY-1001 : clock net CLK_gen/clk0_out will be merged with clock CLK_gen/clk0_buf
PHY-1001 : clock net LED_Interface/light_clk_syn_4 will be merged with clock LED_Interface/light_clk
PHY-1001 : net kb/HCLK will be routed on clock mesh
PHY-1001 : clock net keyboard/scan_clk_syn_4 will be merged with clock keyboard/scan_clk
PHY-1001 : eco open net = 0
PHY-1001 : 146 feed throughs used by 119 nets
RUN-1001 : Import timing constraints
RUN-1001 : Import IO constraints
RUN-1001 : Import Inst constraints
RUN-1001 : Import design success TD_VERSION=5.6.71036 , DB_VERSION=46146
RUN-1003 : finish command "import_db F:/jichuangsai/final/td/prj/CortexM0_SOC_Runs/phy_1/CortexM0_SOC_pr.db" in  11.276819s wall, 11.125000s user + 0.265625s system = 11.390625s CPU (101.0%)

RUN-1004 : used memory is 795 MB, reserved memory is 782 MB, peak memory is 808 MB
RUN-1002 : start command "download -bit CortexM0_SOC_Runs\phy_1\CortexM0_SOC.bit -mode jtag -spd 9 -sec 64 -cable 0"
PRG-2014 : Chip validation success: EAGLE_S20_BG256
RUN-1002 : start command "bit_to_vec -chip EAGLE_S20_BG256 -m jtag_burst -freq 12 -bit CortexM0_SOC_Runs/phy_1/CortexM0_SOC.bit"
RUN-1002 : start command "program -cable 0 -mode svf -spd 9 -p"
RUN-1003 : finish command "program -cable 0 -mode svf -spd 9 -p" in  7.549541s wall, 0.046875s user + 0.000000s system = 0.046875s CPU (0.6%)

RUN-1004 : used memory is 822 MB, reserved memory is 808 MB, peak memory is 840 MB
RUN-1003 : finish command "download -bit CortexM0_SOC_Runs\phy_1\CortexM0_SOC.bit -mode jtag -spd 9 -sec 64 -cable 0" in  7.891571s wall, 0.203125s user + 0.031250s system = 0.234375s CPU (3.0%)

RUN-1004 : used memory is 822 MB, reserved memory is 808 MB, peak memory is 840 MB
GUI-1001 : Downloading succeeded!
RUN-1002 : start command "download -bit CortexM0_SOC_Runs\phy_1\CortexM0_SOC.bit -mode jtag -spd 9 -sec 64 -cable 0"
PRG-2014 : Chip validation success: EAGLE_S20_BG256
RUN-1002 : start command "bit_to_vec -chip EAGLE_S20_BG256 -m jtag_burst -freq 12 -bit CortexM0_SOC_Runs/phy_1/CortexM0_SOC.bit"
RUN-1002 : start command "program -cable 0 -mode svf -spd 9 -p"
RUN-1003 : finish command "program -cable 0 -mode svf -spd 9 -p" in  7.523247s wall, 0.046875s user + 0.046875s system = 0.093750s CPU (1.2%)

RUN-1004 : used memory is 821 MB, reserved memory is 808 MB, peak memory is 840 MB
RUN-1003 : finish command "download -bit CortexM0_SOC_Runs\phy_1\CortexM0_SOC.bit -mode jtag -spd 9 -sec 64 -cable 0" in  7.843021s wall, 0.187500s user + 0.046875s system = 0.234375s CPU (3.0%)

RUN-1004 : used memory is 821 MB, reserved memory is 808 MB, peak memory is 840 MB
GUI-1001 : Downloading succeeded!
RUN-1002 : start command "download -bit CortexM0_SOC_Runs\phy_1\CortexM0_SOC.bit -mode jtag -spd 9 -sec 64 -cable 0"
PRG-2014 : Chip validation success: EAGLE_S20_BG256
RUN-1002 : start command "bit_to_vec -chip EAGLE_S20_BG256 -m jtag_burst -freq 12 -bit CortexM0_SOC_Runs/phy_1/CortexM0_SOC.bit"
RUN-1002 : start command "program -cable 0 -mode svf -spd 9 -p"
RUN-1003 : finish command "program -cable 0 -mode svf -spd 9 -p" in  7.540716s wall, 0.125000s user + 0.062500s system = 0.187500s CPU (2.5%)

RUN-1004 : used memory is 807 MB, reserved memory is 837 MB, peak memory is 840 MB
RUN-1003 : finish command "download -bit CortexM0_SOC_Runs\phy_1\CortexM0_SOC.bit -mode jtag -spd 9 -sec 64 -cable 0" in  7.968267s wall, 0.265625s user + 0.109375s system = 0.375000s CPU (4.7%)

RUN-1004 : used memory is 807 MB, reserved memory is 837 MB, peak memory is 840 MB
GUI-1001 : Downloading succeeded!
RUN-1001 : reset_run syn_1 phy_1.
GUI-6001 WARNING: File F:/jichuangsai/final/td/prj/CortexM0_SOC_Runs/phy_1/CortexM0_SOC.bit does not exist!
RUN-1001 : launch_runs syn_1 phy_1  -jobs 6.
RUN-1001 : syn_1: run complete.
RUN-1001 : phy_1: run complete.
RUN-1001 : open_run phy_1.
RUN-1002 : start command "import_db F:/jichuangsai/final/td/prj/CortexM0_SOC_Runs/phy_1/CortexM0_SOC_pr.db"
RUN-1001 : Importing database generated by Tang Dynasty, V5.6.71036.
RUN-1001 : Database version number 46146.
RUN-1001 : Import flow parameters
PHY-1001 : Generate detailed routing grids ...
PHY-1001 : Processed IO instance Col[0]_syn_4 with INV attribute.
PHY-1001 : Generate nets ...
PHY-1001 : net QN_REF24MHz_dup_1 will be routed on clock mesh
PHY-1001 : clock net SWCLK_syn_4 will be merged with clock SWCLK_dup_1
PHY-1001 : net System_clk_dup_4 will be routed on clock mesh
PHY-1001 : clock net CLK_gen/clk0_out will be merged with clock CLK_gen/clk0_buf
PHY-1001 : clock net LED_Interface/light_clk_syn_4 will be merged with clock LED_Interface/light_clk
PHY-1001 : net kb/HCLK will be routed on clock mesh
PHY-1001 : clock net keyboard/scan_clk_syn_4 will be merged with clock keyboard/scan_clk
PHY-1001 : eco open net = 0
PHY-1001 : 135 feed throughs used by 109 nets
RUN-1001 : Import timing constraints
RUN-1001 : Import IO constraints
RUN-1001 : Import Inst constraints
RUN-1001 : Import design success TD_VERSION=5.6.71036 , DB_VERSION=46146
RUN-1003 : finish command "import_db F:/jichuangsai/final/td/prj/CortexM0_SOC_Runs/phy_1/CortexM0_SOC_pr.db" in  12.968768s wall, 11.406250s user + 1.500000s system = 12.906250s CPU (99.5%)

RUN-1004 : used memory is 849 MB, reserved memory is 914 MB, peak memory is 853 MB
RUN-1002 : start command "download -bit CortexM0_SOC_Runs\phy_1\CortexM0_SOC.bit -mode jtag -spd 7 -sec 64 -cable 0"
PRG-2014 : Chip validation success: EAGLE_S20_BG256
RUN-1002 : start command "bit_to_vec -chip EAGLE_S20_BG256 -m jtag_burst -freq 4 -bit CortexM0_SOC_Runs/phy_1/CortexM0_SOC.bit"
RUN-1002 : start command "program -cable 0 -mode svf -spd 7 -p"
RUN-1003 : finish command "program -cable 0 -mode svf -spd 7 -p" in  7.076746s wall, 0.093750s user + 0.078125s system = 0.171875s CPU (2.4%)

RUN-1004 : used memory is 878 MB, reserved memory is 920 MB, peak memory is 897 MB
RUN-1003 : finish command "download -bit CortexM0_SOC_Runs\phy_1\CortexM0_SOC.bit -mode jtag -spd 7 -sec 64 -cable 0" in  7.580771s wall, 0.375000s user + 0.140625s system = 0.515625s CPU (6.8%)

RUN-1004 : used memory is 878 MB, reserved memory is 920 MB, peak memory is 897 MB
GUI-1001 : Downloading succeeded!
