============================================================
   Tang Dynasty, V5.0.30786
   Copyright:   Shanghai Anlogic Infotech Co., Ltd.
                2011 - 2021
   Executable = E:/TD/bin/td.exe
   Run by =     ASUS
   Run Date =   Wed Apr 19 10:59:41 2023

   Run on =     DESKTOP-BICF4SF
============================================================
RUN-1002 : start command "import_device eagle_s20.db -package BG256"
ARC-1001 : Device Initialization.
ARC-1001 : ------------------------------------------------------------------
ARC-1001 :            OPTION            |          IO          |   SETTING   
ARC-1001 : ------------------------------------------------------------------
ARC-1001 :   cso_b/cclk/mosi/miso/dout  |  T3/R11/T10/P10/S11  |    gpio    
ARC-1001 :             done             |         P13          |    gpio    
ARC-1001 :           program_b          |          T2          |  dedicate  
ARC-1001 :        tdi/tms/tck/tdo       |   C12/A15/C14/E14    |  dedicate  
ARC-1001 : ------------------------------------------------------------------
ARC-1004 : Device setting, marked 5 dedicate IOs in total.
RUN-1002 : start command "import_db CortexM0_SOC_pr.db"
RUN-1001 : Importing database generated by Tang Dynasty, V5.0.30786.
RUN-1001 : Database version number 46126.
RUN-1001 : Import timing constraints
RUN-1001 : Import IO constraints
RUN-1001 : Import Inst constraints
RUN-6014 WARNING: Importing design, skipped an obsolete step parameter place:timing_factor.
RUN-6014 WARNING: Importing design, skipped an obsolete step parameter route:least_critical_net_perc.
RUN-6014 WARNING: Importing design, skipped an obsolete step parameter route:most_critical_net_perc.
RUN-6014 WARNING: Importing design, skipped an obsolete step parameter route:tactics.
RUN-1001 : Import flow parameters
RUN-1003 : finish command "import_db CortexM0_SOC_pr.db" in  4.016383s wall, 3.390625s user + 0.140625s system = 3.531250s CPU (87.9%)

RUN-1004 : used memory is 529 MB, reserved memory is 503 MB, peak memory is 529 MB
RUN-1002 : start command "download -bit CortexM0_SOC.bit -mode jtag -spd 9 -sec 64 -cable 0"
PRG-2014 : Chip validation success: EAGLE_S20_BG256
RUN-1002 : start command "bit_to_vec -chip EAGLE_S20_BG256 -m jtag -bit CortexM0_SOC.bit"
PRG-3000 : BIT2VEC::JtagBitstream: completed! line_num = 1322, frame_num = 1259
RUN-1003 : finish command "bit_to_vec -chip EAGLE_S20_BG256 -m jtag -bit CortexM0_SOC.bit" in  1.487048s wall, 1.453125s user + 0.031250s system = 1.484375s CPU (99.8%)

RUN-1004 : used memory is 696 MB, reserved memory is 667 MB, peak memory is 696 MB
RUN-1002 : start command "program -cable 0 -spd 9 -p"
RUN-1003 : finish command "program -cable 0 -spd 9 -p" in  7.031366s wall, 0.250000s user + 0.062500s system = 0.312500s CPU (4.4%)

RUN-1004 : used memory is 723 MB, reserved memory is 696 MB, peak memory is 723 MB
RUN-1003 : finish command "download -bit CortexM0_SOC.bit -mode jtag -spd 9 -sec 64 -cable 0" in  9.017241s wall, 1.812500s user + 0.109375s system = 1.921875s CPU (21.3%)

RUN-1004 : used memory is 580 MB, reserved memory is 549 MB, peak memory is 723 MB
GUI-1001 : Download success!
RUN-1002 : start command "download -bit CortexM0_SOC.bit -mode jtag -spd 9 -sec 64 -cable 0"
PRG-2014 : Chip validation success: EAGLE_S20_BG256
RUN-1002 : start command "bit_to_vec -chip EAGLE_S20_BG256 -m jtag -bit CortexM0_SOC.bit"
PRG-3000 : BIT2VEC::JtagBitstream: completed! line_num = 1322, frame_num = 1259
RUN-1003 : finish command "bit_to_vec -chip EAGLE_S20_BG256 -m jtag -bit CortexM0_SOC.bit" in  1.521595s wall, 1.515625s user + 0.062500s system = 1.578125s CPU (103.7%)

RUN-1004 : used memory is 712 MB, reserved memory is 684 MB, peak memory is 723 MB
RUN-1002 : start command "program -cable 0 -spd 9 -p"
RUN-1003 : finish command "program -cable 0 -spd 9 -p" in  7.129919s wall, 0.218750s user + 0.093750s system = 0.312500s CPU (4.4%)

RUN-1004 : used memory is 739 MB, reserved memory is 713 MB, peak memory is 739 MB
RUN-1003 : finish command "download -bit CortexM0_SOC.bit -mode jtag -spd 9 -sec 64 -cable 0" in  9.146712s wall, 1.859375s user + 0.187500s system = 2.046875s CPU (22.4%)

RUN-1004 : used memory is 595 MB, reserved memory is 566 MB, peak memory is 739 MB
GUI-1001 : Download success!
RUN-1002 : start command "download -bit CortexM0_SOC.bit -mode jtag -spd 9 -sec 64 -cable 0"
PRG-2014 : Chip validation success: EAGLE_S20_BG256
RUN-1002 : start command "bit_to_vec -chip EAGLE_S20_BG256 -m jtag -bit CortexM0_SOC.bit"
PRG-3000 : BIT2VEC::JtagBitstream: completed! line_num = 1322, frame_num = 1259
RUN-1003 : finish command "bit_to_vec -chip EAGLE_S20_BG256 -m jtag -bit CortexM0_SOC.bit" in  1.468778s wall, 1.484375s user + 0.078125s system = 1.562500s CPU (106.4%)

RUN-1004 : used memory is 710 MB, reserved memory is 683 MB, peak memory is 739 MB
RUN-1002 : start command "program -cable 0 -spd 9 -p"
RUN-1003 : finish command "program -cable 0 -spd 9 -p" in  7.100025s wall, 0.125000s user + 0.046875s system = 0.171875s CPU (2.4%)

RUN-1004 : used memory is 737 MB, reserved memory is 712 MB, peak memory is 739 MB
RUN-1003 : finish command "download -bit CortexM0_SOC.bit -mode jtag -spd 9 -sec 64 -cable 0" in  9.072448s wall, 1.734375s user + 0.171875s system = 1.906250s CPU (21.0%)

RUN-1004 : used memory is 595 MB, reserved memory is 564 MB, peak memory is 739 MB
GUI-1001 : Download success!
RUN-1002 : start command "download -bit CortexM0_SOC.bit -mode jtag -spd 9 -sec 64 -cable 0"
PRG-2014 : Chip validation success: EAGLE_S20_BG256
RUN-1002 : start command "bit_to_vec -chip EAGLE_S20_BG256 -m jtag -bit CortexM0_SOC.bit"
PRG-3000 : BIT2VEC::JtagBitstream: completed! line_num = 1322, frame_num = 1259
RUN-1003 : finish command "bit_to_vec -chip EAGLE_S20_BG256 -m jtag -bit CortexM0_SOC.bit" in  1.483835s wall, 1.437500s user + 0.140625s system = 1.578125s CPU (106.4%)

RUN-1004 : used memory is 717 MB, reserved memory is 694 MB, peak memory is 739 MB
RUN-1002 : start command "program -cable 0 -spd 9 -p"
RUN-1003 : finish command "program -cable 0 -spd 9 -p" in  7.105635s wall, 0.203125s user + 0.046875s system = 0.250000s CPU (3.5%)

RUN-1004 : used memory is 744 MB, reserved memory is 723 MB, peak memory is 744 MB
RUN-1003 : finish command "download -bit CortexM0_SOC.bit -mode jtag -spd 9 -sec 64 -cable 0" in  9.091464s wall, 1.781250s user + 0.187500s system = 1.968750s CPU (21.7%)

RUN-1004 : used memory is 601 MB, reserved memory is 577 MB, peak memory is 744 MB
GUI-1001 : Download success!
RUN-1002 : start command "download -bit CortexM0_SOC.bit -mode jtag -spd 9 -sec 64 -cable 0"
PRG-2014 : Chip validation success: EAGLE_S20_BG256
RUN-1002 : start command "bit_to_vec -chip EAGLE_S20_BG256 -m jtag -bit CortexM0_SOC.bit"
PRG-3000 : BIT2VEC::JtagBitstream: completed! line_num = 1322, frame_num = 1259
RUN-1003 : finish command "bit_to_vec -chip EAGLE_S20_BG256 -m jtag -bit CortexM0_SOC.bit" in  1.621258s wall, 1.453125s user + 0.125000s system = 1.578125s CPU (97.3%)

RUN-1004 : used memory is 328 MB, reserved memory is 754 MB, peak memory is 744 MB
RUN-1002 : start command "program -cable 0 -spd 9 -p"
RUN-1003 : finish command "program -cable 0 -spd 9 -p" in  7.053905s wall, 0.093750s user + 0.062500s system = 0.156250s CPU (2.2%)

RUN-1004 : used memory is 356 MB, reserved memory is 783 MB, peak memory is 744 MB
RUN-1003 : finish command "download -bit CortexM0_SOC.bit -mode jtag -spd 9 -sec 64 -cable 0" in  9.164295s wall, 1.687500s user + 0.187500s system = 1.875000s CPU (20.5%)

RUN-1004 : used memory is 221 MB, reserved memory is 646 MB, peak memory is 744 MB
GUI-1001 : Download success!
