============================================================
   Tang Dynasty, V5.0.30786
   Copyright:   Shanghai Anlogic Infotech Co., Ltd.
                2011 - 2021
   Executable = E:/TD/bin/td.exe
   Run by =     ASUS
   Run Date =   Sun May 28 10:13:26 2023

   Run on =     DESKTOP-BICF4SF
============================================================
RUN-1002 : start command "import_device eagle_s20.db -package BG256"
ARC-1001 : Device Initialization.
ARC-1001 : ------------------------------------------------------------------
ARC-1001 :            OPTION            |          IO          |   SETTING   
ARC-1001 : ------------------------------------------------------------------
ARC-1001 :   cso_b/cclk/mosi/miso/dout  |  T3/R11/T10/P10/S11  |    gpio    
ARC-1001 :             done             |         P13          |    gpio    
ARC-1001 :           program_b          |          T2          |  dedicate  
ARC-1001 :        tdi/tms/tck/tdo       |   C12/A15/C14/E14    |  dedicate  
ARC-1001 : ------------------------------------------------------------------
ARC-1004 : Device setting, marked 5 dedicate IOs in total.
RUN-1003 : finish command "import_device eagle_s20.db -package BG256" in  1.679754s wall, 0.812500s user + 0.125000s system = 0.937500s CPU (55.8%)

RUN-1004 : used memory is 149 MB, reserved memory is 109 MB, peak memory is 149 MB
RUN-1002 : start command "import_db CortexM0_SOC_pr.db"
RUN-1001 : Importing database generated by Tang Dynasty, V5.0.30786.
RUN-1001 : Database version number 46126.
RUN-1001 : Import timing constraints
RUN-1001 : Import IO constraints
RUN-1001 : Import Inst constraints
RUN-6014 WARNING: Importing design, skipped an obsolete step parameter place:timing_factor.
RUN-6014 WARNING: Importing design, skipped an obsolete step parameter route:least_critical_net_perc.
RUN-6014 WARNING: Importing design, skipped an obsolete step parameter route:most_critical_net_perc.
RUN-6014 WARNING: Importing design, skipped an obsolete step parameter route:tactics.
RUN-1001 : Import flow parameters
RUN-1003 : finish command "import_db CortexM0_SOC_pr.db" in  21.137659s wall, 7.281250s user + 0.203125s system = 7.484375s CPU (35.4%)

RUN-1004 : used memory is 584 MB, reserved memory is 563 MB, peak memory is 584 MB
RUN-1002 : start command "download -bit CortexM0_SOC.bit -mode jtag -spd 9 -sec 64 -cable 0"
PRG-2014 : Chip validation success: EAGLE_S20_BG256
RUN-1002 : start command "bit_to_vec -chip EAGLE_S20_BG256 -m jtag -bit CortexM0_SOC.bit"
PRG-3000 : BIT2VEC::JtagBitstream: completed! line_num = 1327, frame_num = 1259
RUN-1003 : finish command "bit_to_vec -chip EAGLE_S20_BG256 -m jtag -bit CortexM0_SOC.bit" in  1.539997s wall, 1.390625s user + 0.031250s system = 1.421875s CPU (92.3%)

RUN-1004 : used memory is 745 MB, reserved memory is 724 MB, peak memory is 745 MB
RUN-1002 : start command "program -cable 0 -spd 9 -p"
RUN-1003 : finish command "program -cable 0 -spd 9 -p" in  7.987859s wall, 0.156250s user + 0.187500s system = 0.343750s CPU (4.3%)

RUN-1004 : used memory is 772 MB, reserved memory is 753 MB, peak memory is 772 MB
RUN-1003 : finish command "download -bit CortexM0_SOC.bit -mode jtag -spd 9 -sec 64 -cable 0" in  10.106771s wall, 1.656250s user + 0.281250s system = 1.937500s CPU (19.2%)

RUN-1004 : used memory is 632 MB, reserved memory is 610 MB, peak memory is 772 MB
GUI-1001 : Download success!
RUN-1002 : start command "download -bit CortexM0_SOC.bit -mode jtag -spd 6 -sec 64 -cable 0"
PRG-2014 : Chip validation success: EAGLE_S20_BG256
RUN-1002 : start command "bit_to_vec -chip EAGLE_S20_BG256 -m jtag -bit CortexM0_SOC.bit"
PRG-3000 : BIT2VEC::JtagBitstream: completed! line_num = 1327, frame_num = 1259
RUN-1003 : finish command "bit_to_vec -chip EAGLE_S20_BG256 -m jtag -bit CortexM0_SOC.bit" in  1.427754s wall, 1.421875s user + 0.015625s system = 1.437500s CPU (100.7%)

RUN-1004 : used memory is 744 MB, reserved memory is 729 MB, peak memory is 772 MB
RUN-1002 : start command "program -cable 0 -spd 6 -p"
RUN-1003 : finish command "program -cable 0 -spd 6 -p" in  8.662418s wall, 0.140625s user + 0.078125s system = 0.218750s CPU (2.5%)

RUN-1004 : used memory is 772 MB, reserved memory is 758 MB, peak memory is 772 MB
RUN-1003 : finish command "download -bit CortexM0_SOC.bit -mode jtag -spd 6 -sec 64 -cable 0" in  10.643064s wall, 1.687500s user + 0.109375s system = 1.796875s CPU (16.9%)

RUN-1004 : used memory is 636 MB, reserved memory is 622 MB, peak memory is 772 MB
GUI-1001 : Download success!
