============================================================
   Tang Dynasty, V5.0.30786
   Copyright:   Shanghai Anlogic Infotech Co., Ltd.
                2011 - 2021
   Executable = E:/TD/bin/td.exe
   Run by =     ASUS
   Run Date =   Tue May  9 22:43:40 2023

   Run on =     DESKTOP-BICF4SF
============================================================
RUN-1002 : start command "import_device eagle_s20.db -package BG256"
ARC-1001 : Device Initialization.
ARC-1001 : ------------------------------------------------------------------
ARC-1001 :            OPTION            |          IO          |   SETTING   
ARC-1001 : ------------------------------------------------------------------
ARC-1001 :   cso_b/cclk/mosi/miso/dout  |  T3/R11/T10/P10/S11  |    gpio    
ARC-1001 :             done             |         P13          |    gpio    
ARC-1001 :           program_b          |          T2          |  dedicate  
ARC-1001 :        tdi/tms/tck/tdo       |   C12/A15/C14/E14    |  dedicate  
ARC-1001 : ------------------------------------------------------------------
ARC-1004 : Device setting, marked 5 dedicate IOs in total.
RUN-1001 : Print Global Property
RUN-1001 : -------------------------------------------------------
RUN-1001 :        Parameters        |  Settings  |  Default Values  
RUN-1001 : -------------------------------------------------------
RUN-1001 :          message         |  standard  |     standard     
RUN-1001 :   mixed_pack_place_flow  |     on     |        on        
RUN-1001 :        syn_ip_flow       |    off     |       off        
RUN-1001 :          thread          |    auto    |       auto       
RUN-1001 : -------------------------------------------------------
RUN-1001 : Print Design Property
RUN-1001 : ------------------------------------------------------
RUN-1001 :        Parameters       |  Settings  |  Default Values  
RUN-1001 : ------------------------------------------------------
RUN-1001 :        infer_add        |     on     |        on        
RUN-1001 :        infer_fsm        |    off     |       off        
RUN-1001 :        infer_mult       |     on     |        on        
RUN-1001 :        infer_ram        |     on     |        on        
RUN-1001 :        infer_reg        |     on     |        on        
RUN-1001 :   infer_reg_init_value  |     on     |        on        
RUN-1001 :        infer_rom        |     on     |        on        
RUN-1001 :      infer_shifter      |    off     |       off        
RUN-1001 :         map_dram        |    auto    |       auto       
RUN-1001 : ------------------------------------------------------
RUN-1001 : Print Rtl Property
RUN-1001 : ------------------------------------------------------
RUN-1001 :        Parameters       |  Settings  |  Default Values  
RUN-1001 : ------------------------------------------------------
RUN-1001 :       compress_add      |   ripple   |      ripple      
RUN-1001 :        elf_sload        |    off     |       off        
RUN-1001 :       fix_undriven      |     0      |        0         
RUN-1001 :         flatten         |    off     |       off        
RUN-1001 :       gate_sharing      |     on     |        on        
RUN-1001 :    hdl_warning_level    |   normal   |      normal      
RUN-1001 :   impl_internal_tribuf  |     on     |        on        
RUN-1001 :      impl_set_reset     |     on     |        on        
RUN-1001 :        infer_gsr        |    off     |       off        
RUN-1001 :      keep_hierarchy     |    auto    |       auto       
RUN-1001 :        max_fanout       |    9999    |       9999       
RUN-1001 :      max_oh2bin_len     |     10     |        10        
RUN-1001 :       merge_equal       |     on     |        on        
RUN-1001 :       merge_equiv       |     on     |        on        
RUN-1001 :        merge_mux        |    off     |       off        
RUN-1001 :      min_ce_fanout      |     16     |        16        
RUN-1001 :      min_ripple_len     |    auto    |       auto       
RUN-1001 :       oh2bin_ratio      |    0.08    |       0.08       
RUN-1001 :     opt_adder_fanout    |     on     |        on        
RUN-1001 :        opt_arith        |     on     |        on        
RUN-1001 :       opt_big_gate      |    off     |       off        
RUN-1001 :        opt_const        |     on     |        on        
RUN-1001 :      opt_const_mult     |     on     |        on        
RUN-1001 :       opt_lessthan      |     on     |        on        
RUN-1001 :         opt_mux         |    off     |       off        
RUN-1001 :         opt_ram         |    high    |       high       
RUN-1001 :      rtl_sim_model      |    off     |       off        
RUN-1001 :         seq_syn         |     on     |        on        
RUN-1001 : ------------------------------------------------------
RUN-1001 : Print Global Property
RUN-1001 : -------------------------------------------------------
RUN-1001 :        Parameters        |  Settings  |  Default Values  
RUN-1001 : -------------------------------------------------------
RUN-1001 :          message         |  standard  |     standard     
RUN-1001 :   mixed_pack_place_flow  |     on     |        on        
RUN-1001 :        syn_ip_flow       |    off     |       off        
RUN-1001 :          thread          |    auto    |       auto       
RUN-1001 : -------------------------------------------------------
RUN-1001 : Print Design Property
RUN-1001 : ------------------------------------------------------
RUN-1001 :        Parameters       |  Settings  |  Default Values  
RUN-1001 : ------------------------------------------------------
RUN-1001 :        infer_add        |     on     |        on        
RUN-1001 :        infer_fsm        |    off     |       off        
RUN-1001 :        infer_mult       |     on     |        on        
RUN-1001 :        infer_ram        |     on     |        on        
RUN-1001 :        infer_reg        |     on     |        on        
RUN-1001 :   infer_reg_init_value  |     on     |        on        
RUN-1001 :        infer_rom        |     on     |        on        
RUN-1001 :      infer_shifter      |    off     |       off        
RUN-1001 :         map_dram        |    auto    |       auto       
RUN-1001 : ------------------------------------------------------
RUN-1001 : Print Rtl Property
RUN-1001 : ------------------------------------------------------
RUN-1001 :        Parameters       |  Settings  |  Default Values  
RUN-1001 : ------------------------------------------------------
RUN-1001 :       compress_add      |   ripple   |      ripple      
RUN-1001 :        elf_sload        |    off     |       off        
RUN-1001 :       fix_undriven      |     0      |        0         
RUN-1001 :         flatten         |    off     |       off        
RUN-1001 :       gate_sharing      |     on     |        on        
RUN-1001 :    hdl_warning_level    |   normal   |      normal      
RUN-1001 :   impl_internal_tribuf  |     on     |        on        
RUN-1001 :      impl_set_reset     |     on     |        on        
RUN-1001 :        infer_gsr        |    off     |       off        
RUN-1001 :      keep_hierarchy     |    auto    |       auto       
RUN-1001 :        max_fanout       |    9999    |       9999       
RUN-1001 :      max_oh2bin_len     |     10     |        10        
RUN-1001 :       merge_equal       |     on     |        on        
RUN-1001 :       merge_equiv       |     on     |        on        
RUN-1001 :        merge_mux        |    off     |       off        
RUN-1001 :      min_ce_fanout      |     16     |        16        
RUN-1001 :      min_ripple_len     |    auto    |       auto       
RUN-1001 :       oh2bin_ratio      |    0.08    |       0.08       
RUN-1001 :     opt_adder_fanout    |     on     |        on        
RUN-1001 :        opt_arith        |     on     |        on        
RUN-1001 :       opt_big_gate      |    off     |       off        
RUN-1001 :        opt_const        |     on     |        on        
RUN-1001 :      opt_const_mult     |     on     |        on        
RUN-1001 :       opt_lessthan      |     on     |        on        
RUN-1001 :         opt_mux         |    off     |       off        
RUN-1001 :         opt_ram         |    high    |       high       
RUN-1001 :      rtl_sim_model      |    off     |       off        
RUN-1001 :         seq_syn         |     on     |        on        
RUN-1001 : ------------------------------------------------------
HDL-1007 : analyze verilog file ../rtl/AHBlite_Block_RAM.v
HDL-1007 : analyze verilog file ../rtl/AHBlite_Decoder.v
HDL-1007 : analyze verilog file ../rtl/AHBlite_Interconnect.v
HDL-1007 : analyze verilog file ../rtl/AHBlite_LED.v
HDL-5007 WARNING: identifier 'mode1' is used before its declaration in ../rtl/AHBlite_LED.v(38)
HDL-5007 WARNING: identifier 'mode2' is used before its declaration in ../rtl/AHBlite_LED.v(38)
HDL-5007 WARNING: identifier 'mode3' is used before its declaration in ../rtl/AHBlite_LED.v(38)
HDL-1007 : analyze verilog file ../rtl/AHBlite_Matrix_Key.v
HDL-1007 : analyze verilog file ../rtl/AHBlite_SlaveMUX.v
HDL-1007 : analyze verilog file ../rtl/Block_RAM.v
HDL-5007 WARNING: converting concatenation to assignment pattern in ../rtl/Block_RAM.v(12)
HDL-1007 : analyze verilog file ../rtl/CortexM0_SoC.v
HDL-1007 : analyze included file F:/jichuangsai/week1_test/rtl/global_def.v in ../rtl/CortexM0_SoC.v(1)
HDL-1007 : back to file '../rtl/CortexM0_SoC.v' in ../rtl/CortexM0_SoC.v(1)
HDL-8007 ERROR: syntax error near 'input' in ../rtl/CortexM0_SoC.v(35)
HDL-8007 ERROR: Verilog 2000 keyword input used in incorrect context in ../rtl/CortexM0_SoC.v(35)
HDL-1007 : Verilog file '../rtl/CortexM0_SoC.v' ignored due to errors
HDL-1007 : analyze verilog file ../rtl/cortexm0ds_logic.v
HDL-1007 : analyze verilog file ../rtl/AHBlite_QN8027_IIC.v
HDL-1007 : analyze verilog file ../rtl/AHBlite_UART.v
HDL-1007 : analyze verilog file ../rtl/clkuart_pwm.v
HDL-1007 : analyze verilog file ../rtl/UART_RX.v
HDL-1007 : analyze verilog file ../rtl/UART_TX.v
HDL-1007 : analyze verilog file ../rtl/FIFO.v
HDL-1007 : analyze verilog file ../rtl/GPIO_IO.v
HDL-1007 : analyze verilog file ../rtl/AHBlite_SPI.v
HDL-1007 : analyze verilog file ../../ARM_Cortex-M0-main/SD_card/SD_card/prj/al_ip/PLL.v
HDL-1007 : analyze verilog file ../../ARM_Cortex-M0-main/SD_card/SD_card/rtl/Keyboard.v
HDL-1007 : analyze verilog file AHBlite_PAJ_IIC.v
HDL-1007 : analyze verilog file ../rtl/out/AND.v
HDL-1007 : analyze verilog file ../rtl/out/BlockROM1.v
HDL-1007 : analyze verilog file ../rtl/out/BlockROM2.v
HDL-1007 : analyze verilog file ../rtl/out/BlockROM3.v
HDL-1007 : analyze verilog file ../rtl/out/addr_cnt.v
HDL-1007 : analyze verilog file ../rtl/out/beat_cnt.v
HDL-1007 : analyze verilog file ../rtl/out/beat_decoder.v
HDL-1007 : analyze verilog file ../rtl/out/bzmusic_ctrl.v
HDL-1007 : analyze verilog file ../rtl/out/tune_decoder.v
HDL-1007 : analyze verilog file ../rtl/out/tune_pwm.v
HDL-1007 : analyze verilog file key_16.v
HDL-1007 : analyze verilog file CortexM0_SOC1.v
HDL-1007 : analyze included file F:/jichuangsai/week1_test/rtl/global_def.v in CortexM0_SOC1.v(3)
HDL-1007 : back to file 'CortexM0_SOC1.v' in CortexM0_SOC1.v(3)
HDL-8007 ERROR: syntax error near 'input' in CortexM0_SOC1.v(37)
HDL-8007 ERROR: Verilog 2000 keyword input used in incorrect context in CortexM0_SOC1.v(37)
HDL-1007 : Verilog file 'CortexM0_SOC1.v' ignored due to errors
RUN-1001 : Print Global Property
RUN-1001 : -------------------------------------------------------
RUN-1001 :        Parameters        |  Settings  |  Default Values  
RUN-1001 : -------------------------------------------------------
RUN-1001 :          message         |  standard  |     standard     
RUN-1001 :   mixed_pack_place_flow  |     on     |        on        
RUN-1001 :        syn_ip_flow       |    off     |       off        
RUN-1001 :          thread          |    auto    |       auto       
RUN-1001 : -------------------------------------------------------
RUN-1001 : Print Design Property
RUN-1001 : ------------------------------------------------------
RUN-1001 :        Parameters       |  Settings  |  Default Values  
RUN-1001 : ------------------------------------------------------
RUN-1001 :        infer_add        |     on     |        on        
RUN-1001 :        infer_fsm        |    off     |       off        
RUN-1001 :        infer_mult       |     on     |        on        
RUN-1001 :        infer_ram        |     on     |        on        
RUN-1001 :        infer_reg        |     on     |        on        
RUN-1001 :   infer_reg_init_value  |     on     |        on        
RUN-1001 :        infer_rom        |     on     |        on        
RUN-1001 :      infer_shifter      |    off     |       off        
RUN-1001 :         map_dram        |    auto    |       auto       
RUN-1001 : ------------------------------------------------------
RUN-1001 : Print Rtl Property
RUN-1001 : ------------------------------------------------------
RUN-1001 :        Parameters       |  Settings  |  Default Values  
RUN-1001 : ------------------------------------------------------
RUN-1001 :       compress_add      |   ripple   |      ripple      
RUN-1001 :        elf_sload        |    off     |       off        
RUN-1001 :       fix_undriven      |     0      |        0         
RUN-1001 :         flatten         |    off     |       off        
RUN-1001 :       gate_sharing      |     on     |        on        
RUN-1001 :    hdl_warning_level    |   normal   |      normal      
RUN-1001 :   impl_internal_tribuf  |     on     |        on        
RUN-1001 :      impl_set_reset     |     on     |        on        
RUN-1001 :        infer_gsr        |    off     |       off        
RUN-1001 :      keep_hierarchy     |    auto    |       auto       
RUN-1001 :        max_fanout       |    9999    |       9999       
RUN-1001 :      max_oh2bin_len     |     10     |        10        
RUN-1001 :       merge_equal       |     on     |        on        
RUN-1001 :       merge_equiv       |     on     |        on        
RUN-1001 :        merge_mux        |    off     |       off        
RUN-1001 :      min_ce_fanout      |     16     |        16        
RUN-1001 :      min_ripple_len     |    auto    |       auto       
RUN-1001 :       oh2bin_ratio      |    0.08    |       0.08       
RUN-1001 :     opt_adder_fanout    |     on     |        on        
RUN-1001 :        opt_arith        |     on     |        on        
RUN-1001 :       opt_big_gate      |    off     |       off        
RUN-1001 :        opt_const        |     on     |        on        
RUN-1001 :      opt_const_mult     |     on     |        on        
RUN-1001 :       opt_lessthan      |     on     |        on        
RUN-1001 :         opt_mux         |    off     |       off        
RUN-1001 :         opt_ram         |    high    |       high       
RUN-1001 :      rtl_sim_model      |    off     |       off        
RUN-1001 :         seq_syn         |     on     |        on        
RUN-1001 : ------------------------------------------------------
RUN-1001 : Print Global Property
RUN-1001 : -------------------------------------------------------
RUN-1001 :        Parameters        |  Settings  |  Default Values  
RUN-1001 : -------------------------------------------------------
RUN-1001 :          message         |  standard  |     standard     
RUN-1001 :   mixed_pack_place_flow  |     on     |        on        
RUN-1001 :        syn_ip_flow       |    off     |       off        
RUN-1001 :          thread          |    auto    |       auto       
RUN-1001 : -------------------------------------------------------
RUN-1001 : Print Design Property
RUN-1001 : ------------------------------------------------------
RUN-1001 :        Parameters       |  Settings  |  Default Values  
RUN-1001 : ------------------------------------------------------
RUN-1001 :        infer_add        |     on     |        on        
RUN-1001 :        infer_fsm        |    off     |       off        
RUN-1001 :        infer_mult       |     on     |        on        
RUN-1001 :        infer_ram        |     on     |        on        
RUN-1001 :        infer_reg        |     on     |        on        
RUN-1001 :   infer_reg_init_value  |     on     |        on        
RUN-1001 :        infer_rom        |     on     |        on        
RUN-1001 :      infer_shifter      |    off     |       off        
RUN-1001 :         map_dram        |    auto    |       auto       
RUN-1001 : ------------------------------------------------------
RUN-1001 : Print Rtl Property
RUN-1001 : ------------------------------------------------------
RUN-1001 :        Parameters       |  Settings  |  Default Values  
RUN-1001 : ------------------------------------------------------
RUN-1001 :       compress_add      |   ripple   |      ripple      
RUN-1001 :        elf_sload        |    off     |       off        
RUN-1001 :       fix_undriven      |     0      |        0         
RUN-1001 :         flatten         |    off     |       off        
RUN-1001 :       gate_sharing      |     on     |        on        
RUN-1001 :    hdl_warning_level    |   normal   |      normal      
RUN-1001 :   impl_internal_tribuf  |     on     |        on        
RUN-1001 :      impl_set_reset     |     on     |        on        
RUN-1001 :        infer_gsr        |    off     |       off        
RUN-1001 :      keep_hierarchy     |    auto    |       auto       
RUN-1001 :        max_fanout       |    9999    |       9999       
RUN-1001 :      max_oh2bin_len     |     10     |        10        
RUN-1001 :       merge_equal       |     on     |        on        
RUN-1001 :       merge_equiv       |     on     |        on        
RUN-1001 :        merge_mux        |    off     |       off        
RUN-1001 :      min_ce_fanout      |     16     |        16        
RUN-1001 :      min_ripple_len     |    auto    |       auto       
RUN-1001 :       oh2bin_ratio      |    0.08    |       0.08       
RUN-1001 :     opt_adder_fanout    |     on     |        on        
RUN-1001 :        opt_arith        |     on     |        on        
RUN-1001 :       opt_big_gate      |    off     |       off        
RUN-1001 :        opt_const        |     on     |        on        
RUN-1001 :      opt_const_mult     |     on     |        on        
RUN-1001 :       opt_lessthan      |     on     |        on        
RUN-1001 :         opt_mux         |    off     |       off        
RUN-1001 :         opt_ram         |    high    |       high       
RUN-1001 :      rtl_sim_model      |    off     |       off        
RUN-1001 :         seq_syn         |     on     |        on        
RUN-1001 : ------------------------------------------------------
RUN-1001 : Print Global Property
RUN-1001 : -------------------------------------------------------
RUN-1001 :        Parameters        |  Settings  |  Default Values  
RUN-1001 : -------------------------------------------------------
RUN-1001 :          message         |  standard  |     standard     
RUN-1001 :   mixed_pack_place_flow  |     on     |        on        
RUN-1001 :        syn_ip_flow       |    off     |       off        
RUN-1001 :          thread          |    auto    |       auto       
RUN-1001 : -------------------------------------------------------
RUN-1001 : Print Design Property
RUN-1001 : ------------------------------------------------------
RUN-1001 :        Parameters       |  Settings  |  Default Values  
RUN-1001 : ------------------------------------------------------
RUN-1001 :        infer_add        |     on     |        on        
RUN-1001 :        infer_fsm        |    off     |       off        
RUN-1001 :        infer_mult       |     on     |        on        
RUN-1001 :        infer_ram        |     on     |        on        
RUN-1001 :        infer_reg        |     on     |        on        
RUN-1001 :   infer_reg_init_value  |     on     |        on        
RUN-1001 :        infer_rom        |     on     |        on        
RUN-1001 :      infer_shifter      |    off     |       off        
RUN-1001 :         map_dram        |    auto    |       auto       
RUN-1001 : ------------------------------------------------------
RUN-1001 : Print Rtl Property
RUN-1001 : ------------------------------------------------------
RUN-1001 :        Parameters       |  Settings  |  Default Values  
RUN-1001 : ------------------------------------------------------
RUN-1001 :       compress_add      |   ripple   |      ripple      
RUN-1001 :        elf_sload        |    off     |       off        
RUN-1001 :       fix_undriven      |     0      |        0         
RUN-1001 :         flatten         |    off     |       off        
RUN-1001 :       gate_sharing      |     on     |        on        
RUN-1001 :    hdl_warning_level    |   normal   |      normal      
RUN-1001 :   impl_internal_tribuf  |     on     |        on        
RUN-1001 :      impl_set_reset     |     on     |        on        
RUN-1001 :        infer_gsr        |    off     |       off        
RUN-1001 :      keep_hierarchy     |    auto    |       auto       
RUN-1001 :        max_fanout       |    9999    |       9999       
RUN-1001 :      max_oh2bin_len     |     10     |        10        
RUN-1001 :       merge_equal       |     on     |        on        
RUN-1001 :       merge_equiv       |     on     |        on        
RUN-1001 :        merge_mux        |    off     |       off        
RUN-1001 :      min_ce_fanout      |     16     |        16        
RUN-1001 :      min_ripple_len     |    auto    |       auto       
RUN-1001 :       oh2bin_ratio      |    0.08    |       0.08       
RUN-1001 :     opt_adder_fanout    |     on     |        on        
RUN-1001 :        opt_arith        |     on     |        on        
RUN-1001 :       opt_big_gate      |    off     |       off        
RUN-1001 :        opt_const        |     on     |        on        
RUN-1001 :      opt_const_mult     |     on     |        on        
RUN-1001 :       opt_lessthan      |     on     |        on        
RUN-1001 :         opt_mux         |    off     |       off        
RUN-1001 :         opt_ram         |    high    |       high       
RUN-1001 :      rtl_sim_model      |    off     |       off        
RUN-1001 :         seq_syn         |     on     |        on        
RUN-1001 : ------------------------------------------------------
HDL-1007 : analyze verilog file ../rtl/AHBlite_Block_RAM.v
HDL-1007 : analyze verilog file ../rtl/AHBlite_Decoder.v
HDL-1007 : analyze verilog file ../rtl/AHBlite_Interconnect.v
HDL-1007 : analyze verilog file ../rtl/AHBlite_LED.v
HDL-5007 WARNING: identifier 'mode1' is used before its declaration in ../rtl/AHBlite_LED.v(38)
HDL-5007 WARNING: identifier 'mode2' is used before its declaration in ../rtl/AHBlite_LED.v(38)
HDL-5007 WARNING: identifier 'mode3' is used before its declaration in ../rtl/AHBlite_LED.v(38)
HDL-1007 : analyze verilog file ../rtl/AHBlite_Matrix_Key.v
HDL-1007 : analyze verilog file ../rtl/AHBlite_SlaveMUX.v
HDL-1007 : analyze verilog file ../rtl/Block_RAM.v
HDL-5007 WARNING: converting concatenation to assignment pattern in ../rtl/Block_RAM.v(12)
HDL-1007 : analyze verilog file ../rtl/CortexM0_SoC.v
HDL-1007 : analyze included file F:/jichuangsai/week1_test/rtl/global_def.v in ../rtl/CortexM0_SoC.v(1)
HDL-1007 : back to file '../rtl/CortexM0_SoC.v' in ../rtl/CortexM0_SoC.v(1)
HDL-8007 ERROR: syntax error near 'input' in ../rtl/CortexM0_SoC.v(35)
HDL-8007 ERROR: Verilog 2000 keyword input used in incorrect context in ../rtl/CortexM0_SoC.v(35)
HDL-1007 : Verilog file '../rtl/CortexM0_SoC.v' ignored due to errors
HDL-1007 : analyze verilog file ../rtl/cortexm0ds_logic.v
HDL-1007 : analyze verilog file ../rtl/AHBlite_QN8027_IIC.v
HDL-1007 : analyze verilog file ../rtl/AHBlite_UART.v
HDL-1007 : analyze verilog file ../rtl/clkuart_pwm.v
HDL-1007 : analyze verilog file ../rtl/UART_RX.v
HDL-1007 : analyze verilog file ../rtl/UART_TX.v
HDL-1007 : analyze verilog file ../rtl/FIFO.v
HDL-1007 : analyze verilog file ../rtl/GPIO_IO.v
HDL-1007 : analyze verilog file ../rtl/AHBlite_SPI.v
HDL-1007 : analyze verilog file ../../ARM_Cortex-M0-main/SD_card/SD_card/prj/al_ip/PLL.v
HDL-1007 : analyze verilog file ../../ARM_Cortex-M0-main/SD_card/SD_card/rtl/Keyboard.v
HDL-1007 : analyze verilog file AHBlite_PAJ_IIC.v
HDL-1007 : analyze verilog file ../rtl/out/AND.v
HDL-1007 : analyze verilog file ../rtl/out/BlockROM1.v
HDL-1007 : analyze verilog file ../rtl/out/BlockROM2.v
HDL-1007 : analyze verilog file ../rtl/out/BlockROM3.v
HDL-1007 : analyze verilog file ../rtl/out/addr_cnt.v
HDL-1007 : analyze verilog file ../rtl/out/beat_cnt.v
HDL-1007 : analyze verilog file ../rtl/out/beat_decoder.v
HDL-1007 : analyze verilog file ../rtl/out/bzmusic_ctrl.v
HDL-1007 : analyze verilog file ../rtl/out/tune_decoder.v
HDL-1007 : analyze verilog file ../rtl/out/tune_pwm.v
HDL-1007 : analyze verilog file key_16.v
HDL-1007 : analyze verilog file CortexM0_SOC1.v
HDL-1007 : analyze included file F:/jichuangsai/week1_test/rtl/global_def.v in CortexM0_SOC1.v(3)
HDL-1007 : back to file 'CortexM0_SOC1.v' in CortexM0_SOC1.v(3)
HDL-8007 ERROR: syntax error near 'input' in CortexM0_SOC1.v(37)
HDL-8007 ERROR: Verilog 2000 keyword input used in incorrect context in CortexM0_SOC1.v(37)
HDL-1007 : Verilog file 'CortexM0_SOC1.v' ignored due to errors
RUN-1001 : Print Global Property
RUN-1001 : -------------------------------------------------------
RUN-1001 :        Parameters        |  Settings  |  Default Values  
RUN-1001 : -------------------------------------------------------
RUN-1001 :          message         |  standard  |     standard     
RUN-1001 :   mixed_pack_place_flow  |     on     |        on        
RUN-1001 :        syn_ip_flow       |    off     |       off        
RUN-1001 :          thread          |    auto    |       auto       
RUN-1001 : -------------------------------------------------------
RUN-1001 : Print Design Property
RUN-1001 : ------------------------------------------------------
RUN-1001 :        Parameters       |  Settings  |  Default Values  
RUN-1001 : ------------------------------------------------------
RUN-1001 :        infer_add        |     on     |        on        
RUN-1001 :        infer_fsm        |    off     |       off        
RUN-1001 :        infer_mult       |     on     |        on        
RUN-1001 :        infer_ram        |     on     |        on        
RUN-1001 :        infer_reg        |     on     |        on        
RUN-1001 :   infer_reg_init_value  |     on     |        on        
RUN-1001 :        infer_rom        |     on     |        on        
RUN-1001 :      infer_shifter      |    off     |       off        
RUN-1001 :         map_dram        |    auto    |       auto       
RUN-1001 : ------------------------------------------------------
RUN-1001 : Print Rtl Property
RUN-1001 : ------------------------------------------------------
RUN-1001 :        Parameters       |  Settings  |  Default Values  
RUN-1001 : ------------------------------------------------------
RUN-1001 :       compress_add      |   ripple   |      ripple      
RUN-1001 :        elf_sload        |    off     |       off        
RUN-1001 :       fix_undriven      |     0      |        0         
RUN-1001 :         flatten         |    off     |       off        
RUN-1001 :       gate_sharing      |     on     |        on        
RUN-1001 :    hdl_warning_level    |   normal   |      normal      
RUN-1001 :   impl_internal_tribuf  |     on     |        on        
RUN-1001 :      impl_set_reset     |     on     |        on        
RUN-1001 :        infer_gsr        |    off     |       off        
RUN-1001 :      keep_hierarchy     |    auto    |       auto       
RUN-1001 :        max_fanout       |    9999    |       9999       
RUN-1001 :      max_oh2bin_len     |     10     |        10        
RUN-1001 :       merge_equal       |     on     |        on        
RUN-1001 :       merge_equiv       |     on     |        on        
RUN-1001 :        merge_mux        |    off     |       off        
RUN-1001 :      min_ce_fanout      |     16     |        16        
RUN-1001 :      min_ripple_len     |    auto    |       auto       
RUN-1001 :       oh2bin_ratio      |    0.08    |       0.08       
RUN-1001 :     opt_adder_fanout    |     on     |        on        
RUN-1001 :        opt_arith        |     on     |        on        
RUN-1001 :       opt_big_gate      |    off     |       off        
RUN-1001 :        opt_const        |     on     |        on        
RUN-1001 :      opt_const_mult     |     on     |        on        
RUN-1001 :       opt_lessthan      |     on     |        on        
RUN-1001 :         opt_mux         |    off     |       off        
RUN-1001 :         opt_ram         |    high    |       high       
RUN-1001 :      rtl_sim_model      |    off     |       off        
RUN-1001 :         seq_syn         |     on     |        on        
RUN-1001 : ------------------------------------------------------
HDL-1007 : analyze verilog file ../rtl/AHBlite_Block_RAM.v
HDL-1007 : analyze verilog file ../rtl/AHBlite_Decoder.v
HDL-1007 : analyze verilog file ../rtl/AHBlite_Interconnect.v
HDL-1007 : analyze verilog file ../rtl/AHBlite_LED.v
HDL-5007 WARNING: identifier 'mode1' is used before its declaration in ../rtl/AHBlite_LED.v(38)
HDL-5007 WARNING: identifier 'mode2' is used before its declaration in ../rtl/AHBlite_LED.v(38)
HDL-5007 WARNING: identifier 'mode3' is used before its declaration in ../rtl/AHBlite_LED.v(38)
HDL-1007 : analyze verilog file ../rtl/AHBlite_Matrix_Key.v
HDL-1007 : analyze verilog file ../rtl/AHBlite_SlaveMUX.v
HDL-1007 : analyze verilog file ../rtl/Block_RAM.v
HDL-5007 WARNING: converting concatenation to assignment pattern in ../rtl/Block_RAM.v(12)
HDL-1007 : analyze verilog file ../rtl/CortexM0_SoC.v
HDL-1007 : analyze included file F:/jichuangsai/week1_test/rtl/global_def.v in ../rtl/CortexM0_SoC.v(1)
HDL-1007 : back to file '../rtl/CortexM0_SoC.v' in ../rtl/CortexM0_SoC.v(1)
HDL-8007 ERROR: syntax error near 'non-printable character with the hex value '0xef'' in ../rtl/CortexM0_SoC.v(33)
HDL-1007 : Verilog file '../rtl/CortexM0_SoC.v' ignored due to errors
HDL-1007 : analyze verilog file ../rtl/cortexm0ds_logic.v
HDL-1007 : analyze verilog file ../rtl/AHBlite_QN8027_IIC.v
HDL-1007 : analyze verilog file ../rtl/AHBlite_UART.v
HDL-1007 : analyze verilog file ../rtl/clkuart_pwm.v
HDL-1007 : analyze verilog file ../rtl/UART_RX.v
HDL-1007 : analyze verilog file ../rtl/UART_TX.v
HDL-1007 : analyze verilog file ../rtl/FIFO.v
HDL-1007 : analyze verilog file ../rtl/GPIO_IO.v
HDL-1007 : analyze verilog file ../rtl/AHBlite_SPI.v
HDL-1007 : analyze verilog file ../../ARM_Cortex-M0-main/SD_card/SD_card/prj/al_ip/PLL.v
HDL-1007 : analyze verilog file ../../ARM_Cortex-M0-main/SD_card/SD_card/rtl/Keyboard.v
HDL-1007 : analyze verilog file AHBlite_PAJ_IIC.v
HDL-1007 : analyze verilog file ../rtl/out/AND.v
HDL-1007 : analyze verilog file ../rtl/out/BlockROM1.v
HDL-1007 : analyze verilog file ../rtl/out/BlockROM2.v
HDL-1007 : analyze verilog file ../rtl/out/BlockROM3.v
HDL-1007 : analyze verilog file ../rtl/out/addr_cnt.v
HDL-1007 : analyze verilog file ../rtl/out/beat_cnt.v
HDL-1007 : analyze verilog file ../rtl/out/beat_decoder.v
HDL-1007 : analyze verilog file ../rtl/out/bzmusic_ctrl.v
HDL-1007 : analyze verilog file ../rtl/out/tune_decoder.v
HDL-1007 : analyze verilog file ../rtl/out/tune_pwm.v
HDL-1007 : analyze verilog file key_16.v
HDL-1007 : analyze verilog file CortexM0_SOC1.v
HDL-1007 : analyze included file F:/jichuangsai/week1_test/rtl/global_def.v in CortexM0_SOC1.v(3)
HDL-1007 : back to file 'CortexM0_SOC1.v' in CortexM0_SOC1.v(3)
HDL-8007 ERROR: syntax error near 'input' in CortexM0_SOC1.v(37)
HDL-8007 ERROR: Verilog 2000 keyword input used in incorrect context in CortexM0_SOC1.v(37)
HDL-1007 : Verilog file 'CortexM0_SOC1.v' ignored due to errors
RUN-1001 : Print Global Property
RUN-1001 : -------------------------------------------------------
RUN-1001 :        Parameters        |  Settings  |  Default Values  
RUN-1001 : -------------------------------------------------------
RUN-1001 :          message         |  standard  |     standard     
RUN-1001 :   mixed_pack_place_flow  |     on     |        on        
RUN-1001 :        syn_ip_flow       |    off     |       off        
RUN-1001 :          thread          |    auto    |       auto       
RUN-1001 : -------------------------------------------------------
RUN-1001 : Print Design Property
RUN-1001 : ------------------------------------------------------
RUN-1001 :        Parameters       |  Settings  |  Default Values  
RUN-1001 : ------------------------------------------------------
RUN-1001 :        infer_add        |     on     |        on        
RUN-1001 :        infer_fsm        |    off     |       off        
RUN-1001 :        infer_mult       |     on     |        on        
RUN-1001 :        infer_ram        |     on     |        on        
RUN-1001 :        infer_reg        |     on     |        on        
RUN-1001 :   infer_reg_init_value  |     on     |        on        
RUN-1001 :        infer_rom        |     on     |        on        
RUN-1001 :      infer_shifter      |    off     |       off        
RUN-1001 :         map_dram        |    auto    |       auto       
RUN-1001 : ------------------------------------------------------
RUN-1001 : Print Rtl Property
RUN-1001 : ------------------------------------------------------
RUN-1001 :        Parameters       |  Settings  |  Default Values  
RUN-1001 : ------------------------------------------------------
RUN-1001 :       compress_add      |   ripple   |      ripple      
RUN-1001 :        elf_sload        |    off     |       off        
RUN-1001 :       fix_undriven      |     0      |        0         
RUN-1001 :         flatten         |    off     |       off        
RUN-1001 :       gate_sharing      |     on     |        on        
RUN-1001 :    hdl_warning_level    |   normal   |      normal      
RUN-1001 :   impl_internal_tribuf  |     on     |        on        
RUN-1001 :      impl_set_reset     |     on     |        on        
RUN-1001 :        infer_gsr        |    off     |       off        
RUN-1001 :      keep_hierarchy     |    auto    |       auto       
RUN-1001 :        max_fanout       |    9999    |       9999       
RUN-1001 :      max_oh2bin_len     |     10     |        10        
RUN-1001 :       merge_equal       |     on     |        on        
RUN-1001 :       merge_equiv       |     on     |        on        
RUN-1001 :        merge_mux        |    off     |       off        
RUN-1001 :      min_ce_fanout      |     16     |        16        
RUN-1001 :      min_ripple_len     |    auto    |       auto       
RUN-1001 :       oh2bin_ratio      |    0.08    |       0.08       
RUN-1001 :     opt_adder_fanout    |     on     |        on        
RUN-1001 :        opt_arith        |     on     |        on        
RUN-1001 :       opt_big_gate      |    off     |       off        
RUN-1001 :        opt_const        |     on     |        on        
RUN-1001 :      opt_const_mult     |     on     |        on        
RUN-1001 :       opt_lessthan      |     on     |        on        
RUN-1001 :         opt_mux         |    off     |       off        
RUN-1001 :         opt_ram         |    high    |       high       
RUN-1001 :      rtl_sim_model      |    off     |       off        
RUN-1001 :         seq_syn         |     on     |        on        
RUN-1001 : ------------------------------------------------------
HDL-1007 : analyze verilog file ../rtl/AHBlite_Block_RAM.v
HDL-1007 : analyze verilog file ../rtl/AHBlite_Decoder.v
HDL-1007 : analyze verilog file ../rtl/AHBlite_Interconnect.v
HDL-1007 : analyze verilog file ../rtl/AHBlite_LED.v
HDL-5007 WARNING: identifier 'mode1' is used before its declaration in ../rtl/AHBlite_LED.v(38)
HDL-5007 WARNING: identifier 'mode2' is used before its declaration in ../rtl/AHBlite_LED.v(38)
HDL-5007 WARNING: identifier 'mode3' is used before its declaration in ../rtl/AHBlite_LED.v(38)
HDL-1007 : analyze verilog file ../rtl/AHBlite_Matrix_Key.v
HDL-1007 : analyze verilog file ../rtl/AHBlite_SlaveMUX.v
HDL-1007 : analyze verilog file ../rtl/Block_RAM.v
HDL-5007 WARNING: converting concatenation to assignment pattern in ../rtl/Block_RAM.v(12)
HDL-1007 : analyze verilog file ../rtl/CortexM0_SoC.v
HDL-1007 : analyze included file F:/jichuangsai/week1_test/rtl/global_def.v in ../rtl/CortexM0_SoC.v(1)
HDL-1007 : back to file '../rtl/CortexM0_SoC.v' in ../rtl/CortexM0_SoC.v(1)
HDL-5007 WARNING: 'data' is already implicitly declared on line 82 in ../rtl/CortexM0_SoC.v(122)
HDL-5007 WARNING: 'clk' is already implicitly declared on line 179 in ../rtl/CortexM0_SoC.v(200)
HDL-1007 : analyze verilog file ../rtl/cortexm0ds_logic.v
HDL-1007 : analyze verilog file ../rtl/AHBlite_QN8027_IIC.v
HDL-1007 : analyze verilog file ../rtl/AHBlite_UART.v
HDL-1007 : analyze verilog file ../rtl/clkuart_pwm.v
HDL-1007 : analyze verilog file ../rtl/UART_RX.v
HDL-1007 : analyze verilog file ../rtl/UART_TX.v
HDL-1007 : analyze verilog file ../rtl/FIFO.v
HDL-1007 : analyze verilog file ../rtl/GPIO_IO.v
HDL-1007 : analyze verilog file ../rtl/AHBlite_SPI.v
HDL-1007 : analyze verilog file ../../ARM_Cortex-M0-main/SD_card/SD_card/prj/al_ip/PLL.v
HDL-1007 : analyze verilog file ../../ARM_Cortex-M0-main/SD_card/SD_card/rtl/Keyboard.v
HDL-1007 : analyze verilog file AHBlite_PAJ_IIC.v
HDL-1007 : analyze verilog file ../rtl/out/AND.v
HDL-1007 : analyze verilog file ../rtl/out/BlockROM1.v
HDL-1007 : analyze verilog file ../rtl/out/BlockROM2.v
HDL-1007 : analyze verilog file ../rtl/out/BlockROM3.v
HDL-1007 : analyze verilog file ../rtl/out/addr_cnt.v
HDL-1007 : analyze verilog file ../rtl/out/beat_cnt.v
HDL-1007 : analyze verilog file ../rtl/out/beat_decoder.v
HDL-1007 : analyze verilog file ../rtl/out/bzmusic_ctrl.v
HDL-1007 : analyze verilog file ../rtl/out/tune_decoder.v
HDL-1007 : analyze verilog file ../rtl/out/tune_pwm.v
HDL-1007 : analyze verilog file key_16.v
HDL-1007 : analyze verilog file CortexM0_SOC1.v
HDL-1007 : analyze included file F:/jichuangsai/week1_test/rtl/global_def.v in CortexM0_SOC1.v(3)
HDL-1007 : back to file 'CortexM0_SOC1.v' in CortexM0_SOC1.v(3)
HDL-8007 ERROR: syntax error near 'input' in CortexM0_SOC1.v(37)
HDL-8007 ERROR: Verilog 2000 keyword input used in incorrect context in CortexM0_SOC1.v(37)
HDL-1007 : Verilog file 'CortexM0_SOC1.v' ignored due to errors
RUN-1001 : Print Global Property
RUN-1001 : -------------------------------------------------------
RUN-1001 :        Parameters        |  Settings  |  Default Values  
RUN-1001 : -------------------------------------------------------
RUN-1001 :          message         |  standard  |     standard     
RUN-1001 :   mixed_pack_place_flow  |     on     |        on        
RUN-1001 :        syn_ip_flow       |    off     |       off        
RUN-1001 :          thread          |    auto    |       auto       
RUN-1001 : -------------------------------------------------------
RUN-1001 : Print Design Property
RUN-1001 : ------------------------------------------------------
RUN-1001 :        Parameters       |  Settings  |  Default Values  
RUN-1001 : ------------------------------------------------------
RUN-1001 :        infer_add        |     on     |        on        
RUN-1001 :        infer_fsm        |    off     |       off        
RUN-1001 :        infer_mult       |     on     |        on        
RUN-1001 :        infer_ram        |     on     |        on        
RUN-1001 :        infer_reg        |     on     |        on        
RUN-1001 :   infer_reg_init_value  |     on     |        on        
RUN-1001 :        infer_rom        |     on     |        on        
RUN-1001 :      infer_shifter      |    off     |       off        
RUN-1001 :         map_dram        |    auto    |       auto       
RUN-1001 : ------------------------------------------------------
RUN-1001 : Print Rtl Property
RUN-1001 : ------------------------------------------------------
RUN-1001 :        Parameters       |  Settings  |  Default Values  
RUN-1001 : ------------------------------------------------------
RUN-1001 :       compress_add      |   ripple   |      ripple      
RUN-1001 :        elf_sload        |    off     |       off        
RUN-1001 :       fix_undriven      |     0      |        0         
RUN-1001 :         flatten         |    off     |       off        
RUN-1001 :       gate_sharing      |     on     |        on        
RUN-1001 :    hdl_warning_level    |   normal   |      normal      
RUN-1001 :   impl_internal_tribuf  |     on     |        on        
RUN-1001 :      impl_set_reset     |     on     |        on        
RUN-1001 :        infer_gsr        |    off     |       off        
RUN-1001 :      keep_hierarchy     |    auto    |       auto       
RUN-1001 :        max_fanout       |    9999    |       9999       
RUN-1001 :      max_oh2bin_len     |     10     |        10        
RUN-1001 :       merge_equal       |     on     |        on        
RUN-1001 :       merge_equiv       |     on     |        on        
RUN-1001 :        merge_mux        |    off     |       off        
RUN-1001 :      min_ce_fanout      |     16     |        16        
RUN-1001 :      min_ripple_len     |    auto    |       auto       
RUN-1001 :       oh2bin_ratio      |    0.08    |       0.08       
RUN-1001 :     opt_adder_fanout    |     on     |        on        
RUN-1001 :        opt_arith        |     on     |        on        
RUN-1001 :       opt_big_gate      |    off     |       off        
RUN-1001 :        opt_const        |     on     |        on        
RUN-1001 :      opt_const_mult     |     on     |        on        
RUN-1001 :       opt_lessthan      |     on     |        on        
RUN-1001 :         opt_mux         |    off     |       off        
RUN-1001 :         opt_ram         |    high    |       high       
RUN-1001 :      rtl_sim_model      |    off     |       off        
RUN-1001 :         seq_syn         |     on     |        on        
RUN-1001 : ------------------------------------------------------
HDL-1007 : analyze verilog file ../rtl/AHBlite_Block_RAM.v
HDL-1007 : analyze verilog file ../rtl/AHBlite_Decoder.v
HDL-1007 : analyze verilog file ../rtl/AHBlite_Interconnect.v
HDL-1007 : analyze verilog file ../rtl/AHBlite_LED.v
HDL-5007 WARNING: identifier 'mode1' is used before its declaration in ../rtl/AHBlite_LED.v(38)
HDL-5007 WARNING: identifier 'mode2' is used before its declaration in ../rtl/AHBlite_LED.v(38)
HDL-5007 WARNING: identifier 'mode3' is used before its declaration in ../rtl/AHBlite_LED.v(38)
HDL-1007 : analyze verilog file ../rtl/AHBlite_Matrix_Key.v
HDL-1007 : analyze verilog file ../rtl/AHBlite_SlaveMUX.v
HDL-1007 : analyze verilog file ../rtl/Block_RAM.v
HDL-5007 WARNING: converting concatenation to assignment pattern in ../rtl/Block_RAM.v(12)
HDL-1007 : analyze verilog file ../rtl/CortexM0_SoC.v
HDL-1007 : analyze included file F:/jichuangsai/week1_test/rtl/global_def.v in ../rtl/CortexM0_SoC.v(1)
HDL-1007 : back to file '../rtl/CortexM0_SoC.v' in ../rtl/CortexM0_SoC.v(1)
HDL-5007 WARNING: 'data' is already implicitly declared on line 82 in ../rtl/CortexM0_SoC.v(122)
HDL-5007 WARNING: 'clk' is already implicitly declared on line 179 in ../rtl/CortexM0_SoC.v(200)
HDL-1007 : analyze verilog file ../rtl/cortexm0ds_logic.v
HDL-1007 : analyze verilog file ../rtl/AHBlite_QN8027_IIC.v
HDL-1007 : analyze verilog file ../rtl/AHBlite_UART.v
HDL-1007 : analyze verilog file ../rtl/clkuart_pwm.v
HDL-1007 : analyze verilog file ../rtl/UART_RX.v
HDL-1007 : analyze verilog file ../rtl/UART_TX.v
HDL-1007 : analyze verilog file ../rtl/FIFO.v
HDL-1007 : analyze verilog file ../rtl/GPIO_IO.v
HDL-1007 : analyze verilog file ../rtl/AHBlite_SPI.v
HDL-1007 : analyze verilog file ../../ARM_Cortex-M0-main/SD_card/SD_card/prj/al_ip/PLL.v
HDL-1007 : analyze verilog file ../../ARM_Cortex-M0-main/SD_card/SD_card/rtl/Keyboard.v
HDL-1007 : analyze verilog file AHBlite_PAJ_IIC.v
HDL-1007 : analyze verilog file ../rtl/out/AND.v
HDL-1007 : analyze verilog file ../rtl/out/BlockROM1.v
HDL-1007 : analyze verilog file ../rtl/out/BlockROM2.v
HDL-1007 : analyze verilog file ../rtl/out/BlockROM3.v
HDL-1007 : analyze verilog file ../rtl/out/addr_cnt.v
HDL-1007 : analyze verilog file ../rtl/out/beat_cnt.v
HDL-1007 : analyze verilog file ../rtl/out/beat_decoder.v
HDL-1007 : analyze verilog file ../rtl/out/bzmusic_ctrl.v
HDL-1007 : analyze verilog file ../rtl/out/tune_decoder.v
HDL-1007 : analyze verilog file ../rtl/out/tune_pwm.v
HDL-1007 : analyze verilog file key_16.v
HDL-1007 : analyze verilog file CortexM0_SOC1.v
HDL-1007 : analyze included file F:/jichuangsai/week1_test/rtl/global_def.v in CortexM0_SOC1.v(3)
HDL-1007 : back to file 'CortexM0_SOC1.v' in CortexM0_SOC1.v(3)
HDL-8007 ERROR: syntax error near 'input' in CortexM0_SOC1.v(37)
HDL-8007 ERROR: Verilog 2000 keyword input used in incorrect context in CortexM0_SOC1.v(37)
HDL-1007 : Verilog file 'CortexM0_SOC1.v' ignored due to errors
GUI-8003 ERROR: CortexM0_SOC1.v is missing!
RUN-1001 : Print Global Property
RUN-1001 : -------------------------------------------------------
RUN-1001 :        Parameters        |  Settings  |  Default Values  
RUN-1001 : -------------------------------------------------------
RUN-1001 :          message         |  standard  |     standard     
RUN-1001 :   mixed_pack_place_flow  |     on     |        on        
RUN-1001 :        syn_ip_flow       |    off     |       off        
RUN-1001 :          thread          |    auto    |       auto       
RUN-1001 : -------------------------------------------------------
RUN-1001 : Print Design Property
RUN-1001 : ------------------------------------------------------
RUN-1001 :        Parameters       |  Settings  |  Default Values  
RUN-1001 : ------------------------------------------------------
RUN-1001 :        infer_add        |     on     |        on        
RUN-1001 :        infer_fsm        |    off     |       off        
RUN-1001 :        infer_mult       |     on     |        on        
RUN-1001 :        infer_ram        |     on     |        on        
RUN-1001 :        infer_reg        |     on     |        on        
RUN-1001 :   infer_reg_init_value  |     on     |        on        
RUN-1001 :        infer_rom        |     on     |        on        
RUN-1001 :      infer_shifter      |    off     |       off        
RUN-1001 :         map_dram        |    auto    |       auto       
RUN-1001 : ------------------------------------------------------
RUN-1001 : Print Rtl Property
RUN-1001 : ------------------------------------------------------
RUN-1001 :        Parameters       |  Settings  |  Default Values  
RUN-1001 : ------------------------------------------------------
RUN-1001 :       compress_add      |   ripple   |      ripple      
RUN-1001 :        elf_sload        |    off     |       off        
RUN-1001 :       fix_undriven      |     0      |        0         
RUN-1001 :         flatten         |    off     |       off        
RUN-1001 :       gate_sharing      |     on     |        on        
RUN-1001 :    hdl_warning_level    |   normal   |      normal      
RUN-1001 :   impl_internal_tribuf  |     on     |        on        
RUN-1001 :      impl_set_reset     |     on     |        on        
RUN-1001 :        infer_gsr        |    off     |       off        
RUN-1001 :      keep_hierarchy     |    auto    |       auto       
RUN-1001 :        max_fanout       |    9999    |       9999       
RUN-1001 :      max_oh2bin_len     |     10     |        10        
RUN-1001 :       merge_equal       |     on     |        on        
RUN-1001 :       merge_equiv       |     on     |        on        
RUN-1001 :        merge_mux        |    off     |       off        
RUN-1001 :      min_ce_fanout      |     16     |        16        
RUN-1001 :      min_ripple_len     |    auto    |       auto       
RUN-1001 :       oh2bin_ratio      |    0.08    |       0.08       
RUN-1001 :     opt_adder_fanout    |     on     |        on        
RUN-1001 :        opt_arith        |     on     |        on        
RUN-1001 :       opt_big_gate      |    off     |       off        
RUN-1001 :        opt_const        |     on     |        on        
RUN-1001 :      opt_const_mult     |     on     |        on        
RUN-1001 :       opt_lessthan      |     on     |        on        
RUN-1001 :         opt_mux         |    off     |       off        
RUN-1001 :         opt_ram         |    high    |       high       
RUN-1001 :      rtl_sim_model      |    off     |       off        
RUN-1001 :         seq_syn         |     on     |        on        
RUN-1001 : ------------------------------------------------------
HDL-1007 : analyze verilog file ../rtl/AHBlite_Block_RAM.v
HDL-1007 : analyze verilog file ../rtl/AHBlite_Decoder.v
HDL-1007 : analyze verilog file ../rtl/AHBlite_Interconnect.v
HDL-1007 : analyze verilog file ../rtl/AHBlite_LED.v
HDL-5007 WARNING: identifier 'mode1' is used before its declaration in ../rtl/AHBlite_LED.v(38)
HDL-5007 WARNING: identifier 'mode2' is used before its declaration in ../rtl/AHBlite_LED.v(38)
HDL-5007 WARNING: identifier 'mode3' is used before its declaration in ../rtl/AHBlite_LED.v(38)
HDL-1007 : analyze verilog file ../rtl/AHBlite_Matrix_Key.v
HDL-1007 : analyze verilog file ../rtl/AHBlite_SlaveMUX.v
HDL-1007 : analyze verilog file ../rtl/Block_RAM.v
HDL-5007 WARNING: converting concatenation to assignment pattern in ../rtl/Block_RAM.v(12)
HDL-1007 : analyze verilog file ../rtl/CortexM0_SoC.v
HDL-1007 : analyze included file F:/jichuangsai/week1_test/rtl/global_def.v in ../rtl/CortexM0_SoC.v(1)
HDL-1007 : back to file '../rtl/CortexM0_SoC.v' in ../rtl/CortexM0_SoC.v(1)
HDL-5007 WARNING: 'data' is already implicitly declared on line 82 in ../rtl/CortexM0_SoC.v(122)
HDL-5007 WARNING: 'clk' is already implicitly declared on line 179 in ../rtl/CortexM0_SoC.v(200)
HDL-1007 : analyze verilog file ../rtl/cortexm0ds_logic.v
HDL-1007 : analyze verilog file ../rtl/AHBlite_QN8027_IIC.v
HDL-1007 : analyze verilog file ../rtl/AHBlite_UART.v
HDL-1007 : analyze verilog file ../rtl/clkuart_pwm.v
HDL-1007 : analyze verilog file ../rtl/UART_RX.v
HDL-1007 : analyze verilog file ../rtl/UART_TX.v
HDL-1007 : analyze verilog file ../rtl/FIFO.v
HDL-1007 : analyze verilog file ../rtl/GPIO_IO.v
HDL-1007 : analyze verilog file ../rtl/AHBlite_SPI.v
HDL-1007 : analyze verilog file ../../ARM_Cortex-M0-main/SD_card/SD_card/prj/al_ip/PLL.v
HDL-1007 : analyze verilog file ../../ARM_Cortex-M0-main/SD_card/SD_card/rtl/Keyboard.v
HDL-1007 : analyze verilog file AHBlite_PAJ_IIC.v
HDL-1007 : analyze verilog file ../rtl/out/AND.v
HDL-1007 : analyze verilog file ../rtl/out/BlockROM1.v
HDL-1007 : analyze verilog file ../rtl/out/BlockROM2.v
HDL-1007 : analyze verilog file ../rtl/out/BlockROM3.v
HDL-1007 : analyze verilog file ../rtl/out/addr_cnt.v
HDL-1007 : analyze verilog file ../rtl/out/beat_cnt.v
HDL-1007 : analyze verilog file ../rtl/out/beat_decoder.v
HDL-1007 : analyze verilog file ../rtl/out/bzmusic_ctrl.v
HDL-1007 : analyze verilog file ../rtl/out/tune_decoder.v
HDL-1007 : analyze verilog file ../rtl/out/tune_pwm.v
HDL-1007 : analyze verilog file key_16.v
Oops! 'Signal Segmentation Violation' raised. The backtrace:
[bt] (4)_chkstk
[bt] (5)RtlRestoreContext
[bt] (6)KiUserExceptionDispatcher
[bt] (7)QTreeWidgetItem::icon
[bt] (8)QTreeWidget::openPersistentEditor
[bt] (9)QModelIndex::parent
[bt] (10)QTreeView::isIndexHidden
[bt] (11)QTreeView::visualRect
[bt] (12)QAbstractItemView::update
[bt] (13)QAbstractItemView::dataChanged
[bt] (14)QTreeView::dataChanged
[bt] (15)QObject::event
[bt] (16)QWidget::event
[bt] (17)QFrame::event
[bt] (18)QAbstractScrollArea::event
[bt] (19)QApplicationPrivate::notify_helper
[bt] (20)QApplication::notify
[bt] (21)QCoreApplication::notifyInternal2
[bt] (22)QCoreApplicationPrivate::sendPostedEvents
[bt] (23)qt_plugin_query_metadata
[bt] (24)QEventDispatcherWin32::processEvents
[bt] (25)CallWindowProcW
[bt] (26)DispatchMessageW
[bt] (27)QEventDispatcherWin32::processEvents
[bt] (28)qt_plugin_query_metadata
[bt] (29)QEventLoop::exec
[bt] (30)QDialog::exec
[bt] (31)QMessageBox::showEvent
[bt] (32)QMessageBox::warning
[bt] (34)QMetaObject::activate
[bt] (37)QObject::event
[bt] (38)QApplicationPrivate::notify_helper
[bt] (39)QApplication::notify
[bt] (40)QCoreApplication::notifyInternal2
[bt] (41)QCoreApplicationPrivate::sendPostedEvents
[bt] (42)qt_plugin_query_metadata
[bt] (43)QEventDispatcherWin32::processEvents
[bt] (44)CallWindowProcW
[bt] (45)DispatchMessageW
[bt] (46)QEventDispatcherWin32::processEvents
[bt] (47)qt_plugin_query_metadata
[bt] (48)QEventLoop::exec
[bt] (49)QCoreApplication::exec

