============================================================
   Tang Dynasty, V5.6.71036
      Copyright (c) 2012-2023 Anlogic Inc.
   Executable = F:/td/bin/td.exe
   Built at =   20:34:38 Mar 21 2023
   Run by =     ASUS
   Run Date =   Fri Sep 15 20:09:57 2023

   Run on =     DESKTOP-BICF4SF
============================================================
RUN-1001 : reset_run syn_1 phy_1.
RUN-1001 : launch_runs syn_1 phy_1  -jobs 6.
RUN-1001 : syn_1: run complete.
RUN-1001 : phy_1: run complete.
RUN-1001 : open_run phy_1.
RUN-1002 : start command "import_db F:/jichuangsai/final/td/prj/CortexM0_SOC_Runs/phy_1/CortexM0_SOC_pr.db"
RUN-1001 : Importing database generated by Tang Dynasty, V5.6.71036.
RUN-1001 : Database version number 46146.
RUN-1001 : Import flow parameters
PHY-1001 : Generate detailed routing grids ...
PHY-1001 : Processed IO instance Col[0]_syn_4 with INV attribute.
PHY-1001 : Generate nets ...
PHY-1001 : net QN_REF24MHz_dup_1 will be routed on clock mesh
PHY-1001 : clock net SWCLK_syn_4 will be merged with clock SWCLK_dup_1
PHY-1001 : net System_clk_dup_4 will be routed on clock mesh
PHY-1001 : clock net CLK_gen/clk0_out will be merged with clock CLK_gen/clk0_buf
PHY-1001 : clock net LED_Interface/light_clk_syn_4 will be merged with clock LED_Interface/light_clk
PHY-1001 : net kb/HCLK will be routed on clock mesh
PHY-1001 : clock net keyboard/scan_clk_syn_4 will be merged with clock keyboard/scan_clk
PHY-1001 : eco open net = 0
PHY-1001 : 133 feed throughs used by 99 nets
RUN-1001 : Import timing constraints
RUN-1001 : Import IO constraints
RUN-1001 : Import Inst constraints
RUN-1001 : Import design success TD_VERSION=5.6.71036 , DB_VERSION=46146
RUN-1003 : finish command "import_db F:/jichuangsai/final/td/prj/CortexM0_SOC_Runs/phy_1/CortexM0_SOC_pr.db" in  18.563715s wall, 17.750000s user + 0.328125s system = 18.078125s CPU (97.4%)

RUN-1004 : used memory is 857 MB, reserved memory is 702 MB, peak memory is 861 MB
RUN-1002 : start command "download -bit CortexM0_SOC_Runs\phy_1\CortexM0_SOC.bit -mode jtag -spd 9 -sec 64 -cable 0"
PRG-2014 : Chip validation success: EAGLE_S20_BG256
RUN-1002 : start command "bit_to_vec -chip EAGLE_S20_BG256 -m jtag_burst -freq 12 -bit CortexM0_SOC_Runs/phy_1/CortexM0_SOC.bit"
RUN-1002 : start command "program -cable 0 -mode svf -spd 9 -p"
RUN-1003 : finish command "program -cable 0 -mode svf -spd 9 -p" in  7.361154s wall, 0.109375s user + 0.062500s system = 0.171875s CPU (2.3%)

RUN-1004 : used memory is 965 MB, reserved memory is 730 MB, peak memory is 983 MB
RUN-1003 : finish command "download -bit CortexM0_SOC_Runs\phy_1\CortexM0_SOC.bit -mode jtag -spd 9 -sec 64 -cable 0" in  7.676456s wall, 0.250000s user + 0.062500s system = 0.312500s CPU (4.1%)

RUN-1004 : used memory is 965 MB, reserved memory is 730 MB, peak memory is 983 MB
GUI-1001 : Downloading succeeded!
RUN-1002 : start command "download -bit CortexM0_SOC_Runs\phy_1\CortexM0_SOC.bit -mode jtag -spd 9 -sec 64 -cable 0"
PRG-2014 : Chip validation success: EAGLE_S20_BG256
RUN-1002 : start command "bit_to_vec -chip EAGLE_S20_BG256 -m jtag_burst -freq 12 -bit CortexM0_SOC_Runs/phy_1/CortexM0_SOC.bit"
RUN-1002 : start command "program -cable 0 -mode svf -spd 9 -p"
RUN-1003 : finish command "program -cable 0 -mode svf -spd 9 -p" in  7.319659s wall, 0.140625s user + 0.125000s system = 0.265625s CPU (3.6%)

RUN-1004 : used memory is 343 MB, reserved memory is 728 MB, peak memory is 983 MB
RUN-1003 : finish command "download -bit CortexM0_SOC_Runs\phy_1\CortexM0_SOC.bit -mode jtag -spd 9 -sec 64 -cable 0" in  7.701425s wall, 0.296875s user + 0.234375s system = 0.531250s CPU (6.9%)

RUN-1004 : used memory is 343 MB, reserved memory is 728 MB, peak memory is 983 MB
GUI-1001 : Downloading succeeded!
RUN-1002 : start command "download -bit CortexM0_SOC_Runs\phy_1\CortexM0_SOC.bit -mode jtag -spd 9 -sec 64 -cable 0"
PRG-2014 : Chip validation success: EAGLE_S20_BG256
RUN-1002 : start command "bit_to_vec -chip EAGLE_S20_BG256 -m jtag_burst -freq 12 -bit CortexM0_SOC_Runs/phy_1/CortexM0_SOC.bit"
RUN-1002 : start command "program -cable 0 -mode svf -spd 9 -p"
RUN-1003 : finish command "program -cable 0 -mode svf -spd 9 -p" in  7.269639s wall, 0.156250s user + 0.234375s system = 0.390625s CPU (5.4%)

RUN-1004 : used memory is 343 MB, reserved memory is 728 MB, peak memory is 983 MB
RUN-1003 : finish command "download -bit CortexM0_SOC_Runs\phy_1\CortexM0_SOC.bit -mode jtag -spd 9 -sec 64 -cable 0" in  7.653501s wall, 0.312500s user + 0.265625s system = 0.578125s CPU (7.6%)

RUN-1004 : used memory is 343 MB, reserved memory is 728 MB, peak memory is 983 MB
GUI-1001 : Downloading succeeded!
