============================================================
   Tang Dynasty, V5.0.30786
   Copyright:   Shanghai Anlogic Infotech Co., Ltd.
                2011 - 2021
   Executable = E:/TD/bin/td.exe
   Run by =     ASUS
   Run Date =   Tue May  9 22:47:17 2023

   Run on =     DESKTOP-BICF4SF
============================================================
RUN-1002 : start command "import_device eagle_s20.db -package BG256"
ARC-1001 : Device Initialization.
ARC-1001 : ------------------------------------------------------------------
ARC-1001 :            OPTION            |          IO          |   SETTING   
ARC-1001 : ------------------------------------------------------------------
ARC-1001 :   cso_b/cclk/mosi/miso/dout  |  T3/R11/T10/P10/S11  |    gpio    
ARC-1001 :             done             |         P13          |    gpio    
ARC-1001 :           program_b          |          T2          |  dedicate  
ARC-1001 :        tdi/tms/tck/tdo       |   C12/A15/C14/E14    |  dedicate  
ARC-1001 : ------------------------------------------------------------------
ARC-1004 : Device setting, marked 5 dedicate IOs in total.
RUN-1001 : Print Global Property
RUN-1001 : -------------------------------------------------------
RUN-1001 :        Parameters        |  Settings  |  Default Values  
RUN-1001 : -------------------------------------------------------
RUN-1001 :          message         |  standard  |     standard     
RUN-1001 :   mixed_pack_place_flow  |     on     |        on        
RUN-1001 :        syn_ip_flow       |    off     |       off        
RUN-1001 :          thread          |    auto    |       auto       
RUN-1001 : -------------------------------------------------------
RUN-1001 : Print Design Property
RUN-1001 : ------------------------------------------------------
RUN-1001 :        Parameters       |  Settings  |  Default Values  
RUN-1001 : ------------------------------------------------------
RUN-1001 :        infer_add        |     on     |        on        
RUN-1001 :        infer_fsm        |    off     |       off        
RUN-1001 :        infer_mult       |     on     |        on        
RUN-1001 :        infer_ram        |     on     |        on        
RUN-1001 :        infer_reg        |     on     |        on        
RUN-1001 :   infer_reg_init_value  |     on     |        on        
RUN-1001 :        infer_rom        |     on     |        on        
RUN-1001 :      infer_shifter      |    off     |       off        
RUN-1001 :         map_dram        |    auto    |       auto       
RUN-1001 : ------------------------------------------------------
RUN-1001 : Print Rtl Property
RUN-1001 : ------------------------------------------------------
RUN-1001 :        Parameters       |  Settings  |  Default Values  
RUN-1001 : ------------------------------------------------------
RUN-1001 :       compress_add      |   ripple   |      ripple      
RUN-1001 :        elf_sload        |    off     |       off        
RUN-1001 :       fix_undriven      |     0      |        0         
RUN-1001 :         flatten         |    off     |       off        
RUN-1001 :       gate_sharing      |     on     |        on        
RUN-1001 :    hdl_warning_level    |   normal   |      normal      
RUN-1001 :   impl_internal_tribuf  |     on     |        on        
RUN-1001 :      impl_set_reset     |     on     |        on        
RUN-1001 :        infer_gsr        |    off     |       off        
RUN-1001 :      keep_hierarchy     |    auto    |       auto       
RUN-1001 :        max_fanout       |    9999    |       9999       
RUN-1001 :      max_oh2bin_len     |     10     |        10        
RUN-1001 :       merge_equal       |     on     |        on        
RUN-1001 :       merge_equiv       |     on     |        on        
RUN-1001 :        merge_mux        |    off     |       off        
RUN-1001 :      min_ce_fanout      |     16     |        16        
RUN-1001 :      min_ripple_len     |    auto    |       auto       
RUN-1001 :       oh2bin_ratio      |    0.08    |       0.08       
RUN-1001 :     opt_adder_fanout    |     on     |        on        
RUN-1001 :        opt_arith        |     on     |        on        
RUN-1001 :       opt_big_gate      |    off     |       off        
RUN-1001 :        opt_const        |     on     |        on        
RUN-1001 :      opt_const_mult     |     on     |        on        
RUN-1001 :       opt_lessthan      |     on     |        on        
RUN-1001 :         opt_mux         |    off     |       off        
RUN-1001 :         opt_ram         |    high    |       high       
RUN-1001 :      rtl_sim_model      |    off     |       off        
RUN-1001 :         seq_syn         |     on     |        on        
RUN-1001 : ------------------------------------------------------
HDL-1007 : analyze verilog file ../rtl/AHBlite_Block_RAM.v
HDL-1007 : analyze verilog file ../rtl/AHBlite_Decoder.v
HDL-1007 : analyze verilog file ../rtl/AHBlite_Interconnect.v
HDL-1007 : analyze verilog file ../rtl/AHBlite_LED.v
HDL-5007 WARNING: identifier 'mode1' is used before its declaration in ../rtl/AHBlite_LED.v(38)
HDL-5007 WARNING: identifier 'mode2' is used before its declaration in ../rtl/AHBlite_LED.v(38)
HDL-5007 WARNING: identifier 'mode3' is used before its declaration in ../rtl/AHBlite_LED.v(38)
HDL-1007 : analyze verilog file ../rtl/AHBlite_Matrix_Key.v
HDL-1007 : analyze verilog file ../rtl/AHBlite_SlaveMUX.v
HDL-1007 : analyze verilog file ../rtl/Block_RAM.v
HDL-5007 WARNING: converting concatenation to assignment pattern in ../rtl/Block_RAM.v(12)
HDL-1007 : analyze verilog file ../rtl/CortexM0_SoC.v
HDL-1007 : analyze included file F:/jichuangsai/week1_test/rtl/global_def.v in ../rtl/CortexM0_SoC.v(1)
HDL-1007 : back to file '../rtl/CortexM0_SoC.v' in ../rtl/CortexM0_SoC.v(1)
HDL-5007 WARNING: 'data' is already implicitly declared on line 82 in ../rtl/CortexM0_SoC.v(122)
HDL-5007 WARNING: 'clk' is already implicitly declared on line 179 in ../rtl/CortexM0_SoC.v(200)
HDL-1007 : analyze verilog file ../rtl/cortexm0ds_logic.v
HDL-1007 : analyze verilog file ../rtl/AHBlite_QN8027_IIC.v
HDL-1007 : analyze verilog file ../rtl/AHBlite_UART.v
HDL-1007 : analyze verilog file ../rtl/clkuart_pwm.v
HDL-1007 : analyze verilog file ../rtl/UART_RX.v
HDL-1007 : analyze verilog file ../rtl/UART_TX.v
HDL-1007 : analyze verilog file ../rtl/FIFO.v
HDL-1007 : analyze verilog file ../rtl/GPIO_IO.v
HDL-1007 : analyze verilog file ../rtl/AHBlite_SPI.v
HDL-1007 : analyze verilog file ../../ARM_Cortex-M0-main/SD_card/SD_card/prj/al_ip/PLL.v
HDL-1007 : analyze verilog file ../../ARM_Cortex-M0-main/SD_card/SD_card/rtl/Keyboard.v
HDL-1007 : analyze verilog file AHBlite_PAJ_IIC.v
HDL-1007 : analyze verilog file ../rtl/out/AND.v
HDL-1007 : analyze verilog file ../rtl/out/BlockROM1.v
HDL-1007 : analyze verilog file ../rtl/out/BlockROM2.v
HDL-1007 : analyze verilog file ../rtl/out/BlockROM3.v
HDL-1007 : analyze verilog file ../rtl/out/addr_cnt.v
HDL-1007 : analyze verilog file ../rtl/out/beat_cnt.v
HDL-1007 : analyze verilog file ../rtl/out/beat_decoder.v
HDL-1007 : analyze verilog file ../rtl/out/bzmusic_ctrl.v
HDL-1007 : analyze verilog file ../rtl/out/tune_decoder.v
HDL-1007 : analyze verilog file ../rtl/out/tune_pwm.v
HDL-1007 : analyze verilog file key_16.v
RUN-1002 : start command "elaborate -top CortexM0_SoC"
RUN-1001 : Print Design Property
RUN-1001 : ------------------------------------------------------
RUN-1001 :        Parameters       |  Settings  |  Default Values  
RUN-1001 : ------------------------------------------------------
RUN-1001 :        infer_add        |     on     |        on        
RUN-1001 :        infer_fsm        |    off     |       off        
RUN-1001 :        infer_mult       |     on     |        on        
RUN-1001 :        infer_ram        |     on     |        on        
RUN-1001 :        infer_reg        |     on     |        on        
RUN-1001 :   infer_reg_init_value  |     on     |        on        
RUN-1001 :        infer_rom        |     on     |        on        
RUN-1001 :      infer_shifter      |    off     |       off        
RUN-1001 :         map_dram        |    auto    |       auto       
RUN-1001 : ------------------------------------------------------
RUN-1001 : Print Rtl Property
RUN-1001 : ------------------------------------------------------
RUN-1001 :        Parameters       |  Settings  |  Default Values  
RUN-1001 : ------------------------------------------------------
RUN-1001 :       compress_add      |   ripple   |      ripple      
RUN-1001 :        elf_sload        |    off     |       off        
RUN-1001 :       fix_undriven      |     0      |        0         
RUN-1001 :         flatten         |    off     |       off        
RUN-1001 :       gate_sharing      |     on     |        on        
RUN-1001 :    hdl_warning_level    |   normal   |      normal      
RUN-1001 :   impl_internal_tribuf  |     on     |        on        
RUN-1001 :      impl_set_reset     |     on     |        on        
RUN-1001 :        infer_gsr        |    off     |       off        
RUN-1001 :      keep_hierarchy     |    auto    |       auto       
RUN-1001 :        max_fanout       |    9999    |       9999       
RUN-1001 :      max_oh2bin_len     |     10     |        10        
RUN-1001 :       merge_equal       |     on     |        on        
RUN-1001 :       merge_equiv       |     on     |        on        
RUN-1001 :        merge_mux        |    off     |       off        
RUN-1001 :      min_ce_fanout      |     16     |        16        
RUN-1001 :      min_ripple_len     |    auto    |       auto       
RUN-1001 :       oh2bin_ratio      |    0.08    |       0.08       
RUN-1001 :     opt_adder_fanout    |     on     |        on        
RUN-1001 :        opt_arith        |     on     |        on        
RUN-1001 :       opt_big_gate      |    off     |       off        
RUN-1001 :        opt_const        |     on     |        on        
RUN-1001 :      opt_const_mult     |     on     |        on        
RUN-1001 :       opt_lessthan      |     on     |        on        
RUN-1001 :         opt_mux         |    off     |       off        
RUN-1001 :         opt_ram         |    high    |       high       
RUN-1001 :      rtl_sim_model      |    off     |       off        
RUN-1001 :         seq_syn         |     on     |        on        
RUN-1001 : ------------------------------------------------------
RUN-1001 : Print Global Property
RUN-1001 : -------------------------------------------------------
RUN-1001 :        Parameters        |  Settings  |  Default Values  
RUN-1001 : -------------------------------------------------------
RUN-1001 :          message         |  standard  |     standard     
RUN-1001 :   mixed_pack_place_flow  |     on     |        on        
RUN-1001 :        syn_ip_flow       |    off     |       off        
RUN-1001 :          thread          |    auto    |       auto       
RUN-1001 : -------------------------------------------------------
RUN-1001 : Print Design Property
RUN-1001 : ------------------------------------------------------
RUN-1001 :        Parameters       |  Settings  |  Default Values  
RUN-1001 : ------------------------------------------------------
RUN-1001 :        infer_add        |     on     |        on        
RUN-1001 :        infer_fsm        |    off     |       off        
RUN-1001 :        infer_mult       |     on     |        on        
RUN-1001 :        infer_ram        |     on     |        on        
RUN-1001 :        infer_reg        |     on     |        on        
RUN-1001 :   infer_reg_init_value  |     on     |        on        
RUN-1001 :        infer_rom        |     on     |        on        
RUN-1001 :      infer_shifter      |    off     |       off        
RUN-1001 :         map_dram        |    auto    |       auto       
RUN-1001 : ------------------------------------------------------
HDL-5007 WARNING: port 'CODENSEQ' remains unconnected for this instance in ../rtl/CortexM0_SoC.v(260)
HDL-1007 : elaborate module CortexM0_SoC in ../rtl/CortexM0_SoC.v(2)
HDL-1007 : elaborate module key_16 in key_16.v(23)
HDL-5007 WARNING: actual bit length 1 differs from formal bit length 4 for port 'col' in ../rtl/CortexM0_SoC.v(58)
HDL-5007 WARNING: actual bit length 1 differs from formal bit length 4 for port 'row' in ../rtl/CortexM0_SoC.v(59)
HDL-1007 : elaborate module bzmusic_ctrl in ../rtl/out/bzmusic_ctrl.v(1)
HDL-1007 : elaborate module addr_cnt in ../rtl/out/addr_cnt.v(2)
HDL-1007 : elaborate module BlockROM1(ADDR_WIDTH=8) in ../rtl/out/BlockROM1.v(1)
HDL-5007 WARNING: net 'mem' does not have a driver in ../rtl/out/BlockROM1.v(10)
HDL-5007 WARNING: actual bit length 9 differs from formal bit length 8 for port 'addr_i' in ../rtl/CortexM0_SoC.v(95)
HDL-1007 : elaborate module BlockROM2(ADDR_WIDTH=8) in ../rtl/out/BlockROM2.v(1)
HDL-8007 ERROR: cannot open file 'F:/jichuangsai/week1_test/music/2.tx' in ../rtl/out/BlockROM2.v(12)
HDL-1007 : module 'BlockROM2' remains a black box due to errors in its contents in ../rtl/out/BlockROM2.v(1)
HDL-5007 WARNING: actual bit length 9 differs from formal bit length 8 for port 'addr_i' in ../rtl/CortexM0_SoC.v(106)
HDL-1007 : elaborate module BlockROM3(ADDR_WIDTH=8) in ../rtl/out/BlockROM3.v(1)
HDL-8007 ERROR: cannot open file 'F:/jichuangsai/week1_test/music/3.tx' in ../rtl/out/BlockROM3.v(12)
HDL-1007 : module 'BlockROM3' remains a black box due to errors in its contents in ../rtl/out/BlockROM3.v(1)
HDL-5007 WARNING: actual bit length 9 differs from formal bit length 8 for port 'addr_i' in ../rtl/CortexM0_SoC.v(117)
HDL-1007 : elaborate module AND in ../rtl/out/AND.v(23)
HDL-1007 : elaborate module tune_decoder in ../rtl/out/tune_decoder.v(1)
HDL-1007 : elaborate module tune_pwm in ../rtl/out/tune_pwm.v(1)
HDL-1007 : elaborate module beat_decoder in ../rtl/out/beat_decoder.v(1)
HDL-1007 : elaborate module beat_cnt in ../rtl/out/beat_cnt.v(1)
HDL-1007 : elaborate module Keyboard in ../../ARM_Cortex-M0-main/SD_card/SD_card/rtl/Keyboard.v(1)
HDL-1007 : elaborate module PLL in ../../ARM_Cortex-M0-main/SD_card/SD_card/prj/al_ip/PLL.v(26)
HDL-1007 : elaborate module EG_LOGIC_BUFG in E:/TD/arch/eagle_macro.v(8)
HDL-1007 : elaborate module EG_PHY_PLL(FIN="50.000",FBCLK_DIV=4,CLKC0_DIV=6,CLKC1_DIV=50,CLKC2_DIV=75,CLKC3_DIV=50,CLKC4_DIV=48,CLKC0_ENABLE="ENABLE",CLKC1_ENABLE="ENABLE",CLKC2_ENABLE="ENABLE",CLKC3_ENABLE="ENABLE",CLKC4_ENABLE="ENABLE",FEEDBK_PATH="CLKC0_EXT",CLKC0_CPHASE=5,CLKC1_CPHASE=49,CLKC2_CPHASE=74,CLKC3_CPHASE=49,CLKC4_CPHASE=47,GMC_GAIN=4,ICP_CURRENT=13,KVCO=4,LPF_CAPACITOR=1,LPF_RESISTOR=4,SYNC_ENABLE="DISABLE") in E:/TD/arch/eagle_macro.v(930)
HDL-1007 : elaborate module cortexm0ds_logic in ../rtl/cortexm0ds_logic.v(27)
HDL-1007 : elaborate module AHBlite_Interconnect in ../rtl/AHBlite_Interconnect.v(1)
HDL-1007 : elaborate module AHBlite_Decoder in ../rtl/AHBlite_Decoder.v(1)
HDL-1007 : elaborate module AHBlite_SlaveMUX in ../rtl/AHBlite_SlaveMUX.v(1)
HDL-1007 : elaborate module AHBlite_Block_RAM in ../rtl/AHBlite_Block_RAM.v(1)
HDL-5007 WARNING: actual bit length 1 differs from formal bit length 2 for port 'HRESP' in ../rtl/CortexM0_SoC.v(629)
HDL-1007 : elaborate module AHBlite_LED in ../rtl/AHBlite_LED.v(1)
HDL-5007 WARNING: actual bit length 1 differs from formal bit length 2 for port 'HRESP' in ../rtl/CortexM0_SoC.v(686)
HDL-1007 : elaborate module AHBlite_UART in ../rtl/AHBlite_UART.v(1)
HDL-1007 : elaborate module AHBlite_QN8027_IIC in ../rtl/AHBlite_QN8027_IIC.v(1)
HDL-1007 : elaborate module AHBlite_PAJ_IIC in AHBlite_PAJ_IIC.v(1)
HDL-1007 : elaborate module AHBlite_SPI in ../rtl/AHBlite_SPI.v(1)
HDL-1007 : elaborate module AHBlite_GPIO in ../rtl/GPIO_IO.v(1)
HDL-1007 : elaborate module clkuart_pwm in ../rtl/clkuart_pwm.v(2)
HDL-1007 : elaborate module UART_RX in ../rtl/UART_RX.v(1)
HDL-1007 : elaborate module UART_TX in ../rtl/UART_TX.v(1)
HDL-1007 : elaborate module FIFO in ../rtl/FIFO.v(3)
HDL-1007 : elaborate module Block_RAM in ../rtl/Block_RAM.v(1)
HDL-5007 WARNING: net 'HREADYOUT_P4' does not have a driver in ../rtl/CortexM0_SoC.v(393)
HDL-5007 WARNING: net 'HRDATA_P4[31]' does not have a driver in ../rtl/CortexM0_SoC.v(394)
HDL-5007 WARNING: net 'HRESP_P4' does not have a driver in ../rtl/CortexM0_SoC.v(395)
HDL-5007 WARNING: net 'col' does not have a driver in ../rtl/CortexM0_SoC.v(58)
RUN-1003 : finish command "elaborate -top CortexM0_SoC" in  1.133046s wall, 0.750000s user + 0.046875s system = 0.796875s CPU (70.3%)

RUN-1004 : used memory is 172 MB, reserved memory is 122 MB, peak memory is 234 MB
RUN-1001 : Print Global Property
RUN-1001 : -------------------------------------------------------
RUN-1001 :        Parameters        |  Settings  |  Default Values  
RUN-1001 : -------------------------------------------------------
RUN-1001 :          message         |  standard  |     standard     
RUN-1001 :   mixed_pack_place_flow  |     on     |        on        
RUN-1001 :        syn_ip_flow       |    off     |       off        
RUN-1001 :          thread          |    auto    |       auto       
RUN-1001 : -------------------------------------------------------
RUN-1001 : Print Design Property
RUN-1001 : ------------------------------------------------------
RUN-1001 :        Parameters       |  Settings  |  Default Values  
RUN-1001 : ------------------------------------------------------
RUN-1001 :        infer_add        |     on     |        on        
RUN-1001 :        infer_fsm        |    off     |       off        
RUN-1001 :        infer_mult       |     on     |        on        
RUN-1001 :        infer_ram        |     on     |        on        
RUN-1001 :        infer_reg        |     on     |        on        
RUN-1001 :   infer_reg_init_value  |     on     |        on        
RUN-1001 :        infer_rom        |     on     |        on        
RUN-1001 :      infer_shifter      |    off     |       off        
RUN-1001 :         map_dram        |    auto    |       auto       
RUN-1001 : ------------------------------------------------------
RUN-1001 : Print Rtl Property
RUN-1001 : ------------------------------------------------------
RUN-1001 :        Parameters       |  Settings  |  Default Values  
RUN-1001 : ------------------------------------------------------
RUN-1001 :       compress_add      |   ripple   |      ripple      
RUN-1001 :        elf_sload        |    off     |       off        
RUN-1001 :       fix_undriven      |     0      |        0         
RUN-1001 :         flatten         |    off     |       off        
RUN-1001 :       gate_sharing      |     on     |        on        
RUN-1001 :    hdl_warning_level    |   normal   |      normal      
RUN-1001 :   impl_internal_tribuf  |     on     |        on        
RUN-1001 :      impl_set_reset     |     on     |        on        
RUN-1001 :        infer_gsr        |    off     |       off        
RUN-1001 :      keep_hierarchy     |    auto    |       auto       
RUN-1001 :        max_fanout       |    9999    |       9999       
RUN-1001 :      max_oh2bin_len     |     10     |        10        
RUN-1001 :       merge_equal       |     on     |        on        
RUN-1001 :       merge_equiv       |     on     |        on        
RUN-1001 :        merge_mux        |    off     |       off        
RUN-1001 :      min_ce_fanout      |     16     |        16        
RUN-1001 :      min_ripple_len     |    auto    |       auto       
RUN-1001 :       oh2bin_ratio      |    0.08    |       0.08       
RUN-1001 :     opt_adder_fanout    |     on     |        on        
RUN-1001 :        opt_arith        |     on     |        on        
RUN-1001 :       opt_big_gate      |    off     |       off        
RUN-1001 :        opt_const        |     on     |        on        
RUN-1001 :      opt_const_mult     |     on     |        on        
RUN-1001 :       opt_lessthan      |     on     |        on        
RUN-1001 :         opt_mux         |    off     |       off        
RUN-1001 :         opt_ram         |    high    |       high       
RUN-1001 :      rtl_sim_model      |    off     |       off        
RUN-1001 :         seq_syn         |     on     |        on        
RUN-1001 : ------------------------------------------------------
HDL-1007 : analyze verilog file ../rtl/AHBlite_Block_RAM.v
HDL-1007 : analyze verilog file ../rtl/AHBlite_Decoder.v
HDL-1007 : analyze verilog file ../rtl/AHBlite_Interconnect.v
HDL-1007 : analyze verilog file ../rtl/AHBlite_LED.v
HDL-5007 WARNING: identifier 'mode1' is used before its declaration in ../rtl/AHBlite_LED.v(38)
HDL-5007 WARNING: identifier 'mode2' is used before its declaration in ../rtl/AHBlite_LED.v(38)
HDL-5007 WARNING: identifier 'mode3' is used before its declaration in ../rtl/AHBlite_LED.v(38)
HDL-1007 : analyze verilog file ../rtl/AHBlite_Matrix_Key.v
HDL-1007 : analyze verilog file ../rtl/AHBlite_SlaveMUX.v
HDL-1007 : analyze verilog file ../rtl/Block_RAM.v
HDL-5007 WARNING: converting concatenation to assignment pattern in ../rtl/Block_RAM.v(12)
HDL-1007 : analyze verilog file ../rtl/CortexM0_SoC.v
HDL-1007 : analyze included file F:/jichuangsai/week1_test/rtl/global_def.v in ../rtl/CortexM0_SoC.v(1)
HDL-1007 : back to file '../rtl/CortexM0_SoC.v' in ../rtl/CortexM0_SoC.v(1)
HDL-5007 WARNING: 'data' is already implicitly declared on line 82 in ../rtl/CortexM0_SoC.v(122)
HDL-5007 WARNING: 'clk' is already implicitly declared on line 179 in ../rtl/CortexM0_SoC.v(200)
HDL-1007 : analyze verilog file ../rtl/cortexm0ds_logic.v
HDL-1007 : analyze verilog file ../rtl/AHBlite_QN8027_IIC.v
HDL-1007 : analyze verilog file ../rtl/AHBlite_UART.v
HDL-1007 : analyze verilog file ../rtl/clkuart_pwm.v
HDL-1007 : analyze verilog file ../rtl/UART_RX.v
HDL-1007 : analyze verilog file ../rtl/UART_TX.v
HDL-1007 : analyze verilog file ../rtl/FIFO.v
HDL-1007 : analyze verilog file ../rtl/GPIO_IO.v
HDL-1007 : analyze verilog file ../rtl/AHBlite_SPI.v
HDL-1007 : analyze verilog file ../../ARM_Cortex-M0-main/SD_card/SD_card/prj/al_ip/PLL.v
HDL-1007 : analyze verilog file ../../ARM_Cortex-M0-main/SD_card/SD_card/rtl/Keyboard.v
HDL-1007 : analyze verilog file AHBlite_PAJ_IIC.v
HDL-1007 : analyze verilog file ../rtl/out/AND.v
HDL-1007 : analyze verilog file ../rtl/out/BlockROM1.v
HDL-1007 : analyze verilog file ../rtl/out/BlockROM2.v
HDL-1007 : analyze verilog file ../rtl/out/BlockROM3.v
HDL-1007 : analyze verilog file ../rtl/out/addr_cnt.v
HDL-1007 : analyze verilog file ../rtl/out/beat_cnt.v
HDL-1007 : analyze verilog file ../rtl/out/beat_decoder.v
HDL-1007 : analyze verilog file ../rtl/out/bzmusic_ctrl.v
HDL-1007 : analyze verilog file ../rtl/out/tune_decoder.v
HDL-1007 : analyze verilog file ../rtl/out/tune_pwm.v
HDL-1007 : analyze verilog file key_16.v
RUN-1002 : start command "elaborate -top CortexM0_SoC"
RUN-1001 : Print Design Property
RUN-1001 : ------------------------------------------------------
RUN-1001 :        Parameters       |  Settings  |  Default Values  
RUN-1001 : ------------------------------------------------------
RUN-1001 :        infer_add        |     on     |        on        
RUN-1001 :        infer_fsm        |    off     |       off        
RUN-1001 :        infer_mult       |     on     |        on        
RUN-1001 :        infer_ram        |     on     |        on        
RUN-1001 :        infer_reg        |     on     |        on        
RUN-1001 :   infer_reg_init_value  |     on     |        on        
RUN-1001 :        infer_rom        |     on     |        on        
RUN-1001 :      infer_shifter      |    off     |       off        
RUN-1001 :         map_dram        |    auto    |       auto       
RUN-1001 : ------------------------------------------------------
RUN-1001 : Print Rtl Property
RUN-1001 : ------------------------------------------------------
RUN-1001 :        Parameters       |  Settings  |  Default Values  
RUN-1001 : ------------------------------------------------------
RUN-1001 :       compress_add      |   ripple   |      ripple      
RUN-1001 :        elf_sload        |    off     |       off        
RUN-1001 :       fix_undriven      |     0      |        0         
RUN-1001 :         flatten         |    off     |       off        
RUN-1001 :       gate_sharing      |     on     |        on        
RUN-1001 :    hdl_warning_level    |   normal   |      normal      
RUN-1001 :   impl_internal_tribuf  |     on     |        on        
RUN-1001 :      impl_set_reset     |     on     |        on        
RUN-1001 :        infer_gsr        |    off     |       off        
RUN-1001 :      keep_hierarchy     |    auto    |       auto       
RUN-1001 :        max_fanout       |    9999    |       9999       
RUN-1001 :      max_oh2bin_len     |     10     |        10        
RUN-1001 :       merge_equal       |     on     |        on        
RUN-1001 :       merge_equiv       |     on     |        on        
RUN-1001 :        merge_mux        |    off     |       off        
RUN-1001 :      min_ce_fanout      |     16     |        16        
RUN-1001 :      min_ripple_len     |    auto    |       auto       
RUN-1001 :       oh2bin_ratio      |    0.08    |       0.08       
RUN-1001 :     opt_adder_fanout    |     on     |        on        
RUN-1001 :        opt_arith        |     on     |        on        
RUN-1001 :       opt_big_gate      |    off     |       off        
RUN-1001 :        opt_const        |     on     |        on        
RUN-1001 :      opt_const_mult     |     on     |        on        
RUN-1001 :       opt_lessthan      |     on     |        on        
RUN-1001 :         opt_mux         |    off     |       off        
RUN-1001 :         opt_ram         |    high    |       high       
RUN-1001 :      rtl_sim_model      |    off     |       off        
RUN-1001 :         seq_syn         |     on     |        on        
RUN-1001 : ------------------------------------------------------
RUN-1001 : Print Global Property
RUN-1001 : -------------------------------------------------------
RUN-1001 :        Parameters        |  Settings  |  Default Values  
RUN-1001 : -------------------------------------------------------
RUN-1001 :          message         |  standard  |     standard     
RUN-1001 :   mixed_pack_place_flow  |     on     |        on        
RUN-1001 :        syn_ip_flow       |    off     |       off        
RUN-1001 :          thread          |    auto    |       auto       
RUN-1001 : -------------------------------------------------------
RUN-1001 : Print Design Property
RUN-1001 : ------------------------------------------------------
RUN-1001 :        Parameters       |  Settings  |  Default Values  
RUN-1001 : ------------------------------------------------------
RUN-1001 :        infer_add        |     on     |        on        
RUN-1001 :        infer_fsm        |    off     |       off        
RUN-1001 :        infer_mult       |     on     |        on        
RUN-1001 :        infer_ram        |     on     |        on        
RUN-1001 :        infer_reg        |     on     |        on        
RUN-1001 :   infer_reg_init_value  |     on     |        on        
RUN-1001 :        infer_rom        |     on     |        on        
RUN-1001 :      infer_shifter      |    off     |       off        
RUN-1001 :         map_dram        |    auto    |       auto       
RUN-1001 : ------------------------------------------------------
HDL-5007 WARNING: port 'CODENSEQ' remains unconnected for this instance in ../rtl/CortexM0_SoC.v(260)
HDL-1007 : elaborate module CortexM0_SoC in ../rtl/CortexM0_SoC.v(2)
HDL-1007 : elaborate module key_16 in key_16.v(23)
HDL-5007 WARNING: actual bit length 1 differs from formal bit length 4 for port 'col' in ../rtl/CortexM0_SoC.v(58)
HDL-5007 WARNING: actual bit length 1 differs from formal bit length 4 for port 'row' in ../rtl/CortexM0_SoC.v(59)
HDL-1007 : elaborate module bzmusic_ctrl in ../rtl/out/bzmusic_ctrl.v(1)
HDL-1007 : elaborate module addr_cnt in ../rtl/out/addr_cnt.v(2)
HDL-1007 : elaborate module BlockROM1(ADDR_WIDTH=8) in ../rtl/out/BlockROM1.v(1)
HDL-5007 WARNING: net 'mem' does not have a driver in ../rtl/out/BlockROM1.v(10)
HDL-5007 WARNING: actual bit length 9 differs from formal bit length 8 for port 'addr_i' in ../rtl/CortexM0_SoC.v(95)
HDL-1007 : elaborate module BlockROM2(ADDR_WIDTH=8) in ../rtl/out/BlockROM2.v(1)
HDL-8007 ERROR: cannot open file 'F:/jichuangsai/week1_test/music/2.tx' in ../rtl/out/BlockROM2.v(12)
HDL-1007 : module 'BlockROM2' remains a black box due to errors in its contents in ../rtl/out/BlockROM2.v(1)
HDL-5007 WARNING: actual bit length 9 differs from formal bit length 8 for port 'addr_i' in ../rtl/CortexM0_SoC.v(106)
HDL-1007 : elaborate module BlockROM3(ADDR_WIDTH=8) in ../rtl/out/BlockROM3.v(1)
HDL-8007 ERROR: cannot open file 'F:/jichuangsai/week1_test/music/3.tx' in ../rtl/out/BlockROM3.v(12)
HDL-1007 : module 'BlockROM3' remains a black box due to errors in its contents in ../rtl/out/BlockROM3.v(1)
HDL-5007 WARNING: actual bit length 9 differs from formal bit length 8 for port 'addr_i' in ../rtl/CortexM0_SoC.v(117)
HDL-1007 : elaborate module AND in ../rtl/out/AND.v(23)
HDL-1007 : elaborate module tune_decoder in ../rtl/out/tune_decoder.v(1)
HDL-1007 : elaborate module tune_pwm in ../rtl/out/tune_pwm.v(1)
HDL-1007 : elaborate module beat_decoder in ../rtl/out/beat_decoder.v(1)
HDL-1007 : elaborate module beat_cnt in ../rtl/out/beat_cnt.v(1)
HDL-1007 : elaborate module Keyboard in ../../ARM_Cortex-M0-main/SD_card/SD_card/rtl/Keyboard.v(1)
HDL-1007 : elaborate module PLL in ../../ARM_Cortex-M0-main/SD_card/SD_card/prj/al_ip/PLL.v(26)
HDL-1007 : elaborate module EG_LOGIC_BUFG in E:/TD/arch/eagle_macro.v(8)
HDL-1007 : elaborate module EG_PHY_PLL(FIN="50.000",FBCLK_DIV=4,CLKC0_DIV=6,CLKC1_DIV=50,CLKC2_DIV=75,CLKC3_DIV=50,CLKC4_DIV=48,CLKC0_ENABLE="ENABLE",CLKC1_ENABLE="ENABLE",CLKC2_ENABLE="ENABLE",CLKC3_ENABLE="ENABLE",CLKC4_ENABLE="ENABLE",FEEDBK_PATH="CLKC0_EXT",CLKC0_CPHASE=5,CLKC1_CPHASE=49,CLKC2_CPHASE=74,CLKC3_CPHASE=49,CLKC4_CPHASE=47,GMC_GAIN=4,ICP_CURRENT=13,KVCO=4,LPF_CAPACITOR=1,LPF_RESISTOR=4,SYNC_ENABLE="DISABLE") in E:/TD/arch/eagle_macro.v(930)
HDL-1007 : elaborate module cortexm0ds_logic in ../rtl/cortexm0ds_logic.v(27)
HDL-1007 : elaborate module AHBlite_Interconnect in ../rtl/AHBlite_Interconnect.v(1)
HDL-1007 : elaborate module AHBlite_Decoder in ../rtl/AHBlite_Decoder.v(1)
HDL-1007 : elaborate module AHBlite_SlaveMUX in ../rtl/AHBlite_SlaveMUX.v(1)
HDL-1007 : elaborate module AHBlite_Block_RAM in ../rtl/AHBlite_Block_RAM.v(1)
HDL-5007 WARNING: actual bit length 1 differs from formal bit length 2 for port 'HRESP' in ../rtl/CortexM0_SoC.v(629)
HDL-1007 : elaborate module AHBlite_LED in ../rtl/AHBlite_LED.v(1)
HDL-5007 WARNING: actual bit length 1 differs from formal bit length 2 for port 'HRESP' in ../rtl/CortexM0_SoC.v(686)
HDL-1007 : elaborate module AHBlite_UART in ../rtl/AHBlite_UART.v(1)
HDL-1007 : elaborate module AHBlite_QN8027_IIC in ../rtl/AHBlite_QN8027_IIC.v(1)
HDL-1007 : elaborate module AHBlite_PAJ_IIC in AHBlite_PAJ_IIC.v(1)
HDL-1007 : elaborate module AHBlite_SPI in ../rtl/AHBlite_SPI.v(1)
HDL-1007 : elaborate module AHBlite_GPIO in ../rtl/GPIO_IO.v(1)
HDL-1007 : elaborate module clkuart_pwm in ../rtl/clkuart_pwm.v(2)
HDL-1007 : elaborate module UART_RX in ../rtl/UART_RX.v(1)
HDL-1007 : elaborate module UART_TX in ../rtl/UART_TX.v(1)
HDL-1007 : elaborate module FIFO in ../rtl/FIFO.v(3)
HDL-1007 : elaborate module Block_RAM in ../rtl/Block_RAM.v(1)
HDL-5007 WARNING: net 'HREADYOUT_P4' does not have a driver in ../rtl/CortexM0_SoC.v(393)
HDL-5007 WARNING: net 'HRDATA_P4[31]' does not have a driver in ../rtl/CortexM0_SoC.v(394)
HDL-5007 WARNING: net 'HRESP_P4' does not have a driver in ../rtl/CortexM0_SoC.v(395)
HDL-5007 WARNING: net 'col' does not have a driver in ../rtl/CortexM0_SoC.v(58)
RUN-1001 : Print Global Property
RUN-1001 : -------------------------------------------------------
RUN-1001 :        Parameters        |  Settings  |  Default Values  
RUN-1001 : -------------------------------------------------------
RUN-1001 :          message         |  standard  |     standard     
RUN-1001 :   mixed_pack_place_flow  |     on     |        on        
RUN-1001 :        syn_ip_flow       |    off     |       off        
RUN-1001 :          thread          |    auto    |       auto       
RUN-1001 : -------------------------------------------------------
RUN-1001 : Print Design Property
RUN-1001 : ------------------------------------------------------
RUN-1001 :        Parameters       |  Settings  |  Default Values  
RUN-1001 : ------------------------------------------------------
RUN-1001 :        infer_add        |     on     |        on        
RUN-1001 :        infer_fsm        |    off     |       off        
RUN-1001 :        infer_mult       |     on     |        on        
RUN-1001 :        infer_ram        |     on     |        on        
RUN-1001 :        infer_reg        |     on     |        on        
RUN-1001 :   infer_reg_init_value  |     on     |        on        
RUN-1001 :        infer_rom        |     on     |        on        
RUN-1001 :      infer_shifter      |    off     |       off        
RUN-1001 :         map_dram        |    auto    |       auto       
RUN-1001 : ------------------------------------------------------
RUN-1001 : Print Rtl Property
RUN-1001 : ------------------------------------------------------
RUN-1001 :        Parameters       |  Settings  |  Default Values  
RUN-1001 : ------------------------------------------------------
RUN-1001 :       compress_add      |   ripple   |      ripple      
RUN-1001 :        elf_sload        |    off     |       off        
RUN-1001 :       fix_undriven      |     0      |        0         
RUN-1001 :         flatten         |    off     |       off        
RUN-1001 :       gate_sharing      |     on     |        on        
RUN-1001 :    hdl_warning_level    |   normal   |      normal      
RUN-1001 :   impl_internal_tribuf  |     on     |        on        
RUN-1001 :      impl_set_reset     |     on     |        on        
RUN-1001 :        infer_gsr        |    off     |       off        
RUN-1001 :      keep_hierarchy     |    auto    |       auto       
RUN-1001 :        max_fanout       |    9999    |       9999       
RUN-1001 :      max_oh2bin_len     |     10     |        10        
RUN-1001 :       merge_equal       |     on     |        on        
RUN-1001 :       merge_equiv       |     on     |        on        
RUN-1001 :        merge_mux        |    off     |       off        
RUN-1001 :      min_ce_fanout      |     16     |        16        
RUN-1001 :      min_ripple_len     |    auto    |       auto       
RUN-1001 :       oh2bin_ratio      |    0.08    |       0.08       
RUN-1001 :     opt_adder_fanout    |     on     |        on        
RUN-1001 :        opt_arith        |     on     |        on        
RUN-1001 :       opt_big_gate      |    off     |       off        
RUN-1001 :        opt_const        |     on     |        on        
RUN-1001 :      opt_const_mult     |     on     |        on        
RUN-1001 :       opt_lessthan      |     on     |        on        
RUN-1001 :         opt_mux         |    off     |       off        
RUN-1001 :         opt_ram         |    high    |       high       
RUN-1001 :      rtl_sim_model      |    off     |       off        
RUN-1001 :         seq_syn         |     on     |        on        
RUN-1001 : ------------------------------------------------------
HDL-1007 : analyze verilog file ../rtl/AHBlite_Block_RAM.v
HDL-1007 : analyze verilog file ../rtl/AHBlite_Decoder.v
HDL-1007 : analyze verilog file ../rtl/AHBlite_Interconnect.v
HDL-1007 : analyze verilog file ../rtl/AHBlite_LED.v
HDL-5007 WARNING: identifier 'mode1' is used before its declaration in ../rtl/AHBlite_LED.v(38)
HDL-5007 WARNING: identifier 'mode2' is used before its declaration in ../rtl/AHBlite_LED.v(38)
HDL-5007 WARNING: identifier 'mode3' is used before its declaration in ../rtl/AHBlite_LED.v(38)
HDL-1007 : analyze verilog file ../rtl/AHBlite_Matrix_Key.v
HDL-1007 : analyze verilog file ../rtl/AHBlite_SlaveMUX.v
HDL-1007 : analyze verilog file ../rtl/Block_RAM.v
HDL-5007 WARNING: converting concatenation to assignment pattern in ../rtl/Block_RAM.v(12)
HDL-1007 : analyze verilog file ../rtl/CortexM0_SoC.v
HDL-1007 : analyze included file F:/jichuangsai/week1_test/rtl/global_def.v in ../rtl/CortexM0_SoC.v(1)
HDL-1007 : back to file '../rtl/CortexM0_SoC.v' in ../rtl/CortexM0_SoC.v(1)
HDL-5007 WARNING: 'data' is already implicitly declared on line 82 in ../rtl/CortexM0_SoC.v(122)
HDL-5007 WARNING: 'clk' is already implicitly declared on line 179 in ../rtl/CortexM0_SoC.v(200)
HDL-1007 : analyze verilog file ../rtl/cortexm0ds_logic.v
HDL-1007 : analyze verilog file ../rtl/AHBlite_QN8027_IIC.v
HDL-1007 : analyze verilog file ../rtl/AHBlite_UART.v
HDL-1007 : analyze verilog file ../rtl/clkuart_pwm.v
HDL-1007 : analyze verilog file ../rtl/UART_RX.v
HDL-1007 : analyze verilog file ../rtl/UART_TX.v
HDL-1007 : analyze verilog file ../rtl/FIFO.v
HDL-1007 : analyze verilog file ../rtl/GPIO_IO.v
HDL-1007 : analyze verilog file ../rtl/AHBlite_SPI.v
HDL-1007 : analyze verilog file ../../ARM_Cortex-M0-main/SD_card/SD_card/prj/al_ip/PLL.v
HDL-1007 : analyze verilog file ../../ARM_Cortex-M0-main/SD_card/SD_card/rtl/Keyboard.v
HDL-1007 : analyze verilog file AHBlite_PAJ_IIC.v
HDL-1007 : analyze verilog file ../rtl/out/AND.v
HDL-1007 : analyze verilog file ../rtl/out/BlockROM1.v
HDL-1007 : analyze verilog file ../rtl/out/BlockROM2.v
HDL-1007 : analyze verilog file ../rtl/out/BlockROM3.v
HDL-1007 : analyze verilog file ../rtl/out/addr_cnt.v
HDL-1007 : analyze verilog file ../rtl/out/beat_cnt.v
HDL-1007 : analyze verilog file ../rtl/out/beat_decoder.v
HDL-1007 : analyze verilog file ../rtl/out/bzmusic_ctrl.v
HDL-1007 : analyze verilog file ../rtl/out/tune_decoder.v
HDL-1007 : analyze verilog file ../rtl/out/tune_pwm.v
HDL-1007 : analyze verilog file key_16.v
RUN-1001 : Print Global Property
RUN-1001 : -------------------------------------------------------
RUN-1001 :        Parameters        |  Settings  |  Default Values  
RUN-1001 : -------------------------------------------------------
RUN-1001 :          message         |  standard  |     standard     
RUN-1001 :   mixed_pack_place_flow  |     on     |        on        
RUN-1001 :        syn_ip_flow       |    off     |       off        
RUN-1001 :          thread          |    auto    |       auto       
RUN-1001 : -------------------------------------------------------
RUN-1001 : Print Design Property
RUN-1001 : ------------------------------------------------------
RUN-1001 :        Parameters       |  Settings  |  Default Values  
RUN-1001 : ------------------------------------------------------
RUN-1001 :        infer_add        |     on     |        on        
RUN-1001 :        infer_fsm        |    off     |       off        
RUN-1001 :        infer_mult       |     on     |        on        
RUN-1001 :        infer_ram        |     on     |        on        
RUN-1001 :        infer_reg        |     on     |        on        
RUN-1001 :   infer_reg_init_value  |     on     |        on        
RUN-1001 :        infer_rom        |     on     |        on        
RUN-1001 :      infer_shifter      |    off     |       off        
RUN-1001 :         map_dram        |    auto    |       auto       
RUN-1001 : ------------------------------------------------------
RUN-1001 : Print Rtl Property
RUN-1001 : ------------------------------------------------------
RUN-1001 :        Parameters       |  Settings  |  Default Values  
RUN-1001 : ------------------------------------------------------
RUN-1001 :       compress_add      |   ripple   |      ripple      
RUN-1001 :        elf_sload        |    off     |       off        
RUN-1001 :       fix_undriven      |     0      |        0         
RUN-1001 :         flatten         |    off     |       off        
RUN-1001 :       gate_sharing      |     on     |        on        
RUN-1001 :    hdl_warning_level    |   normal   |      normal      
RUN-1001 :   impl_internal_tribuf  |     on     |        on        
RUN-1001 :      impl_set_reset     |     on     |        on        
RUN-1001 :        infer_gsr        |    off     |       off        
RUN-1001 :      keep_hierarchy     |    auto    |       auto       
RUN-1001 :        max_fanout       |    9999    |       9999       
RUN-1001 :      max_oh2bin_len     |     10     |        10        
RUN-1001 :       merge_equal       |     on     |        on        
RUN-1001 :       merge_equiv       |     on     |        on        
RUN-1001 :        merge_mux        |    off     |       off        
RUN-1001 :      min_ce_fanout      |     16     |        16        
RUN-1001 :      min_ripple_len     |    auto    |       auto       
RUN-1001 :       oh2bin_ratio      |    0.08    |       0.08       
RUN-1001 :     opt_adder_fanout    |     on     |        on        
RUN-1001 :        opt_arith        |     on     |        on        
RUN-1001 :       opt_big_gate      |    off     |       off        
RUN-1001 :        opt_const        |     on     |        on        
RUN-1001 :      opt_const_mult     |     on     |        on        
RUN-1001 :       opt_lessthan      |     on     |        on        
RUN-1001 :         opt_mux         |    off     |       off        
RUN-1001 :         opt_ram         |    high    |       high       
RUN-1001 :      rtl_sim_model      |    off     |       off        
RUN-1001 :         seq_syn         |     on     |        on        
RUN-1001 : ------------------------------------------------------
HDL-1007 : analyze verilog file ../rtl/AHBlite_Block_RAM.v
HDL-1007 : analyze verilog file ../rtl/AHBlite_Decoder.v
HDL-1007 : analyze verilog file ../rtl/AHBlite_Interconnect.v
HDL-1007 : analyze verilog file ../rtl/AHBlite_LED.v
HDL-5007 WARNING: identifier 'mode1' is used before its declaration in ../rtl/AHBlite_LED.v(38)
HDL-5007 WARNING: identifier 'mode2' is used before its declaration in ../rtl/AHBlite_LED.v(38)
HDL-5007 WARNING: identifier 'mode3' is used before its declaration in ../rtl/AHBlite_LED.v(38)
HDL-1007 : analyze verilog file ../rtl/AHBlite_Matrix_Key.v
HDL-1007 : analyze verilog file ../rtl/AHBlite_SlaveMUX.v
HDL-1007 : analyze verilog file ../rtl/Block_RAM.v
HDL-5007 WARNING: converting concatenation to assignment pattern in ../rtl/Block_RAM.v(12)
HDL-1007 : analyze verilog file ../rtl/CortexM0_SoC.v
HDL-1007 : analyze included file F:/jichuangsai/week1_test/rtl/global_def.v in ../rtl/CortexM0_SoC.v(1)
HDL-1007 : back to file '../rtl/CortexM0_SoC.v' in ../rtl/CortexM0_SoC.v(1)
HDL-5007 WARNING: 'data' is already implicitly declared on line 82 in ../rtl/CortexM0_SoC.v(122)
HDL-5007 WARNING: 'clk' is already implicitly declared on line 179 in ../rtl/CortexM0_SoC.v(200)
HDL-1007 : analyze verilog file ../rtl/cortexm0ds_logic.v
HDL-1007 : analyze verilog file ../rtl/AHBlite_QN8027_IIC.v
HDL-1007 : analyze verilog file ../rtl/AHBlite_UART.v
HDL-1007 : analyze verilog file ../rtl/clkuart_pwm.v
HDL-1007 : analyze verilog file ../rtl/UART_RX.v
HDL-1007 : analyze verilog file ../rtl/UART_TX.v
HDL-1007 : analyze verilog file ../rtl/FIFO.v
HDL-1007 : analyze verilog file ../rtl/GPIO_IO.v
HDL-1007 : analyze verilog file ../rtl/AHBlite_SPI.v
HDL-1007 : analyze verilog file ../../ARM_Cortex-M0-main/SD_card/SD_card/prj/al_ip/PLL.v
HDL-1007 : analyze verilog file ../../ARM_Cortex-M0-main/SD_card/SD_card/rtl/Keyboard.v
HDL-1007 : analyze verilog file AHBlite_PAJ_IIC.v
HDL-1007 : analyze verilog file ../rtl/out/AND.v
HDL-1007 : analyze verilog file ../rtl/out/BlockROM1.v
HDL-1007 : analyze verilog file ../rtl/out/BlockROM2.v
HDL-1007 : analyze verilog file ../rtl/out/BlockROM3.v
HDL-1007 : analyze verilog file ../rtl/out/addr_cnt.v
HDL-1007 : analyze verilog file ../rtl/out/beat_cnt.v
HDL-1007 : analyze verilog file ../rtl/out/beat_decoder.v
HDL-1007 : analyze verilog file ../rtl/out/bzmusic_ctrl.v
HDL-1007 : analyze verilog file ../rtl/out/tune_decoder.v
HDL-1007 : analyze verilog file ../rtl/out/tune_pwm.v
HDL-1007 : analyze verilog file key_16.v
RUN-1002 : start command "elaborate -top CortexM0_SoC"
RUN-1001 : Print Design Property
RUN-1001 : ------------------------------------------------------
RUN-1001 :        Parameters       |  Settings  |  Default Values  
RUN-1001 : ------------------------------------------------------
RUN-1001 :        infer_add        |     on     |        on        
RUN-1001 :        infer_fsm        |    off     |       off        
RUN-1001 :        infer_mult       |     on     |        on        
RUN-1001 :        infer_ram        |     on     |        on        
RUN-1001 :        infer_reg        |     on     |        on        
RUN-1001 :   infer_reg_init_value  |     on     |        on        
RUN-1001 :        infer_rom        |     on     |        on        
RUN-1001 :      infer_shifter      |    off     |       off        
RUN-1001 :         map_dram        |    auto    |       auto       
RUN-1001 : ------------------------------------------------------
RUN-1001 : Print Rtl Property
RUN-1001 : ------------------------------------------------------
RUN-1001 :        Parameters       |  Settings  |  Default Values  
RUN-1001 : ------------------------------------------------------
RUN-1001 :       compress_add      |   ripple   |      ripple      
RUN-1001 :        elf_sload        |    off     |       off        
RUN-1001 :       fix_undriven      |     0      |        0         
RUN-1001 :         flatten         |    off     |       off        
RUN-1001 :       gate_sharing      |     on     |        on        
RUN-1001 :    hdl_warning_level    |   normal   |      normal      
RUN-1001 :   impl_internal_tribuf  |     on     |        on        
RUN-1001 :      impl_set_reset     |     on     |        on        
RUN-1001 :        infer_gsr        |    off     |       off        
RUN-1001 :      keep_hierarchy     |    auto    |       auto       
RUN-1001 :        max_fanout       |    9999    |       9999       
RUN-1001 :      max_oh2bin_len     |     10     |        10        
RUN-1001 :       merge_equal       |     on     |        on        
RUN-1001 :       merge_equiv       |     on     |        on        
RUN-1001 :        merge_mux        |    off     |       off        
RUN-1001 :      min_ce_fanout      |     16     |        16        
RUN-1001 :      min_ripple_len     |    auto    |       auto       
RUN-1001 :       oh2bin_ratio      |    0.08    |       0.08       
RUN-1001 :     opt_adder_fanout    |     on     |        on        
RUN-1001 :        opt_arith        |     on     |        on        
RUN-1001 :       opt_big_gate      |    off     |       off        
RUN-1001 :        opt_const        |     on     |        on        
RUN-1001 :      opt_const_mult     |     on     |        on        
RUN-1001 :       opt_lessthan      |     on     |        on        
RUN-1001 :         opt_mux         |    off     |       off        
RUN-1001 :         opt_ram         |    high    |       high       
RUN-1001 :      rtl_sim_model      |    off     |       off        
RUN-1001 :         seq_syn         |     on     |        on        
RUN-1001 : ------------------------------------------------------
RUN-1001 : Print Global Property
RUN-1001 : -------------------------------------------------------
RUN-1001 :        Parameters        |  Settings  |  Default Values  
RUN-1001 : -------------------------------------------------------
RUN-1001 :          message         |  standard  |     standard     
RUN-1001 :   mixed_pack_place_flow  |     on     |        on        
RUN-1001 :        syn_ip_flow       |    off     |       off        
RUN-1001 :          thread          |    auto    |       auto       
RUN-1001 : -------------------------------------------------------
RUN-1001 : Print Design Property
RUN-1001 : ------------------------------------------------------
RUN-1001 :        Parameters       |  Settings  |  Default Values  
RUN-1001 : ------------------------------------------------------
RUN-1001 :        infer_add        |     on     |        on        
RUN-1001 :        infer_fsm        |    off     |       off        
RUN-1001 :        infer_mult       |     on     |        on        
RUN-1001 :        infer_ram        |     on     |        on        
RUN-1001 :        infer_reg        |     on     |        on        
RUN-1001 :   infer_reg_init_value  |     on     |        on        
RUN-1001 :        infer_rom        |     on     |        on        
RUN-1001 :      infer_shifter      |    off     |       off        
RUN-1001 :         map_dram        |    auto    |       auto       
RUN-1001 : ------------------------------------------------------
HDL-5007 WARNING: port 'CODENSEQ' remains unconnected for this instance in ../rtl/CortexM0_SoC.v(260)
HDL-1007 : elaborate module CortexM0_SoC in ../rtl/CortexM0_SoC.v(2)
HDL-1007 : elaborate module key_16 in key_16.v(23)
HDL-5007 WARNING: actual bit length 1 differs from formal bit length 4 for port 'col' in ../rtl/CortexM0_SoC.v(58)
HDL-5007 WARNING: actual bit length 1 differs from formal bit length 4 for port 'row' in ../rtl/CortexM0_SoC.v(59)
HDL-1007 : elaborate module bzmusic_ctrl in ../rtl/out/bzmusic_ctrl.v(1)
HDL-1007 : elaborate module addr_cnt in ../rtl/out/addr_cnt.v(2)
HDL-1007 : elaborate module BlockROM1(ADDR_WIDTH=8) in ../rtl/out/BlockROM1.v(1)
HDL-5007 WARNING: net 'mem' does not have a driver in ../rtl/out/BlockROM1.v(10)
HDL-5007 WARNING: actual bit length 9 differs from formal bit length 8 for port 'addr_i' in ../rtl/CortexM0_SoC.v(95)
HDL-1007 : elaborate module BlockROM2(ADDR_WIDTH=8) in ../rtl/out/BlockROM2.v(1)
HDL-8007 ERROR: cannot open file 'F:/jichuangsai/week1_test/music/2.tx' in ../rtl/out/BlockROM2.v(12)
HDL-1007 : module 'BlockROM2' remains a black box due to errors in its contents in ../rtl/out/BlockROM2.v(1)
HDL-5007 WARNING: actual bit length 9 differs from formal bit length 8 for port 'addr_i' in ../rtl/CortexM0_SoC.v(106)
HDL-1007 : elaborate module BlockROM3(ADDR_WIDTH=8) in ../rtl/out/BlockROM3.v(1)
HDL-8007 ERROR: cannot open file 'F:/jichuangsai/week1_test/music/3.tx' in ../rtl/out/BlockROM3.v(12)
HDL-1007 : module 'BlockROM3' remains a black box due to errors in its contents in ../rtl/out/BlockROM3.v(1)
HDL-5007 WARNING: actual bit length 9 differs from formal bit length 8 for port 'addr_i' in ../rtl/CortexM0_SoC.v(117)
HDL-1007 : elaborate module AND in ../rtl/out/AND.v(23)
HDL-1007 : elaborate module tune_decoder in ../rtl/out/tune_decoder.v(1)
HDL-1007 : elaborate module tune_pwm in ../rtl/out/tune_pwm.v(1)
HDL-1007 : elaborate module beat_decoder in ../rtl/out/beat_decoder.v(1)
HDL-1007 : elaborate module beat_cnt in ../rtl/out/beat_cnt.v(1)
HDL-1007 : elaborate module Keyboard in ../../ARM_Cortex-M0-main/SD_card/SD_card/rtl/Keyboard.v(1)
HDL-1007 : elaborate module PLL in ../../ARM_Cortex-M0-main/SD_card/SD_card/prj/al_ip/PLL.v(26)
HDL-1007 : elaborate module EG_LOGIC_BUFG in E:/TD/arch/eagle_macro.v(8)
HDL-1007 : elaborate module EG_PHY_PLL(FIN="50.000",FBCLK_DIV=4,CLKC0_DIV=6,CLKC1_DIV=50,CLKC2_DIV=75,CLKC3_DIV=50,CLKC4_DIV=48,CLKC0_ENABLE="ENABLE",CLKC1_ENABLE="ENABLE",CLKC2_ENABLE="ENABLE",CLKC3_ENABLE="ENABLE",CLKC4_ENABLE="ENABLE",FEEDBK_PATH="CLKC0_EXT",CLKC0_CPHASE=5,CLKC1_CPHASE=49,CLKC2_CPHASE=74,CLKC3_CPHASE=49,CLKC4_CPHASE=47,GMC_GAIN=4,ICP_CURRENT=13,KVCO=4,LPF_CAPACITOR=1,LPF_RESISTOR=4,SYNC_ENABLE="DISABLE") in E:/TD/arch/eagle_macro.v(930)
HDL-1007 : elaborate module cortexm0ds_logic in ../rtl/cortexm0ds_logic.v(27)
HDL-1007 : elaborate module AHBlite_Interconnect in ../rtl/AHBlite_Interconnect.v(1)
HDL-1007 : elaborate module AHBlite_Decoder in ../rtl/AHBlite_Decoder.v(1)
HDL-1007 : elaborate module AHBlite_SlaveMUX in ../rtl/AHBlite_SlaveMUX.v(1)
HDL-1007 : elaborate module AHBlite_Block_RAM in ../rtl/AHBlite_Block_RAM.v(1)
HDL-5007 WARNING: actual bit length 1 differs from formal bit length 2 for port 'HRESP' in ../rtl/CortexM0_SoC.v(629)
HDL-1007 : elaborate module AHBlite_LED in ../rtl/AHBlite_LED.v(1)
HDL-5007 WARNING: actual bit length 1 differs from formal bit length 2 for port 'HRESP' in ../rtl/CortexM0_SoC.v(686)
HDL-1007 : elaborate module AHBlite_UART in ../rtl/AHBlite_UART.v(1)
HDL-1007 : elaborate module AHBlite_QN8027_IIC in ../rtl/AHBlite_QN8027_IIC.v(1)
HDL-1007 : elaborate module AHBlite_PAJ_IIC in AHBlite_PAJ_IIC.v(1)
HDL-1007 : elaborate module AHBlite_SPI in ../rtl/AHBlite_SPI.v(1)
HDL-1007 : elaborate module AHBlite_GPIO in ../rtl/GPIO_IO.v(1)
HDL-1007 : elaborate module clkuart_pwm in ../rtl/clkuart_pwm.v(2)
HDL-1007 : elaborate module UART_RX in ../rtl/UART_RX.v(1)
HDL-1007 : elaborate module UART_TX in ../rtl/UART_TX.v(1)
HDL-1007 : elaborate module FIFO in ../rtl/FIFO.v(3)
HDL-1007 : elaborate module Block_RAM in ../rtl/Block_RAM.v(1)
HDL-5007 WARNING: net 'HREADYOUT_P4' does not have a driver in ../rtl/CortexM0_SoC.v(393)
HDL-5007 WARNING: net 'HRDATA_P4[31]' does not have a driver in ../rtl/CortexM0_SoC.v(394)
HDL-5007 WARNING: net 'HRESP_P4' does not have a driver in ../rtl/CortexM0_SoC.v(395)
HDL-5007 WARNING: net 'col' does not have a driver in ../rtl/CortexM0_SoC.v(58)
RUN-1001 : Print Global Property
RUN-1001 : -------------------------------------------------------
RUN-1001 :        Parameters        |  Settings  |  Default Values  
RUN-1001 : -------------------------------------------------------
RUN-1001 :          message         |  standard  |     standard     
RUN-1001 :   mixed_pack_place_flow  |     on     |        on        
RUN-1001 :        syn_ip_flow       |    off     |       off        
RUN-1001 :          thread          |    auto    |       auto       
RUN-1001 : -------------------------------------------------------
RUN-1001 : Print Design Property
RUN-1001 : ------------------------------------------------------
RUN-1001 :        Parameters       |  Settings  |  Default Values  
RUN-1001 : ------------------------------------------------------
RUN-1001 :        infer_add        |     on     |        on        
RUN-1001 :        infer_fsm        |    off     |       off        
RUN-1001 :        infer_mult       |     on     |        on        
RUN-1001 :        infer_ram        |     on     |        on        
RUN-1001 :        infer_reg        |     on     |        on        
RUN-1001 :   infer_reg_init_value  |     on     |        on        
RUN-1001 :        infer_rom        |     on     |        on        
RUN-1001 :      infer_shifter      |    off     |       off        
RUN-1001 :         map_dram        |    auto    |       auto       
RUN-1001 : ------------------------------------------------------
RUN-1001 : Print Rtl Property
RUN-1001 : ------------------------------------------------------
RUN-1001 :        Parameters       |  Settings  |  Default Values  
RUN-1001 : ------------------------------------------------------
RUN-1001 :       compress_add      |   ripple   |      ripple      
RUN-1001 :        elf_sload        |    off     |       off        
RUN-1001 :       fix_undriven      |     0      |        0         
RUN-1001 :         flatten         |    off     |       off        
RUN-1001 :       gate_sharing      |     on     |        on        
RUN-1001 :    hdl_warning_level    |   normal   |      normal      
RUN-1001 :   impl_internal_tribuf  |     on     |        on        
RUN-1001 :      impl_set_reset     |     on     |        on        
RUN-1001 :        infer_gsr        |    off     |       off        
RUN-1001 :      keep_hierarchy     |    auto    |       auto       
RUN-1001 :        max_fanout       |    9999    |       9999       
RUN-1001 :      max_oh2bin_len     |     10     |        10        
RUN-1001 :       merge_equal       |     on     |        on        
RUN-1001 :       merge_equiv       |     on     |        on        
RUN-1001 :        merge_mux        |    off     |       off        
RUN-1001 :      min_ce_fanout      |     16     |        16        
RUN-1001 :      min_ripple_len     |    auto    |       auto       
RUN-1001 :       oh2bin_ratio      |    0.08    |       0.08       
RUN-1001 :     opt_adder_fanout    |     on     |        on        
RUN-1001 :        opt_arith        |     on     |        on        
RUN-1001 :       opt_big_gate      |    off     |       off        
RUN-1001 :        opt_const        |     on     |        on        
RUN-1001 :      opt_const_mult     |     on     |        on        
RUN-1001 :       opt_lessthan      |     on     |        on        
RUN-1001 :         opt_mux         |    off     |       off        
RUN-1001 :         opt_ram         |    high    |       high       
RUN-1001 :      rtl_sim_model      |    off     |       off        
RUN-1001 :         seq_syn         |     on     |        on        
RUN-1001 : ------------------------------------------------------
HDL-1007 : analyze verilog file ../rtl/AHBlite_Block_RAM.v
HDL-1007 : analyze verilog file ../rtl/AHBlite_Decoder.v
HDL-1007 : analyze verilog file ../rtl/AHBlite_Interconnect.v
HDL-1007 : analyze verilog file ../rtl/AHBlite_LED.v
HDL-5007 WARNING: identifier 'mode1' is used before its declaration in ../rtl/AHBlite_LED.v(38)
HDL-5007 WARNING: identifier 'mode2' is used before its declaration in ../rtl/AHBlite_LED.v(38)
HDL-5007 WARNING: identifier 'mode3' is used before its declaration in ../rtl/AHBlite_LED.v(38)
HDL-1007 : analyze verilog file ../rtl/AHBlite_Matrix_Key.v
HDL-1007 : analyze verilog file ../rtl/AHBlite_SlaveMUX.v
HDL-1007 : analyze verilog file ../rtl/Block_RAM.v
HDL-5007 WARNING: converting concatenation to assignment pattern in ../rtl/Block_RAM.v(12)
HDL-1007 : analyze verilog file ../rtl/CortexM0_SoC.v
HDL-1007 : analyze included file F:/jichuangsai/week1_test/rtl/global_def.v in ../rtl/CortexM0_SoC.v(1)
HDL-1007 : back to file '../rtl/CortexM0_SoC.v' in ../rtl/CortexM0_SoC.v(1)
HDL-5007 WARNING: 'data' is already implicitly declared on line 82 in ../rtl/CortexM0_SoC.v(122)
HDL-5007 WARNING: 'clk' is already implicitly declared on line 179 in ../rtl/CortexM0_SoC.v(200)
HDL-1007 : analyze verilog file ../rtl/cortexm0ds_logic.v
HDL-1007 : analyze verilog file ../rtl/AHBlite_QN8027_IIC.v
HDL-1007 : analyze verilog file ../rtl/AHBlite_UART.v
HDL-1007 : analyze verilog file ../rtl/clkuart_pwm.v
HDL-1007 : analyze verilog file ../rtl/UART_RX.v
HDL-1007 : analyze verilog file ../rtl/UART_TX.v
HDL-1007 : analyze verilog file ../rtl/FIFO.v
HDL-1007 : analyze verilog file ../rtl/GPIO_IO.v
HDL-1007 : analyze verilog file ../rtl/AHBlite_SPI.v
HDL-1007 : analyze verilog file ../../ARM_Cortex-M0-main/SD_card/SD_card/prj/al_ip/PLL.v
HDL-1007 : analyze verilog file ../../ARM_Cortex-M0-main/SD_card/SD_card/rtl/Keyboard.v
HDL-1007 : analyze verilog file AHBlite_PAJ_IIC.v
HDL-1007 : analyze verilog file ../rtl/out/AND.v
HDL-1007 : analyze verilog file ../rtl/out/BlockROM1.v
HDL-1007 : analyze verilog file ../rtl/out/BlockROM2.v
HDL-1007 : analyze verilog file ../rtl/out/BlockROM3.v
HDL-1007 : analyze verilog file ../rtl/out/addr_cnt.v
HDL-1007 : analyze verilog file ../rtl/out/beat_cnt.v
HDL-1007 : analyze verilog file ../rtl/out/beat_decoder.v
HDL-1007 : analyze verilog file ../rtl/out/bzmusic_ctrl.v
HDL-1007 : analyze verilog file ../rtl/out/tune_decoder.v
HDL-1007 : analyze verilog file ../rtl/out/tune_pwm.v
HDL-1007 : analyze verilog file key_16.v
