============================================================
   Tang Dynasty, V5.6.71036
      Copyright (c) 2012-2023 Anlogic Inc.
   Executable = F:/td/bin/td.exe
   Built at =   20:34:38 Mar 21 2023
   Run by =     ASUS
   Run Date =   Mon Sep 18 15:34:59 2023

   Run on =     DESKTOP-BICF4SF
============================================================
RUN-1002 : start command "download -bit CortexM0_SOC_Runs\phy_1\CortexM0_SOC.bit -mode jtag -spd 9 -sec 64 -cable 0"
PRG-2014 : Chip validation success: EAGLE_S20_BG256
RUN-1002 : start command "bit_to_vec -chip EAGLE_S20_BG256 -m jtag_burst -freq 12 -bit CortexM0_SOC_Runs/phy_1/CortexM0_SOC.bit"
RUN-1002 : start command "program -cable 0 -mode svf -spd 9 -p"
RUN-1003 : finish command "program -cable 0 -mode svf -spd 9 -p" in  7.393257s wall, 0.062500s user + 0.093750s system = 0.156250s CPU (2.1%)

RUN-1004 : used memory is 201 MB, reserved memory is 168 MB, peak memory is 232 MB
RUN-1003 : finish command "download -bit CortexM0_SOC_Runs\phy_1\CortexM0_SOC.bit -mode jtag -spd 9 -sec 64 -cable 0" in  7.966272s wall, 0.234375s user + 0.093750s system = 0.328125s CPU (4.1%)

RUN-1004 : used memory is 201 MB, reserved memory is 168 MB, peak memory is 232 MB
GUI-1001 : Downloading succeeded!
RUN-1002 : start command "download -bit CortexM0_SOC_Runs\phy_1\CortexM0_SOC.bit -mode jtag -spd 9 -sec 64 -cable 0"
PRG-2014 : Chip validation success: EAGLE_S20_BG256
RUN-1002 : start command "bit_to_vec -chip EAGLE_S20_BG256 -m jtag_burst -freq 12 -bit CortexM0_SOC_Runs/phy_1/CortexM0_SOC.bit"
RUN-1002 : start command "program -cable 0 -mode svf -spd 9 -p"
RUN-1003 : finish command "program -cable 0 -mode svf -spd 9 -p" in  7.364846s wall, 0.125000s user + 0.078125s system = 0.203125s CPU (2.8%)

RUN-1004 : used memory is 196 MB, reserved memory is 165 MB, peak memory is 232 MB
RUN-1003 : finish command "download -bit CortexM0_SOC_Runs\phy_1\CortexM0_SOC.bit -mode jtag -spd 9 -sec 64 -cable 0" in  7.706398s wall, 0.296875s user + 0.109375s system = 0.406250s CPU (5.3%)

RUN-1004 : used memory is 196 MB, reserved memory is 166 MB, peak memory is 232 MB
GUI-1001 : Downloading succeeded!
