============================================================
   Tang Dynasty, V5.6.71036
      Copyright (c) 2012-2023 Anlogic Inc.
   Executable = F:/td/bin/td.exe
   Built at =   20:34:38 Mar 21 2023
   Run by =     ASUS
   Run Date =   Mon Sep 25 19:19:23 2023

   Run on =     DESKTOP-BICF4SF
============================================================
RUN-1002 : start command "download -bit CortexM0_SOC_Runs\phy_1\CortexM0_SOC.bit -mode jtag -spd 9 -sec 64 -cable 0"
PRG-2014 : Chip validation success: EAGLE_S20_BG256
RUN-1002 : start command "bit_to_vec -chip EAGLE_S20_BG256 -m jtag_burst -freq 12 -bit CortexM0_SOC_Runs/phy_1/CortexM0_SOC.bit"
RUN-1002 : start command "program -cable 0 -mode svf -spd 9 -p"
RUN-1003 : finish command "program -cable 0 -mode svf -spd 9 -p" in  7.215063s wall, 0.078125s user + 0.062500s system = 0.140625s CPU (1.9%)

RUN-1004 : used memory is 193 MB, reserved memory is 161 MB, peak memory is 223 MB
RUN-1003 : finish command "download -bit CortexM0_SOC_Runs\phy_1\CortexM0_SOC.bit -mode jtag -spd 9 -sec 64 -cable 0" in  7.592698s wall, 0.250000s user + 0.078125s system = 0.328125s CPU (4.3%)

RUN-1004 : used memory is 193 MB, reserved memory is 162 MB, peak memory is 223 MB
GUI-1001 : Downloading succeeded!
RUN-1002 : start command "download -bit CortexM0_SOC_Runs\phy_1\CortexM0_SOC.bit -mode jtag -spd 9 -sec 64 -cable 0"
PRG-2014 : Chip validation success: EAGLE_S20_BG256
RUN-1002 : start command "bit_to_vec -chip EAGLE_S20_BG256 -m jtag_burst -freq 12 -bit CortexM0_SOC_Runs/phy_1/CortexM0_SOC.bit"
RUN-1002 : start command "program -cable 0 -mode svf -spd 9 -p"
RUN-1003 : finish command "program -cable 0 -mode svf -spd 9 -p" in  7.215507s wall, 0.156250s user + 0.015625s system = 0.171875s CPU (2.4%)

RUN-1004 : used memory is 191 MB, reserved memory is 162 MB, peak memory is 223 MB
RUN-1003 : finish command "download -bit CortexM0_SOC_Runs\phy_1\CortexM0_SOC.bit -mode jtag -spd 9 -sec 64 -cable 0" in  7.527471s wall, 0.265625s user + 0.062500s system = 0.328125s CPU (4.4%)

RUN-1004 : used memory is 191 MB, reserved memory is 162 MB, peak memory is 223 MB
GUI-1001 : Downloading succeeded!
