============================================================
   Tang Dynasty, V5.0.30786
   Copyright:   Shanghai Anlogic Infotech Co., Ltd.
                2011 - 2021
   Executable = E:/TD/bin/td.exe
   Run by =     ASUS
   Run Date =   Wed Apr  5 20:27:36 2023

   Run on =     DESKTOP-BICF4SF
============================================================
RUN-1002 : start command "import_device eagle_s20.db -package BG256"
ARC-1001 : Device Initialization.
ARC-1001 : ------------------------------------------------------------------
ARC-1001 :            OPTION            |          IO          |   SETTING   
ARC-1001 : ------------------------------------------------------------------
ARC-1001 :   cso_b/cclk/mosi/miso/dout  |  T3/R11/T10/P10/S11  |    gpio    
ARC-1001 :             done             |         P13          |    gpio    
ARC-1001 :           program_b          |          T2          |  dedicate  
ARC-1001 :        tdi/tms/tck/tdo       |   C12/A15/C14/E14    |  dedicate  
ARC-1001 : ------------------------------------------------------------------
ARC-1004 : Device setting, marked 5 dedicate IOs in total.
RUN-1002 : start command "import_db CortexM0_SOC_pr.db"
RUN-1001 : Importing database generated by Tang Dynasty, V5.0.30786.
RUN-1001 : Database version number 46126.
RUN-1001 : Import timing constraints
RUN-1001 : Import IO constraints
RUN-1001 : Import Inst constraints
RUN-6014 WARNING: Importing design, skipped an obsolete step parameter place:timing_factor.
RUN-6014 WARNING: Importing design, skipped an obsolete step parameter route:least_critical_net_perc.
RUN-6014 WARNING: Importing design, skipped an obsolete step parameter route:most_critical_net_perc.
RUN-6014 WARNING: Importing design, skipped an obsolete step parameter route:tactics.
RUN-1001 : Import flow parameters
RUN-1003 : finish command "import_db CortexM0_SOC_pr.db" in  5.432131s wall, 5.375000s user + 0.234375s system = 5.609375s CPU (103.3%)

RUN-1004 : used memory is 622 MB, reserved memory is 567 MB, peak memory is 957 MB
Oops! 'Signal Segmentation Violation' raised. The backtrace:
[bt] (4)_chkstk
[bt] (5)RtlRestoreContext
[bt] (6)KiUserExceptionDispatcher
[bt] (7)QAccessibleObject::~QAccessibleObject
[bt] (8)QAccessibleWidget::~QAccessibleWidget
[bt] (9)QMetaObject::activate
[bt] (10)QObject::destroyed
[bt] (11)QWidget::~QWidget
[bt] (12)QMdiSubWindow::~QMdiSubWindow
[bt] (13)QObjectPrivate::deleteChildren
[bt] (14)QWidget::~QWidget
[bt] (15)QFileSystemModel::`default constructor closure'
[bt] (16)QObjectPrivate::deleteChildren
[bt] (17)QWidget::~QWidget
[bt] (18)QWidgetLineControl::`default constructor closure'
[bt] (19)QObjectPrivate::deleteChildren
[bt] (20)QWidget::~QWidget
[bt] (22)QWidgetAction::~QWidgetAction
[bt] (23)QWidgetAction::~QWidgetAction
[bt] (24)QObjectPrivate::deleteChildren
[bt] (25)QWidget::~QWidget
[bt] (26)QToolBar::~QToolBar
[bt] (27)QObjectPrivate::deleteChildren
[bt] (28)QWidget::~QWidget
[bt] (30)QObject::event
[bt] (31)QWidget::event
[bt] (32)QMainWindow::event
[bt] (33)QApplicationPrivate::notify_helper
[bt] (34)QApplication::notify
[bt] (35)QCoreApplication::notifyInternal2
[bt] (36)QCoreApplicationPrivate::sendPostedEvents
[bt] (37)qt_plugin_query_metadata
[bt] (38)QEventDispatcherWin32::processEvents
[bt] (39)CallWindowProcW
[bt] (40)DispatchMessageW
[bt] (41)QEventDispatcherWin32::processEvents
[bt] (42)qt_plugin_query_metadata
[bt] (43)QEventLoop::exec
[bt] (44)QCoreApplication::exec
[bt] (48)BaseThreadInitThunk
[bt] (49)RtlUserThreadStart

