============================================================
   Tang Dynasty, V5.6.71036
      Copyright (c) 2012-2023 Anlogic Inc.
   Executable = F:/td/bin/td.exe
   Built at =   20:34:38 Mar 21 2023
   Run by =     ASUS
   Run Date =   Wed Oct 11 11:27:35 2023

   Run on =     DESKTOP-BICF4SF
============================================================
RUN-1001 : reset_run syn_1 phy_1.
RUN-6001 WARNING: Failed to reset phy_1: some files can't be removed in F:/jichuangsai/final/td/prj/CortexM0_SOC_Runs/phy_1
RUN-6001 WARNING: Failed to reset syn_1: some files can't be removed in F:/jichuangsai/final/td/prj/CortexM0_SOC_Runs/syn_1
RUN-1001 : launch_runs syn_1 phy_1  -jobs 6.
RUN-1001 : syn_1: run complete.
RUN-1001 : stop_run phy_1.
RUN-1001 : reset_run phy_1 -step opt_route.
RUN-1001 : phy_1: run complete.
RUN-1001 : open_run phy_1.
RUN-1002 : start command "import_db F:/jichuangsai/final/td/prj/CortexM0_SOC_Runs/phy_1/CortexM0_SOC_place.db"
RUN-1001 : Importing database generated by Tang Dynasty, V5.6.71036.
RUN-1001 : Database version number 46146.
RUN-1001 : Import flow parameters
RUN-1001 : Import timing constraints
RUN-1001 : Import IO constraints
RUN-1001 : Import Inst constraints
RUN-1001 : Import design success TD_VERSION=5.6.71036 , DB_VERSION=46146
RUN-1003 : finish command "import_db F:/jichuangsai/final/td/prj/CortexM0_SOC_Runs/phy_1/CortexM0_SOC_place.db" in  2.319128s wall, 2.234375s user + 0.093750s system = 2.328125s CPU (100.4%)

RUN-1004 : used memory is 328 MB, reserved memory is 298 MB, peak memory is 332 MB
